1mcnp     version 4c2   ld=01/20/01                      04/14/19 22:51:46
 *************************************************************************                 probid =   04/14/19 22:51:46
 inp=Ex1.ip outp=Ex1.out                                                         

    1-       Hoi Yeung Wong - Monte Carlo Radiation Transport 2018/19 MCNP Assessment        
    2-       C Created by Ocean Wong (Hoi Yeung Wong)                                        
    3-       C Institution: University of Birmingham                                         
    4-       C Course: MSc PTNR                                                              
    5-       C Student ID: 1625143                                                           
    6-       C Created      : 2019-03-06                                                     
    7-       C Last modified: 2019-04-14                                                     
    8-       C                                                                               
    9-       C ____Cells and importance ____                                                 
   10-       1    1 -1.00 (11 -12 13 -14 15 -16) imp:n=1 $ Water                             
   11-       2    2 -7.92 (21 -22 23 -24 25 -26) (-11:12:-13:14:-15) imp:n=1 $Tank           
   12-       3    0       (11 -12 13 -14 16 -26) imp:n=1 $ void above water                  
   13-       C imp!=0 to allow neutrons to re-enter the SS can.                              
   14-       4    0       (-21:22:-23:24:-25:26) imp:n=0 $ Void outside                      
   15-                                                                                       
   16-       C ____ Surface definitions ____                                                 
   17-       C Wetted surfaces, and free surface of water.                                   
   18-       11   PX  -5.0 $ Long side  (left )                                              
   19-       12   PX   5.0 $ Long side  (right)                                              
   20-       13   PY -10.0 $ Short side (near side)                                          
   21-       14   PY  10.0 $ Short side ( far side)                                          
   22-       15   PZ -9.80 $ Base       ( internal)                                          
   23-       16   PZ  9.00 $ Water level                                                     
   24-       C Stainless steel tank exterior surface                                         
   25-       21   PX  -5.2 $ Long side  (left )                                              
   26-       22   PX   5.2 $ Long side  (right)                                              
   27-       23   PY -10.2 $ Short side (near side)                                          
   28-       24   PY  10.2 $ Short side ( far side)                                          
   29-       25   PZ -10.0 $ Base       ( external)                                          
   30-       26   PZ  10.0 $ Top        (of the rims)                                        
   31-                                                                                       
   32-       C ____Materials definitions____                                                 
   33-       C Water                                                                         
   34-       M1    1001.42c -0.11190 $ H-1  and mass fraction                                
   35-             8016.42c -0.88810 $ O-16 and mass fraction                                
   36-       C stainless steel, data retrieved from the endf60 database.                     
   37-       M2   24000.42c -0.18000 $ 18% Cr content                                        
   38-            26000.42c -0.74000 $ 74% Fe                                                
   39-            28000.42c -0.08000 $ 08% Ni content                                        
   40-       C                                                                               
   41-       C ____Mode card____                                                             
   42-       C Assume photoneutron production rate is negligible, so ignore photons          
   43-       Mode N $ Importances has already been defined above                             
   44-       C                                                                               
   45-       C ____Source definitions___                                                     
   46-       C Simple point source 2cm above the internal (wetted) base                      
   47-       SDEF POS=0.0 0.0 -7.8 ERG=D1 PAR=1                                              
   48-       SP1  -3 0.988 2.249 $Watt spectrum with param's for n(thm)+U235                 
   49-       C SI1 card not required because the Watt spectrum already defined this.         
   50-       C                                                                               
   51-       C ____Tallies____                                                               
   52-       E0   1E-9 1E-8 1E-7 1E-6 1E-5 1E-4 1E-3 1E-2 1E-1 1E0 1E1                       
   53-       FC12  Surface neutron fluxes over the long external vertical sides.             
   54-       F12:N (21 22)                                                                   
   55-       FC22  Surface neutron fluxes over the short external vertical sides.            
   56-       F22:N (23 24)                                                                   
   57-       FC32  Surface neutron fluxes over the external base.                            
   58-       F32:N 25                                                                        
   59-       C                                                                               
   60-       C ____Other control commands____                                                
   61-       PRINT 110 $ Check the location and energies of the first 50 particles           
   62-       NPS  5000 $ Run for 5000 particles                                              
   63-       CTME 1    $ Run for a maximum of 1 minute                                       
1cells                                                                                                  print table 60

                      atom        gram                                     neutron                                     
        cell  mat    density     density     volume       mass     pieces importance                                   

     1     1    1  1.00300E-01 1.00000E+00 3.76000E+03 3.76000E+03     0  1.0000E+00                                   
     2     2    2  8.62096E-02 7.92000E+00 2.83200E+02 2.24294E+03     0  1.0000E+00                                   
     3     3    0  0.00000E+00 0.00000E+00 2.00000E+02 0.00000E+00     0  1.0000E+00                                   
     4     4    0  0.00000E+00 0.00000E+00 0.00000E+00 0.00000E+00     0  0.0000E+00                                   

 total                                     4.24320E+03 6.00294E+03


 random number control    0.727343232450560E+14

    minimum source weight = 1.0000E+00    maximum source weight = 1.0000E+00
1cross-section tables                                                                                   print table 100

     table    length

                        tables from file endl92                                                          

   1001.42c    1396   ENDL library name:  nd920609  MCNP translation:  930914 12:03:33                       920205    
                     temperature = 2.5860E-08 adjusted to 2.5300E-08
   8016.42c    5374   ENDL library name:  nd920609  MCNP translation:  930914 12:03:33                       911219    
                     temperature = 2.5860E-08 adjusted to 2.5300E-08
  24000.42c    8945   ENDL library name:  nd920609  MCNP translation:  930914 12:03:33                       911219    
                     temperature = 2.5860E-08 adjusted to 2.5300E-08
  26000.42c   18461   ENDL library name:  nd920609  MCNP translation:  930914 12:03:33                       911219    
                     temperature = 2.5860E-08 adjusted to 2.5300E-08
  28000.42c   25438   ENDL library name:  nd920609  MCNP translation:  930914 12:03:33                       911219    
                     temperature = 2.5860E-08 adjusted to 2.5300E-08

  total       59614
 
 warning.  neutron energy cutoff is below some cross-section tables.
 
 warning.     5 cross sections modified by free gas thermal treatment.





 decimal words of dynamically allocated storage

     general               6492
     tallies              19944
     bank                 46724
     cross sections      119228

     total               180796     =      723184 bytes

     available (mdas)   4000000

 ***********************************************************************************************************************
 dump no.    1 on file runtpe       nps =         0     coll =              0     ctm =    0.00     nrn =              0


         2 warning messages so far.
1   starting mcrun.       dynamic storage =    180800 words,     723200 bytes.      cp0 =  0.00         print table 110

      Hoi Yeung Wong - Monte Carlo Radiation Transport 2018/19 MCNP Assessment        


     nps    x          y          z       cell   surf     u          v          w        energy     weight      time
 
      1  0.000E+00  0.000E+00 -7.800E+00     1      0 -9.430E-01  1.028E-01  3.166E-01  1.746E+00  1.000E+00  0.000E+00
      2  0.000E+00  0.000E+00 -7.800E+00     1      0 -8.244E-02 -9.427E-01 -3.233E-01  4.601E-01  1.000E+00  0.000E+00
      3  0.000E+00  0.000E+00 -7.800E+00     1      0 -7.618E-01 -6.038E-01 -2.346E-01  2.009E+00  1.000E+00  0.000E+00
      4  0.000E+00  0.000E+00 -7.800E+00     1      0 -8.276E-01 -1.542E-01 -5.398E-01  1.969E+00  1.000E+00  0.000E+00
      5  0.000E+00  0.000E+00 -7.800E+00     1      0  7.831E-01 -1.660E-01 -5.994E-01  1.108E+00  1.000E+00  0.000E+00
      6  0.000E+00  0.000E+00 -7.800E+00     1      0 -8.262E-01  4.814E-01  2.925E-01  1.662E+00  1.000E+00  0.000E+00
      7  0.000E+00  0.000E+00 -7.800E+00     1      0  3.703E-02  9.959E-01  8.298E-02  1.375E+00  1.000E+00  0.000E+00
      8  0.000E+00  0.000E+00 -7.800E+00     1      0 -4.714E-01 -6.124E-01 -6.346E-01  9.148E-01  1.000E+00  0.000E+00
      9  0.000E+00  0.000E+00 -7.800E+00     1      0  4.995E-01 -1.108E-01  8.592E-01  4.752E-01  1.000E+00  0.000E+00
     10  0.000E+00  0.000E+00 -7.800E+00     1      0 -4.993E-01 -5.038E-01 -7.050E-01  2.016E+00  1.000E+00  0.000E+00
     11  0.000E+00  0.000E+00 -7.800E+00     1      0 -4.723E-01  5.705E-01  6.719E-01  2.441E+00  1.000E+00  0.000E+00
     12  0.000E+00  0.000E+00 -7.800E+00     1      0 -8.354E-03  9.954E-01  9.552E-02  1.916E+00  1.000E+00  0.000E+00
     13  0.000E+00  0.000E+00 -7.800E+00     1      0  1.374E-01  3.418E-02  9.899E-01  3.101E+00  1.000E+00  0.000E+00
     14  0.000E+00  0.000E+00 -7.800E+00     1      0  5.151E-01 -8.011E-02  8.534E-01  2.221E+00  1.000E+00  0.000E+00
     15  0.000E+00  0.000E+00 -7.800E+00     1      0  3.734E-01 -8.859E-01  2.752E-01  1.167E+00  1.000E+00  0.000E+00
     16  0.000E+00  0.000E+00 -7.800E+00     1      0 -1.418E-01  9.037E-01 -4.040E-01  4.253E+00  1.000E+00  0.000E+00
     17  0.000E+00  0.000E+00 -7.800E+00     1      0 -9.929E-01 -1.165E-01 -2.391E-02  2.322E+00  1.000E+00  0.000E+00
     18  0.000E+00  0.000E+00 -7.800E+00     1      0 -4.506E-01  5.114E-01  7.317E-01  8.948E-01  1.000E+00  0.000E+00
     19  0.000E+00  0.000E+00 -7.800E+00     1      0 -1.838E-02 -6.229E-01  7.821E-01  1.567E+00  1.000E+00  0.000E+00
     20  0.000E+00  0.000E+00 -7.800E+00     1      0 -5.347E-01 -8.270E-01  1.736E-01  3.547E-01  1.000E+00  0.000E+00
     21  0.000E+00  0.000E+00 -7.800E+00     1      0 -5.539E-01  6.585E-01 -5.094E-01  4.152E-01  1.000E+00  0.000E+00
     22  0.000E+00  0.000E+00 -7.800E+00     1      0  9.244E-01  3.642E-01 -1.131E-01  1.843E+00  1.000E+00  0.000E+00
     23  0.000E+00  0.000E+00 -7.800E+00     1      0 -6.813E-01 -5.866E-01 -4.379E-01  5.966E-01  1.000E+00  0.000E+00
     24  0.000E+00  0.000E+00 -7.800E+00     1      0  8.710E-01  1.299E-01  4.739E-01  9.538E-01  1.000E+00  0.000E+00
     25  0.000E+00  0.000E+00 -7.800E+00     1      0  2.531E-01 -9.243E-01  2.858E-01  1.429E+00  1.000E+00  0.000E+00
     26  0.000E+00  0.000E+00 -7.800E+00     1      0  2.244E-01  9.723E-01  6.497E-02  2.477E+00  1.000E+00  0.000E+00
     27  0.000E+00  0.000E+00 -7.800E+00     1      0 -3.163E-01 -9.343E-01 -1.645E-01  5.849E-01  1.000E+00  0.000E+00
     28  0.000E+00  0.000E+00 -7.800E+00     1      0  1.472E-01 -9.514E-01  2.705E-01  4.031E+00  1.000E+00  0.000E+00
     29  0.000E+00  0.000E+00 -7.800E+00     1      0 -3.449E-01 -7.183E-01 -6.043E-01  2.555E+00  1.000E+00  0.000E+00
     30  0.000E+00  0.000E+00 -7.800E+00     1      0 -7.427E-01  4.420E-01 -5.031E-01  8.528E-01  1.000E+00  0.000E+00
     31  0.000E+00  0.000E+00 -7.800E+00     1      0  5.991E-01  2.347E-02  8.003E-01  8.906E-01  1.000E+00  0.000E+00
     32  0.000E+00  0.000E+00 -7.800E+00     1      0  5.141E-01 -6.626E-01  5.447E-01  1.997E+00  1.000E+00  0.000E+00
     33  0.000E+00  0.000E+00 -7.800E+00     1      0  9.767E-01 -2.074E-01  5.564E-02  1.885E+00  1.000E+00  0.000E+00
     34  0.000E+00  0.000E+00 -7.800E+00     1      0  4.302E-01  2.974E-01 -8.523E-01  2.397E-01  1.000E+00  0.000E+00
     35  0.000E+00  0.000E+00 -7.800E+00     1      0  8.995E-01  4.352E-01 -3.994E-02  4.415E-01  1.000E+00  0.000E+00
     36  0.000E+00  0.000E+00 -7.800E+00     1      0  9.302E-01 -2.691E-02  3.660E-01  4.768E+00  1.000E+00  0.000E+00
     37  0.000E+00  0.000E+00 -7.800E+00     1      0 -1.867E-01  9.756E-01 -1.155E-01  2.370E+00  1.000E+00  0.000E+00
     38  0.000E+00  0.000E+00 -7.800E+00     1      0  1.134E-01 -8.691E-01  4.815E-01  1.139E+00  1.000E+00  0.000E+00
     39  0.000E+00  0.000E+00 -7.800E+00     1      0 -1.946E-01 -9.777E-01 -7.886E-02  2.349E+00  1.000E+00  0.000E+00
     40  0.000E+00  0.000E+00 -7.800E+00     1      0  1.886E-01 -9.701E-01  1.529E-01  3.201E+00  1.000E+00  0.000E+00
     41  0.000E+00  0.000E+00 -7.800E+00     1      0  8.902E-01 -2.416E-01  3.863E-01  2.729E+00  1.000E+00  0.000E+00
     42  0.000E+00  0.000E+00 -7.800E+00     1      0  5.039E-01 -1.460E-01  8.513E-01  4.398E+00  1.000E+00  0.000E+00
     43  0.000E+00  0.000E+00 -7.800E+00     1      0 -8.588E-01  5.123E-01  9.803E-03  1.819E+00  1.000E+00  0.000E+00
     44  0.000E+00  0.000E+00 -7.800E+00     1      0  7.015E-01  5.832E-01  4.096E-01  4.848E-01  1.000E+00  0.000E+00
     45  0.000E+00  0.000E+00 -7.800E+00     1      0  1.309E-02 -7.521E-01 -6.589E-01  1.897E+00  1.000E+00  0.000E+00
     46  0.000E+00  0.000E+00 -7.800E+00     1      0 -5.343E-01 -2.166E-01  8.171E-01  3.839E+00  1.000E+00  0.000E+00
     47  0.000E+00  0.000E+00 -7.800E+00     1      0  1.474E-01 -9.044E-01 -4.005E-01  7.878E-01  1.000E+00  0.000E+00
     48  0.000E+00  0.000E+00 -7.800E+00     1      0 -5.783E-01  5.842E-01  5.694E-01  1.659E-01  1.000E+00  0.000E+00
     49  0.000E+00  0.000E+00 -7.800E+00     1      0  1.459E-01 -7.580E-01 -6.357E-01  6.634E-01  1.000E+00  0.000E+00
     50  0.000E+00  0.000E+00 -7.800E+00     1      0  4.058E-01 -5.934E-01 -6.951E-01  3.626E+00  1.000E+00  0.000E+00
 warning.  tally not scored beyond last energy bin.                    
 nps =      2946     nrn =         1069844     tal =   12     erg = 1.0309E+01      
1problem summary                                                                                                       

      run terminated when      5000 particle histories were done.
+                                                                                                     04/14/19 22:51:46
      Hoi Yeung Wong - Monte Carlo Radiation Transport 2018/19 MCNP Assessment             probid =   04/14/19 22:51:46
0
 neutron creation    tracks      weight        energy            neutron loss        tracks      weight        energy
                                 (per source particle)                                           (per source particle)

 source                5000    1.0000E+00    1.9974E+00          escape                4915    8.9405E-01    9.0986E-01
                                                                 energy cutoff            0    0.            0.        
                                                                 time cutoff              0    0.            0.        
 weight window            0    0.            0.                  weight window            0    0.            0.        
 cell importance          0    0.            0.                  cell importance          0    0.            0.        
 weight cutoff            0    4.9518E-03    1.6841E-10          weight cutoff           85    4.0648E-03    1.3536E-10
 energy importance        0    0.            0.                  energy importance        0    0.            0.        
 dxtran                   0    0.            0.                  dxtran                   0    0.            0.        
 forced collisions        0    0.            0.                  forced collisions        0    0.            0.        
 exp. transform           0    0.            0.                  exp. transform           0    0.            0.        
 upscattering             0    0.            1.1453E-07          downscattering           0    0.            1.0805E+00
 photonuclear             0    0.            0.                  capture                  0    1.0684E-01    7.0790E-03
 (n,xn)                   0    0.            0.                  loss to (n,xn)           0    0.            0.        
 prompt fission           0    0.            0.                  loss to fission          0    0.            0.        
 delayed fission          0    0.            0.                                                                        
     total             5000    1.0050E+00    1.9974E+00              total             5000    1.0050E+00    1.9974E+00

   number of neutrons banked                       0        average time of (shakes)              cutoffs
   neutron tracks per source particle     1.0000E+00          escape            1.2883E+03          tco   1.0000E+34
   neutron collisions per source particle 2.2070E+01          capture           7.1990E+03          eco   0.0000E+00
   total neutron collisions                   110349          capture or escape 1.9193E+03          wc1  -5.0000E-01
   net multiplication              1.0000E+00 0.0000          any termination   2.0279E+03          wc2  -2.5000E-01

 computer time so far in this run     0.01 minutes            maximum number ever in bank         0
 computer time in mcrun               0.00 minutes            bank overflows to backup file       0
 source particles per minute            3.0000E+05            dynamic storage    180800 words,     723200 bytes.
 random numbers generated                  1846389            most random numbers used was     5919 in history     2125

 range of sampled source weights = 1.0000E+00 to 1.0000E+00
1neutron  activity in each cell                                                                         print table 126

                 tracks     population   collisions   collisions     number        flux        average      average
        cell    entering                               * weight     weighted     weighted   track weight   track mfp
                                                    (per history)    energy       energy     (relative)      (cm)

     1     1        5405         5000       109166    1.6886E+01   2.7323E-04   7.1417E-01   8.5368E-01   1.6786E+00
     2     2        5303         4911         1183    2.0048E-01   5.8737E-04   9.0253E-01   8.9898E-01   2.5565E+00
     3     3          42           42            0    0.0000E+00   1.5158E-04   5.4210E-01   7.1910E-01   0.0000E+00

     total         10750         9953       110349    1.7087E+01
1tally  12        nps =     5000
+                                    Surface neutron fluxes over the long external vertical sides.             
           tally type 2    particle flux averaged over a surface.       units   1/cm**2   
           tally for  neutrons 

           areas   
                surface:    (21 22)                                                                                
                         8.16000E+02
 
 surface (21 22)                                                                                                       
      energy
    1.0000E-09   1.06978E-07 0.9999
    1.0000E-08   7.20095E-06 0.2267
    1.0000E-07   1.61528E-04 0.0509
    1.0000E-06   5.67092E-05 0.1167
    1.0000E-05   2.74668E-05 0.1260
    1.0000E-04   3.70510E-05 0.1739
    1.0000E-03   4.15627E-05 0.1653
    1.0000E-02   3.93737E-05 0.1211
    1.0000E-01   5.39678E-05 0.1012
    1.0000E+00   1.36500E-04 0.0666
    1.0000E+01   2.15275E-04 0.0479
      total      7.76742E-04 0.0243

 fom = (histories/minute)*(f(x) signal-to-noise ratio)**2 = (1.370E+06)*( 5.818E-01)**2 = (1.370E+06)*(3.385E-01) = 4.636E+05
1tally  22        nps =     5000
+                                    Surface neutron fluxes over the short external vertical sides.            
           tally type 2    particle flux averaged over a surface.       units   1/cm**2   
           tally for  neutrons 

           areas   
                surface:    (23 24)                                                                                
                         4.16000E+02
 
 surface (23 24)                                                                                                       
      energy
    1.0000E-09   0.00000E+00 0.0000
    1.0000E-08   4.02351E-06 0.5225
    1.0000E-07   6.59625E-05 0.1086
    1.0000E-06   1.69584E-05 0.2249
    1.0000E-05   8.88156E-06 0.2879
    1.0000E-04   1.00477E-05 0.3839
    1.0000E-03   1.72964E-05 0.2911
    1.0000E-02   2.14170E-05 0.4761
    1.0000E-01   1.11224E-05 0.2834
    1.0000E+00   5.02825E-05 0.1740
    1.0000E+01   7.05245E-05 0.1597
      total      2.76516E-04 0.0743

 fom = (histories/minute)*(f(x) signal-to-noise ratio)**2 = (1.370E+06)*( 1.904E-01)**2 = (1.370E+06)*(3.626E-02) = 4.966E+04
1tally  32        nps =     5000
+                                    Surface neutron fluxes over the external base.                            
           tally type 2    particle flux averaged over a surface.       units   1/cm**2   
           tally for  neutrons 

           areas   
                surface:      25                                                                                   
                         2.12160E+02
 
 surface  25                                                                                                           
      energy
    1.0000E-09   0.00000E+00 0.0000
    1.0000E-08   1.39115E-05 0.2879
    1.0000E-07   3.16108E-04 0.0873
    1.0000E-06   1.33339E-04 0.1995
    1.0000E-05   1.17411E-04 0.1936
    1.0000E-04   1.31913E-04 0.1192
    1.0000E-03   1.52731E-04 0.1221
    1.0000E-02   2.03244E-04 0.1006
    1.0000E-01   2.67473E-04 0.0890
    1.0000E+00   8.96653E-04 0.0519
    1.0000E+01   1.21865E-03 0.0385
      total      3.45143E-03 0.0226

 fom = (histories/minute)*(f(x) signal-to-noise ratio)**2 = (1.370E+06)*( 6.259E-01)**2 = (1.370E+06)*(3.918E-01) = 5.365E+05
1    some tally scores were not made for various reasons:

                                  beyond last bin     not in
                   tally      angle   energy   time    user         
                     12          0       1       0       0
1status of the statistical checks used to form confidence intervals for the mean for each tally bin


 tally   result of statistical checks for the tfc bin (the first check not passed is listed) and error magnitude check for all bins

    12   missed  3 of 10 tfc bin checks: the variance of the variance does not monotonically decrease over the last half of problem
         missed all bin error check:    12 tally bins had     0 bins with zeros and     8 bins with relative errors exceeding 0.10

    22   missed  4 of 10 tfc bin checks: the variance of the variance does not monotonically decrease over the last half of problem
         missed all bin error check:    12 tally bins had     1 bins with zeros and    10 bins with relative errors exceeding 0.10

    32   missed  4 of 10 tfc bin checks: the variance of the variance does not monotonically decrease over the last half of problem
         missed all bin error check:    12 tally bins had     1 bins with zeros and     6 bins with relative errors exceeding 0.10


 the 10 statistical checks are only for the tally fluctuation chart bin and do not apply to other tally bins.

 the tally bins with zeros may or may not be correct: compare the source, cutoffs, multipliers, et cetera with the tally bins.

 warning.     3 of the   3 tally fluctuation chart bins did not pass all 10 statistical checks.
 warning.     3 of the   3 tallies had bins with relative errors greater than recommended.
1tally fluctuation charts                         

                       tally   12                                tally   22                                tally   32
       nps      mean     error   vov  slope    fom      mean     error   vov  slope    fom      mean     error   vov  slope    fom
      1000   7.4478E-04 0.0462 0.0125  0.0  673099   2.8481E-04 0.1314 0.0701  0.0   83256   3.3727E-03 0.0420 0.0065  0.0  816753
      2000   7.6937E-04 0.0344 0.0310  4.4  619463   2.9541E-04 0.1191 0.2244  0.0   51516   3.5033E-03 0.0357 0.0383  3.3  572949
      3000   7.6805E-04 0.0299 0.0264  4.0  515414   2.9302E-04 0.1045 0.1522  0.0   42269   3.4879E-03 0.0274 0.0224  3.4  613207
      4000   7.7848E-04 0.0272 0.0235  3.0  463941   2.9387E-04 0.0839 0.1158  0.0   48659   3.4677E-03 0.0245 0.0194  3.1  569561
      5000   7.7674E-04 0.0243 0.0195  3.0  463597   2.7652E-04 0.0743 0.0989  0.0   49660   3.4514E-03 0.0226 0.0167  2.7  536535

 ***********************************************************************************************************************
 dump no.    2 on file runtpe       nps =      5000     coll =         110349     ctm =    0.00     nrn =        1846389


         5 warning messages so far.


 run terminated when      5000 particle histories were done.

 computer time =    0.01 minutes

 mcnp     version 4c2   01/20/01                      04/14/19 22:51:46                    probid =   04/14/19 22:51:46
