1mcnp     version 4c2   ld=01/20/01                      04/17/19 13:28:15
 *************************************************************************                 probid =   04/17/19 13:28:15
 inp=Ex1.ip outp=Ex1.out                                                         

    1-       Hoi Yeung Wong - Monte Carlo Radiation Transport 2018/19 MCNP Assessment 1      
    2-       C Created by Ocean Wong (Hoi Yeung Wong)                                        
    3-       C Institution: University of Birmingham                                         
    4-       C Course: MSc PTNR                                                              
    5-       C Student ID: 1625143                                                           
    6-       C Created      : 2019-03-06                                                     
    7-       C Last modified: 2019-04-14                                                     
    8-       C                                                                               
    9-       C ____Cells and importance ____                                                 
   10-       1    1 -1.00 (11 -12 13 -14 15 -16) imp:n=1 $ Water                             
   11-       2    2 -7.92 (21 -22 23 -24 25 -26) (-11:12:-13:14:-15) imp:n=1 $Tank           
   12-       3    0       (11 -12 13 -14 16 -26) imp:n=1 $ void above water                  
   13-       C imp!=0 to allow neutrons to re-enter the SS can.                              
   14-       4    0       (-21:22:-23:24:-25:26) imp:n=0 $ Void outside                      
   15-                                                                                       
   16-       C ____ Surface definitions ____                                                 
   17-       C Wetted surfaces, and free surface of water.                                   
   18-       11   PX  -5.0 $ Long side  (left )                                              
   19-       12   PX   5.0 $ Long side  (right)                                              
   20-       13   PY -10.0 $ Short side (near side)                                          
   21-       14   PY  10.0 $ Short side ( far side)                                          
   22-       15   PZ -9.80 $ Base       ( internal)                                          
   23-       16   PZ  9.00 $ Water level                                                     
   24-       C Stainless steel tank exterior surface                                         
   25-       21   PX  -5.2 $ Long side  (left )                                              
   26-       22   PX   5.2 $ Long side  (right)                                              
   27-       23   PY -10.2 $ Short side (near side)                                          
   28-       24   PY  10.2 $ Short side ( far side)                                          
   29-       25   PZ -10.0 $ Base       ( external)                                          
   30-       26   PZ  10.0 $ Top        (of the rims)                                        
   31-                                                                                       
   32-       C ____Materials definitions____                                                 
   33-       C Water                                                                         
   34-       M1    1001.42c -0.11190 $ H-1  and mass fraction                                
   35-             8016.42c -0.88810 $ O-16 and mass fraction                                
   36-       C stainless steel, data retrieved from the endf92 database.                     
   37-       M2   24000.42c -0.18000 $ 18% Cr content                                        
   38-            26000.42c -0.74000 $ 74% Fe                                                
   39-            28000.42c -0.08000 $ 08% Ni content                                        
   40-       C                                                                               
   41-       C ____Mode card____                                                             
   42-       C Assume photoneutron production rate is negligible, so ignore photons          
   43-       Mode N $ Importances has already been defined above                             
   44-       C                                                                               
   45-       C ____Source definitions___                                                     
   46-       C Simple point source 2cm above the internal (wetted) base                      
   47-       SDEF POS=0.0 0.0 -7.8 ERG=D1 PAR=1                                              
   48-       SP1  -3 0.988 2.249 $Watt spectrum with param's for n(thm)+U235                 
   49-       C SI1 card not required because the Watt spectrum already defined this.         
   50-       C                                                                               
   51-       C ____Tallies____                                                               
   52-       E0   1E-9 2.15443469E-9 4.64158883E-9 1E-8 2.15443469E-8 4.64158883E-8          
   53-            1E-7 2.15443469E-7 4.64158883E-7 1E-6 2.15443469E-6 4.64158883E-6          
   54-            1E-5 2.15443469E-5 4.64158883E-5 1E-4 2.15443469E-4 4.64158883E-4          
   55-            1E-3 2.15443469E-3 4.64158883E-3 1E-2 2.15443469E-2 4.64158883E-2          
   56-            1E-1 2.15443469E-1 4.64158883E-1 1E0 2.15443469E0 4.64158883E0 1E1         
   57-       FC12  Surface neutron fluxes over the long external vertical sides.             
   58-       F12:N (21 22)                                                                   
   59-       FC22  Surface neutron fluxes over the short external vertical sides.            
   60-       F22:N (23 24)                                                                   
   61-       FC32  Surface neutron fluxes over the external base.                            
   62-       F32:N 25                                                                        
   63-       C                                                                               
   64-       C ____Other control commands____                                                
   65-       C PRINT 110 $The source location has been confirmed using this card             
   66-       PRINT 160 161 162                                                               
   67-       NPS  2400000                                                                    
1cells                                                                                                  print table 60

                      atom        gram                                     neutron                                     
        cell  mat    density     density     volume       mass     pieces importance                                   

     1     1    1  1.00300E-01 1.00000E+00 3.76000E+03 3.76000E+03     0  1.0000E+00                                   
     2     2    2  8.62096E-02 7.92000E+00 2.83200E+02 2.24294E+03     0  1.0000E+00                                   
     3     3    0  0.00000E+00 0.00000E+00 2.00000E+02 0.00000E+00     0  1.0000E+00                                   
     4     4    0  0.00000E+00 0.00000E+00 0.00000E+00 0.00000E+00     0  0.0000E+00                                   

 total                                     4.24320E+03 6.00294E+03


 random number control    0.727343232450560E+14

    minimum source weight = 1.0000E+00    maximum source weight = 1.0000E+00
1cross-section tables                                                                                   print table 100

     table    length

                        tables from file endl92                                                          

   1001.42c    1396   ENDL library name:  nd920609  MCNP translation:  930914 12:03:33                       920205    
                     temperature = 2.5860E-08 adjusted to 2.5300E-08
   8016.42c    5374   ENDL library name:  nd920609  MCNP translation:  930914 12:03:33                       911219    
                     temperature = 2.5860E-08 adjusted to 2.5300E-08
  24000.42c    8945   ENDL library name:  nd920609  MCNP translation:  930914 12:03:33                       911219    
                     temperature = 2.5860E-08 adjusted to 2.5300E-08
  26000.42c   18461   ENDL library name:  nd920609  MCNP translation:  930914 12:03:33                       911219    
                     temperature = 2.5860E-08 adjusted to 2.5300E-08
  28000.42c   25438   ENDL library name:  nd920609  MCNP translation:  930914 12:03:33                       911219    
                     temperature = 2.5860E-08 adjusted to 2.5300E-08

  total       59614
 
 warning.  neutron energy cutoff is below some cross-section tables.
 
 warning.     5 cross sections modified by free gas thermal treatment.





 decimal words of dynamically allocated storage

     general               6570
     tallies              20688
     bank                 46724
     cross sections      119228

     total               181618     =      726472 bytes

     available (mdas)   4000000

 ***********************************************************************************************************************
 dump no.    1 on file runtpe       nps =         0     coll =              0     ctm =    0.00     nrn =              0


         2 warning messages so far.
 warning.  tally not scored beyond last energy bin.                    
 nps =      2946     nrn =         1069844     tal =   12     erg = 1.0309E+01      
 warning.  tally not scored beyond last energy bin.                    
 nps =      5209     nrn =         1917434     tal =   32     erg = 1.0604E+01      
 warning.  tally not scored beyond last energy bin.                    
 nps =     16331     nrn =         5907576     tal =   22     erg = 1.1343E+01      
1problem summary                                                                                                       

      run terminated when   2400000 particle histories were done.
+                                                                                                     04/17/19 13:29:56
      Hoi Yeung Wong - Monte Carlo Radiation Transport 2018/19 MCNP Assessment 1           probid =   04/17/19 13:28:15
0
 neutron creation    tracks      weight        energy            neutron loss        tracks      weight        energy
                                 (per source particle)                                           (per source particle)

 source             2400000    1.0000E+00    2.0324E+00          escape             2352691    8.9482E-01    9.5465E-01
                                                                 energy cutoff            0    0.            0.        
                                                                 time cutoff              0    0.            0.        
 weight window            0    0.            0.                  weight window            0    0.            0.        
 cell importance          0    0.            0.                  cell importance          0    0.            0.        
 weight cutoff            0    4.7300E-03    1.7446E-10          weight cutoff        47314    4.7364E-03    1.7642E-10
 energy importance        0    0.            0.                  energy importance        0    0.            0.        
 dxtran                   0    0.            0.                  dxtran                   0    0.            0.        
 forced collisions        0    0.            0.                  forced collisions        0    0.            0.        
 exp. transform           0    0.            0.                  exp. transform           0    0.            0.        
 upscattering             0    0.            1.1157E-07          downscattering           0    0.            1.0703E+00
 photonuclear             0    0.            0.                  capture                  0    1.0518E-01    7.4888E-03
 (n,xn)                  10    3.8308E-06    2.8961E-06          loss to (n,xn)           5    1.9154E-06    2.3515E-05
 prompt fission           0    0.            0.                  loss to fission          0    0.            0.        
 delayed fission          0    0.            0.                                                                        
     total          2400010    1.0047E+00    2.0324E+00              total          2400010    1.0047E+00    2.0324E+00

   number of neutrons banked                       5        average time of (shakes)              cutoffs
   neutron tracks per source particle     1.0000E+00          escape            1.2400E+03          tco   1.0000E+34
   neutron collisions per source particle 2.1536E+01          capture           7.1268E+03          eco   0.0000E+00
   total neutron collisions                 51687101          capture or escape 1.8592E+03          wc1  -5.0000E-01
   net multiplication              1.0000E+00 0.0000          any termination   1.9796E+03          wc2  -2.5000E-01

 computer time so far in this run     3.34 minutes            maximum number ever in bank         1
 computer time in mcrun               1.67 minutes            bank overflows to backup file       0
 source particles per minute            1.4368E+06            dynamic storage    181622 words,     726488 bytes.
 random numbers generated                864001672            most random numbers used was    11141 in history    36165

 range of sampled source weights = 1.0000E+00 to 1.0000E+00
1neutron  activity in each cell                                                                         print table 126

                 tracks     population   collisions   collisions     number        flux        average      average
        cell    entering                               * weight     weighted     weighted   track weight   track mfp
                                                    (per history)    energy       energy     (relative)      (cm)

     1     1     2601159      2400003     51125221    1.6537E+01   2.8655E-04   7.5331E-01   8.5746E-01   1.7188E+00
     2     2     2540306      2349061       561880    1.9381E-01   6.0710E-04   9.4700E-01   8.9841E-01   2.6128E+00
     3     3       27197        26972            0    0.0000E+00   2.6973E-04   9.0148E-01   7.5433E-01   0.0000E+00

     total       5168662      4776036     51687101    1.6731E+01
1tally  12        nps =  2400000
+                                    Surface neutron fluxes over the long external vertical sides.             
           tally type 2    particle flux averaged over a surface.       units   1/cm**2   
           tally for  neutrons 

           areas   
                surface:    (21 22)                                                                                
                         8.16000E+02
 
 surface (21 22)                                                                                                       
      energy
    1.0000E-09   3.52044E-08 0.1284
    2.1544E-09   2.09339E-07 0.0634
    4.6416E-09   1.12453E-06 0.0265
    1.0000E-08   5.56538E-06 0.0124
    2.1544E-08   2.17025E-05 0.0066
    4.6416E-08   5.70959E-05 0.0040
    1.0000E-07   7.27724E-05 0.0038
    2.1544E-07   2.89717E-05 0.0063
    4.6416E-07   1.03840E-05 0.0116
    1.0000E-06   1.00588E-05 0.0124
    2.1544E-06   1.01807E-05 0.0122
    4.6416E-06   1.04291E-05 0.0124
    1.0000E-05   1.07368E-05 0.0121
    2.1544E-05   1.09204E-05 0.0119
    4.6416E-05   1.11968E-05 0.0119
    1.0000E-04   1.15407E-05 0.0121
    2.1544E-04   1.16570E-05 0.0117
    4.6416E-04   1.18840E-05 0.0113
    1.0000E-03   1.25062E-05 0.0113
    2.1544E-03   1.25801E-05 0.0109
    4.6416E-03   1.32065E-05 0.0112
    1.0000E-02   1.33650E-05 0.0109
    2.1544E-02   1.47315E-05 0.0101
    4.6416E-02   1.67847E-05 0.0099
    1.0000E-01   2.16654E-05 0.0085
    2.1544E-01   3.03458E-05 0.0072
    4.6416E-01   4.27193E-05 0.0059
    1.0000E+00   7.34104E-05 0.0044
    2.1544E+00   9.88677E-05 0.0035
    4.6416E+00   9.62588E-05 0.0033
    1.0000E+01   2.57702E-05 0.0060
      total      7.68677E-04 0.0011
1analysis of the results in the tally fluctuation chart bin (tfc) for tally  12 with nps =   2400000    print table 160


 normed average tally per history  = 7.68677E-04          unnormed average tally per history  = 6.27240E-01
 estimated tally relative error    = 0.0011               estimated variance of the variance  = 0.0000
 relative error from zero tallies  = 0.0007               relative error from nonzero scores  = 0.0009

 number of nonzero history tallies =     1054140          efficiency for the nonzero tallies  = 0.4392
 history number of largest  tally  =      186506          largest  unnormalized history tally = 2.89628E+01
 (largest  tally)/(average tally)  = 4.61750E+01          (largest  tally)/(avg nonzero tally)= 2.02812E+01

 (confidence interval shift)/mean  = 0.0000               shifted confidence interval center  = 7.68679E-04


 if the largest  history score sampled so far were to occur on the next history, the tfc bin quantities would change as follows:

      estimated quantities           value at nps           value at nps+1           value(nps+1)/value(nps)-1.

      mean                            7.68677E-04             7.68691E-04                     0.000019
      relative error                  1.12578E-03             1.12591E-03                     0.000121
      variance of the variance        4.59945E-05             4.60465E-05                     0.001131
      shifted center                  7.68679E-04             7.68679E-04                     0.000000
      figure of merit                 4.72367E+05             4.72253E+05                    -0.000241

 the estimated inverse power slope of the 201 largest  tallies starting at 1.99552E+01 is 7.1736
 the empirical history score probability density function appears to be increasing at the largest  history scores: please examine.
 the large score tail of the empirical history score probability density function appears to have no unsampled regions.


 ===================================================================================================================================

           results of 10 statistical checks for the estimated answer for the tally fluctuation chart (tfc) bin of tally  12

 tfc bin     --mean--      ---------relative error---------      ----variance of the variance----      --figure of merit--     -pdf-
 behavior    behavior      value   decrease   decrease rate      value   decrease   decrease rate       value     behavior     slope

 desired      random       <0.10      yes      1/sqrt(nps)       <0.10      yes        1/nps           constant    random      >3.00
 observed     random        0.00      yes          yes            0.00      yes         yes            constant    random       7.17
 passed?        yes          yes      yes          yes             yes      yes         yes               yes        yes         yes

 ===================================================================================================================================




 this tally meets the statistical criteria used to form confidence intervals: check the tally fluctuation chart to verify.
 the results in other bins associated with this tally may not meet these statistical criteria.

 estimated asymmetric confidence interval(1,2,3 sigma): 7.6781E-04 to 7.6954E-04; 7.6695E-04 to 7.7041E-04; 7.6608E-04 to 7.7127E-04
 estimated  symmetric confidence interval(1,2,3 sigma): 7.6781E-04 to 7.6954E-04; 7.6695E-04 to 7.7041E-04; 7.6608E-04 to 7.7127E-04

 fom = (histories/minute)*(f(x) signal-to-noise ratio)**2 = (1.437E+06)*( 5.734E-01)**2 = (1.437E+06)*(3.288E-01) = 4.724E+05
1unnormed tally density for tally  12            nonzero tally mean(m) = 1.428E+00   nps =   2400000    print table 161

 abscissa              ordinate   log plot of tally probability density function in tally fluctuation chart bin(d=decade,slope= 7.2)
  tally  number num den log den:d------------d-------------d-------------d-------------d--------------d-------------d-------------d-
 2.51-01      2 1.61-05  -4.792 *************|*************|*******      |             |              |             |             | 
 3.16-01   5208 3.34-02  -1.477 *************|*************|*************|*************|**************|***********  |             | 
 3.98-01  14870 7.57-02  -1.121 *************|*************|*************|*************|**************|*************|**           | 
 5.01-01  25437 1.03-01  -0.988 *************|*************|*************|*************|**************|*************|****         | 
 6.31-01  36458 1.17-01  -0.932 *************|*************|*************|*************|**************|*************|****         | 
 7.94-01  48232 1.23-01  -0.910 *************|*************|*************|*************|**************|*************|*****        | 
 1.00+00  72616 1.47-01  -0.832 *************|*************|*************|*************|**************|*************|******       | 
 1.26+00 409366 6.59-01  -0.181 *************|*************|*************|*************|**************|*************|*************|*
 1.58+00 208410 2.66-01  -0.574 mmmmmmmmmmmmm|mmmmmmmmmmmmm|mmmmmmmmmmmmm|mmmmmmmmmmmmm|mmmmmmmmmmmmmm|mmmmmmmmmmmmm|mmmmmmmmm    | 
 2.00+00 109599 1.11-01  -0.954 *************|*************|*************|*************|**************|*************|****         | 
 2.51+00  56875 4.59-02  -1.338 *************|*************|*************|*************|**************|*************|             | 
 3.16+00  29393 1.88-02  -1.725 *************|*************|*************|*************|**************|*******      |             | 
 3.98+00  15770 8.02-03  -2.096 *************|*************|*************|*************|**************|**           |             | 
 5.01+00   8611 3.48-03  -2.458 *************|*************|*************|*************|************  |             |             | 
 6.31+00   5084 1.63-03  -2.787 *************|*************|*************|*************|*******       |             |             | 
 7.94+00   3058 7.80-04  -3.108 *************|*************|*************|*************|***           |             |             | 
 1.00+01   1772 3.59-04  -3.445 *************|*************|*************|************ |              |             |             | 
 1.26+01    373 6.00-05  -4.222 *************|*************|*************|*            |              |             |             | 
 1.58+01    375 4.79-05  -4.319 *************|*************|*************|             |              |             |             | 
 2.00+01   1476 1.50-04  -3.824 *************|*************|*************|*******      |              |             |             | 
 2.51+01   1154 9.31-05  -4.031 *************|*************|*************|****        s|              |             |             | 
 3.16+01      1 6.41-08  -7.193 *            |             |             |  s          |              |             |             | 
  total 1054140 4.39-01         d------------d-------------d-------------d-------------d--------------d-------------d-------------d-


 cumulative tally number for tally  12           nonzero tally mean(m) = 1.428E+00   nps =   2400000    print table 162

   abscissa     cum   ordinate    plot of the cumulative number of tallies in the tally fluctuation chart bin from 0 to 100 percent
    tally      number  cum pct:--------10--------20--------30--------40--------50--------60--------70--------80--------90-------100
 2.51188E-01        2    0.000|         |         |         |         |         |         |         |         |         |         |
 3.16228E-01     5210    0.494|         |         |         |         |         |         |         |         |         |         |
 3.98108E-01    20080    1.905|**       |         |         |         |         |         |         |         |         |         |
 5.01188E-01    45517    4.318|****     |         |         |         |         |         |         |         |         |         |
 6.30959E-01    81975    7.776|******** |         |         |         |         |         |         |         |         |         |
 7.94328E-01   130207   12.352|*********|**       |         |         |         |         |         |         |         |         |
 1.00000E+00   202823   19.241|*********|*********|         |         |         |         |         |         |         |         |
 1.25893E+00   612189   58.075|*********|*********|*********|*********|*********|******** |         |         |         |         |
 1.58490E+00   820599   77.845|mmmmmmmmm|mmmmmmmmm|mmmmmmmmm|mmmmmmmmm|mmmmmmmmm|mmmmmmmmm|mmmmmmmmm|mmmmmmmm |         |         |
 1.99527E+00   930198   88.242|*********|*********|*********|*********|*********|*********|*********|*********|******** |         |
 2.51188E+00   987073   93.638|*********|*********|*********|*********|*********|*********|*********|*********|*********|****     |
 3.16228E+00  1016466   96.426|*********|*********|*********|*********|*********|*********|*********|*********|*********|******   |
 3.98108E+00  1032236   97.922|*********|*********|*********|*********|*********|*********|*********|*********|*********|******** |
 5.01188E+00  1040847   98.739|*********|*********|*********|*********|*********|*********|*********|*********|*********|*********|
 6.30959E+00  1045931   99.221|*********|*********|*********|*********|*********|*********|*********|*********|*********|*********|
 7.94328E+00  1048989   99.511|*********|*********|*********|*********|*********|*********|*********|*********|*********|*********|
 1.00000E+01  1050761   99.679|*********|*********|*********|*********|*********|*********|*********|*********|*********|*********|
 1.25893E+01  1051134   99.715|*********|*********|*********|*********|*********|*********|*********|*********|*********|*********|
 1.58490E+01  1051509   99.750|*********|*********|*********|*********|*********|*********|*********|*********|*********|*********|
 1.99527E+01  1052985   99.890|*********|*********|*********|*********|*********|*********|*********|*********|*********|*********|
 2.51188E+01  1054139  100.000|*********|*********|*********|*********|*********|*********|*********|*********|*********|*********|
 3.16228E+01  1054140  100.000|*********|*********|*********|*********|*********|*********|*********|*********|*********|*********|
    total     1054140  100.000:--------10--------20--------30--------40--------50--------60--------70--------80--------90-------100
1cumulative unnormed tally for tally  12         nonzero tally mean(m) = 1.428E+00   nps =   2400000    print table 162

  abscissa     cum    ordinate                plot of the cumulative tally in the tally fluctuation chart bin from 0 to 100 percent
   tally    tally/nps  cum pct:--------10--------20--------30--------40--------50--------60--------70--------80--------90-------100
 2.512E-01  2.089E-07    0.000|         |         |         |         |         |         |         |         |         |         |
 3.162E-01  6.351E-04    0.101|         |         |         |         |         |         |         |         |         |         |
 3.981E-01  2.867E-03    0.457|         |         |         |         |         |         |         |         |         |         |
 5.012E-01  7.652E-03    1.220|*        |         |         |         |         |         |         |         |         |         |
 6.310E-01  1.626E-02    2.592|***      |         |         |         |         |         |         |         |         |         |
 7.943E-01  3.060E-02    4.879|*****    |         |         |         |         |         |         |         |         |         |
 1.000E+00  5.799E-02    9.245|*********|         |         |         |         |         |         |         |         |         |
 1.259E+00  2.471E-01   39.398|*********|*********|*********|*********|         |         |         |         |         |         |
 1.585E+00  3.686E-01   58.759|mmmmmmmmm|mmmmmmmmm|mmmmmmmmm|mmmmmmmmm|mmmmmmmmm|mmmmmmmmm|         |         |         |         |
 1.995E+00  4.490E-01   71.577|*********|*********|*********|*********|*********|*********|*********|**       |         |         |
 2.512E+00  5.014E-01   79.939|*********|*********|*********|*********|*********|*********|*********|*********|         |         |
 3.162E+00  5.356E-01   85.390|*********|*********|*********|*********|*********|*********|*********|*********|*****    |         |
 3.981E+00  5.587E-01   89.069|*********|*********|*********|*********|*********|*********|*********|*********|*********|         |
 5.012E+00  5.746E-01   91.602|*********|*********|*********|*********|*********|*********|*********|*********|*********|**       |
 6.310E+00  5.864E-01   93.486|*********|*********|*********|*********|*********|*********|*********|*********|*********|***      |
 7.943E+00  5.953E-01   94.911|*********|*********|*********|*********|*********|*********|*********|*********|*********|*****    |
 1.000E+01  6.018E-01   95.949|*********|*********|*********|*********|*********|*********|*********|*********|*********|******   |
 1.259E+01  6.036E-01   96.224|*********|*********|*********|*********|*********|*********|*********|*********|*********|******   |
 1.585E+01  6.058E-01   96.577|*********|*********|*********|*********|*********|*********|*********|*********|*********|*******  |
 1.995E+01  6.176E-01   98.466|*********|*********|*********|*********|*********|*********|*********|*********|*********|******** |
 2.512E+01  6.272E-01   99.998|*********|*********|*********|*********|*********|*********|*********|*********|*********|*********|
 3.162E+01  6.272E-01  100.000|*********|*********|*********|*********|*********|*********|*********|*********|*********|*********|
   total  6.27240E-01  100.000:--------10--------20--------30--------40--------50--------60--------70--------80--------90-------100
1tally  22        nps =  2400000
+                                    Surface neutron fluxes over the short external vertical sides.            
           tally type 2    particle flux averaged over a surface.       units   1/cm**2   
           tally for  neutrons 

           areas   
                surface:    (23 24)                                                                                
                         4.16000E+02
 
 surface (23 24)                                                                                                       
      energy
    1.0000E-09   2.23259E-08 0.2475
    2.1544E-09   1.06250E-07 0.1060
    4.6416E-09   4.59259E-07 0.0624
    1.0000E-08   2.36871E-06 0.0265
    2.1544E-08   9.15181E-06 0.0137
    4.6416E-08   2.40487E-05 0.0087
    1.0000E-07   3.02071E-05 0.0078
    2.1544E-07   1.13185E-05 0.0140
    4.6416E-07   3.41374E-06 0.0263
    1.0000E-06   3.35118E-06 0.0292
    2.1544E-06   3.26985E-06 0.0316
    4.6416E-06   2.94192E-06 0.0284
    1.0000E-05   3.10792E-06 0.0302
    2.1544E-05   3.15810E-06 0.0324
    4.6416E-05   3.29163E-06 0.0319
    1.0000E-04   3.26423E-06 0.0311
    2.1544E-04   2.98428E-06 0.0303
    4.6416E-04   3.24067E-06 0.0289
    1.0000E-03   3.40049E-06 0.0293
    2.1544E-03   3.38589E-06 0.0295
    4.6416E-03   3.83843E-06 0.0305
    1.0000E-02   3.64166E-06 0.0313
    2.1544E-02   3.98278E-06 0.0283
    4.6416E-02   4.61286E-06 0.0277
    1.0000E-01   5.83622E-06 0.0236
    2.1544E-01   8.00046E-06 0.0186
    4.6416E-01   1.17448E-05 0.0155
    1.0000E+00   2.08833E-05 0.0107
    2.1544E+00   3.07090E-05 0.0083
    4.6416E+00   3.16330E-05 0.0075
    1.0000E+01   9.62910E-06 0.0122
      total      2.51004E-04 0.0030
1analysis of the results in the tally fluctuation chart bin (tfc) for tally  22 with nps =   2400000    print table 160


 normed average tally per history  = 2.51004E-04          unnormed average tally per history  = 1.04418E-01
 estimated tally relative error    = 0.0030               estimated variance of the variance  = 0.0002
 relative error from zero tallies  = 0.0022               relative error from nonzero scores  = 0.0020

 number of nonzero history tallies =      193723          efficiency for the nonzero tallies  = 0.0807
 history number of largest  tally  =     2375411          largest  unnormalized history tally = 2.00000E+01
 (largest  tally)/(average tally)  = 1.91538E+02          (largest  tally)/(avg nonzero tally)= 1.54606E+01

 (confidence interval shift)/mean  = 0.0000               shifted confidence interval center  = 2.51008E-04


 if the largest  history score sampled so far were to occur on the next history, the tfc bin quantities would change as follows:

      estimated quantities           value at nps           value at nps+1           value(nps+1)/value(nps)-1.

      mean                            2.51004E-04             2.51024E-04                     0.000079
      relative error                  2.95127E-03             2.95210E-03                     0.000282
      variance of the variance        2.00160E-04             2.00393E-04                     0.001162
      shifted center                  2.51008E-04             2.51008E-04                     0.000000
      figure of merit                 6.87336E+04             6.86948E+04                    -0.000564

 the 100 largest  history tallies appear to have a  maximum value of about 2.00000E+01
 the large score tail of the empirical history score probability density function appears to have no unsampled regions.


 ===================================================================================================================================

           results of 10 statistical checks for the estimated answer for the tally fluctuation chart (tfc) bin of tally  22

 tfc bin     --mean--      ---------relative error---------      ----variance of the variance----      --figure of merit--     -pdf-
 behavior    behavior      value   decrease   decrease rate      value   decrease   decrease rate       value     behavior     slope

 desired      random       <0.10      yes      1/sqrt(nps)       <0.10      yes        1/nps           constant    random      >3.00
 observed     random        0.00      yes          yes            0.00      yes         yes            constant    random      10.00
 passed?        yes          yes      yes          yes             yes      yes         yes               yes        yes         yes

 ===================================================================================================================================




 this tally meets the statistical criteria used to form confidence intervals: check the tally fluctuation chart to verify.
 the results in other bins associated with this tally may not meet these statistical criteria.

 estimated asymmetric confidence interval(1,2,3 sigma): 2.5027E-04 to 2.5175E-04; 2.4953E-04 to 2.5249E-04; 2.4879E-04 to 2.5323E-04
 estimated  symmetric confidence interval(1,2,3 sigma): 2.5026E-04 to 2.5174E-04; 2.4952E-04 to 2.5249E-04; 2.4878E-04 to 2.5323E-04

 fom = (histories/minute)*(f(x) signal-to-noise ratio)**2 = (1.437E+06)*( 2.187E-01)**2 = (1.437E+06)*(4.784E-02) = 6.873E+04
1unnormed tally density for tally  22            nonzero tally mean(m) = 1.294E+00   nps =   2400000    print table 161

 abscissa              ordinate   log plot of tally probability density function in tally fluctuation chart bin(d=decade,slope=10.0)
  tally  number num den log den:d---------------------d-----------------------d----------------------d-----------------------d------
 3.16-01   1423 9.12-03  -2.040 **********************|***********************|**********************|***                    |      
 3.98-01   4108 2.09-02  -1.680 **********************|***********************|**********************|***********            |      
 5.01-01   6787 2.74-02  -1.562 **********************|***********************|**********************|**************         |      
 6.31-01   9420 3.02-02  -1.519 **********************|***********************|**********************|***************        |      
 7.94-01  11766 3.00-02  -1.523 **********************|***********************|**********************|***************        |      
 1.00+00  16410 3.32-02  -1.478 **********************|***********************|**********************|****************       |      
 1.26+00  82625 1.33-01  -0.876 **********************|***********************|**********************|***********************|******
 1.58+00  30243 3.87-02  -1.413 mmmmmmmmmmmmmmmmmmmmmm|mmmmmmmmmmmmmmmmmmmmmmm|mmmmmmmmmmmmmmmmmmmmmm|mmmmmmmmmmmmmmmmm      |      
 2.00+00  14208 1.44-02  -1.841 **********************|***********************|**********************|*******                |      
 2.51+00   7290 5.88-03  -2.231 **********************|***********************|********************* |                       |      
 3.16+00   4033 2.58-03  -2.588 **********************|***********************|*************         |                       |      
 3.98+00   2193 1.12-03  -2.952 **********************|***********************|****                  |                       |      
 5.01+00   1237 5.00-04  -3.301 **********************|********************   |                      |                       |      
 6.31+00    771 2.48-04  -3.606 **********************|*************          |                      |                       |      
 7.94+00    449 1.15-04  -3.941 **********************|*****                  |                      |                       |      
 1.00+01    255 5.17-05  -4.287 ********************  |                       |                      |                       |      
 1.26+01     85 1.37-05  -4.864 *******               |                       |                      |                       |      
 1.58+01     61 7.80-06  -5.108 *                     |                       |                      |                       |      
 2.00+01    218 2.21-05  -4.655 ************          |                       |                      |                       |      
 2.51+01    141 1.14-05  -4.944 *****                 |                       |                      |                       |      
  total  193723 8.07-02         d---------------------d-----------------------d----------------------d-----------------------d------


 cumulative tally number for tally  22           nonzero tally mean(m) = 1.294E+00   nps =   2400000    print table 162

   abscissa     cum   ordinate    plot of the cumulative number of tallies in the tally fluctuation chart bin from 0 to 100 percent
    tally      number  cum pct:--------10--------20--------30--------40--------50--------60--------70--------80--------90-------100
 3.16228E-01     1423    0.735|*        |         |         |         |         |         |         |         |         |         |
 3.98108E-01     5531    2.855|***      |         |         |         |         |         |         |         |         |         |
 5.01188E-01    12318    6.359|******   |         |         |         |         |         |         |         |         |         |
 6.30959E-01    21738   11.221|*********|*        |         |         |         |         |         |         |         |         |
 7.94328E-01    33504   17.295|*********|*******  |         |         |         |         |         |         |         |         |
 1.00000E+00    49914   25.766|*********|*********|******   |         |         |         |         |         |         |         |
 1.25893E+00   132539   68.417|*********|*********|*********|*********|*********|*********|******** |         |         |         |
 1.58490E+00   162782   84.028|mmmmmmmmm|mmmmmmmmm|mmmmmmmmm|mmmmmmmmm|mmmmmmmmm|mmmmmmmmm|mmmmmmmmm|mmmmmmmmm|mmmm     |         |
 1.99527E+00   176990   91.362|*********|*********|*********|*********|*********|*********|*********|*********|*********|*        |
 2.51188E+00   184280   95.126|*********|*********|*********|*********|*********|*********|*********|*********|*********|*****    |
 3.16228E+00   188313   97.207|*********|*********|*********|*********|*********|*********|*********|*********|*********|*******  |
 3.98108E+00   190506   98.339|*********|*********|*********|*********|*********|*********|*********|*********|*********|******** |
 5.01188E+00   191743   98.978|*********|*********|*********|*********|*********|*********|*********|*********|*********|*********|
 6.30959E+00   192514   99.376|*********|*********|*********|*********|*********|*********|*********|*********|*********|*********|
 7.94328E+00   192963   99.608|*********|*********|*********|*********|*********|*********|*********|*********|*********|*********|
 1.00000E+01   193218   99.739|*********|*********|*********|*********|*********|*********|*********|*********|*********|*********|
 1.25893E+01   193303   99.783|*********|*********|*********|*********|*********|*********|*********|*********|*********|*********|
 1.58490E+01   193364   99.815|*********|*********|*********|*********|*********|*********|*********|*********|*********|*********|
 1.99527E+01   193582   99.927|*********|*********|*********|*********|*********|*********|*********|*********|*********|*********|
 2.51188E+01   193723  100.000|*********|*********|*********|*********|*********|*********|*********|*********|*********|*********|
    total      193723  100.000:--------10--------20--------30--------40--------50--------60--------70--------80--------90-------100
1cumulative unnormed tally for tally  22         nonzero tally mean(m) = 1.294E+00   nps =   2400000    print table 162

  abscissa     cum    ordinate                plot of the cumulative tally in the tally fluctuation chart bin from 0 to 100 percent
   tally    tally/nps  cum pct:--------10--------20--------30--------40--------50--------60--------70--------80--------90-------100
 3.162E-01  1.739E-04    0.167|         |         |         |         |         |         |         |         |         |         |
 3.981E-01  7.899E-04    0.756|*        |         |         |         |         |         |         |         |         |         |
 5.012E-01  2.065E-03    1.978|**       |         |         |         |         |         |         |         |         |         |
 6.310E-01  4.287E-03    4.105|****     |         |         |         |         |         |         |         |         |         |
 7.943E-01  7.780E-03    7.451|*******  |         |         |         |         |         |         |         |         |         |
 1.000E+00  1.398E-02   13.385|*********|***      |         |         |         |         |         |         |         |         |
 1.259E+00  5.180E-02   49.613|*********|*********|*********|*********|*********|         |         |         |         |         |
 1.585E+00  6.937E-02   66.435|mmmmmmmmm|mmmmmmmmm|mmmmmmmmm|mmmmmmmmm|mmmmmmmmm|mmmmmmmmm|mmmmmm   |         |         |         |
 1.995E+00  7.978E-02   76.406|*********|*********|*********|*********|*********|*********|*********|******   |         |         |
 2.512E+00  8.652E-02   82.856|*********|*********|*********|*********|*********|*********|*********|*********|***      |         |
 3.162E+00  9.121E-02   87.353|*********|*********|*********|*********|*********|*********|*********|*********|*******  |         |
 3.981E+00  9.442E-02   90.428|*********|*********|*********|*********|*********|*********|*********|*********|*********|         |
 5.012E+00  9.670E-02   92.612|*********|*********|*********|*********|*********|*********|*********|*********|*********|***      |
 6.310E+00  9.849E-02   94.323|*********|*********|*********|*********|*********|*********|*********|*********|*********|****     |
 7.943E+00  9.981E-02   95.583|*********|*********|*********|*********|*********|*********|*********|*********|*********|******   |
 1.000E+01  1.008E-01   96.489|*********|*********|*********|*********|*********|*********|*********|*********|*********|******   |
 1.259E+01  1.011E-01   96.862|*********|*********|*********|*********|*********|*********|*********|*********|*********|*******  |
 1.585E+01  1.015E-01   97.203|*********|*********|*********|*********|*********|*********|*********|*********|*********|*******  |
 1.995E+01  1.032E-01   98.876|*********|*********|*********|*********|*********|*********|*********|*********|*********|*********|
 2.512E+01  1.044E-01  100.000|*********|*********|*********|*********|*********|*********|*********|*********|*********|*********|
   total  1.04418E-01  100.000:--------10--------20--------30--------40--------50--------60--------70--------80--------90-------100
1tally  32        nps =  2400000
+                                    Surface neutron fluxes over the external base.                            
           tally type 2    particle flux averaged over a surface.       units   1/cm**2   
           tally for  neutrons 

           areas   
                surface:      25                                                                                   
                         2.12160E+02
 
 surface  25                                                                                                           
      energy
    1.0000E-09   8.27141E-08 0.1687
    2.1544E-09   4.02436E-07 0.0945
    4.6416E-09   2.16826E-06 0.0415
    1.0000E-08   1.05667E-05 0.0187
    2.1544E-08   4.13717E-05 0.0093
    4.6416E-08   1.09692E-04 0.0060
    1.0000E-07   1.39420E-04 0.0055
    2.1544E-07   6.23201E-05 0.0087
    4.6416E-07   2.87577E-05 0.0139
    1.0000E-06   2.91527E-05 0.0143
    2.1544E-06   3.03975E-05 0.0140
    4.6416E-06   3.32313E-05 0.0133
    1.0000E-05   3.39708E-05 0.0135
    2.1544E-05   3.66029E-05 0.0134
    4.6416E-05   3.87833E-05 0.0126
    1.0000E-04   4.11658E-05 0.0122
    2.1544E-04   4.50301E-05 0.0118
    4.6416E-04   4.76023E-05 0.0111
    1.0000E-03   5.18119E-05 0.0107
    2.1544E-03   5.67244E-05 0.0105
    4.6416E-03   6.22709E-05 0.0098
    1.0000E-02   6.54651E-05 0.0097
    2.1544E-02   7.62023E-05 0.0090
    4.6416E-02   9.01449E-05 0.0084
    1.0000E-01   1.20105E-04 0.0072
    2.1544E-01   1.70469E-04 0.0060
    4.6416E-01   2.59010E-04 0.0048
    1.0000E+00   4.49134E-04 0.0035
    2.1544E+00   6.10268E-04 0.0029
    4.6416E+00   5.67249E-04 0.0028
    1.0000E+01   1.38986E-04 0.0057
      total      3.44856E-03 0.0011
1analysis of the results in the tally fluctuation chart bin (tfc) for tally  32 with nps =   2400000    print table 160


 normed average tally per history  = 3.44856E-03          unnormed average tally per history  = 7.31646E-01
 estimated tally relative error    = 0.0011               estimated variance of the variance  = 0.0000
 relative error from zero tallies  = 0.0007               relative error from nonzero scores  = 0.0008

 number of nonzero history tallies =     1077786          efficiency for the nonzero tallies  = 0.4491
 history number of largest  tally  =        4590          largest  unnormalized history tally = 2.00000E+01
 (largest  tally)/(average tally)  = 2.73356E+01          (largest  tally)/(avg nonzero tally)= 1.22758E+01

 (confidence interval shift)/mean  = 0.0000               shifted confidence interval center  = 3.44857E-03


 if the largest  history score sampled so far were to occur on the next history, the tfc bin quantities would change as follows:

      estimated quantities           value at nps           value at nps+1           value(nps+1)/value(nps)-1.

      mean                            3.44856E-03             3.44860E-03                     0.000011
      relative error                  1.07782E-03             1.07787E-03                     0.000040
      variance of the variance        3.84020E-05             3.84046E-05                     0.000068
      shifted center                  3.44857E-03             3.44857E-03                     0.000000
      figure of merit                 5.15337E+05             5.15295E+05                    -0.000081

 the 100 largest  history tallies appear to have a  maximum value of about 2.00000E+01
 the large score tail of the empirical history score probability density function appears to have no unsampled regions.


 ===================================================================================================================================

           results of 10 statistical checks for the estimated answer for the tally fluctuation chart (tfc) bin of tally  32

 tfc bin     --mean--      ---------relative error---------      ----variance of the variance----      --figure of merit--     -pdf-
 behavior    behavior      value   decrease   decrease rate      value   decrease   decrease rate       value     behavior     slope

 desired      random       <0.10      yes      1/sqrt(nps)       <0.10      yes        1/nps           constant    random      >3.00
 observed     random        0.00      yes          yes            0.00      yes         yes            constant    random      10.00
 passed?        yes          yes      yes          yes             yes      yes         yes               yes        yes         yes

 ===================================================================================================================================




 this tally meets the statistical criteria used to form confidence intervals: check the tally fluctuation chart to verify.
 the results in other bins associated with this tally may not meet these statistical criteria.

 estimated asymmetric confidence interval(1,2,3 sigma): 3.4448E-03 to 3.4523E-03; 3.4411E-03 to 3.4560E-03; 3.4374E-03 to 3.4597E-03
 estimated  symmetric confidence interval(1,2,3 sigma): 3.4448E-03 to 3.4523E-03; 3.4411E-03 to 3.4560E-03; 3.4374E-03 to 3.4597E-03

 fom = (histories/minute)*(f(x) signal-to-noise ratio)**2 = (1.437E+06)*( 5.989E-01)**2 = (1.437E+06)*(3.587E-01) = 5.153E+05
1unnormed tally density for tally  32            nonzero tally mean(m) = 1.629E+00   nps =   2400000    print table 161

 abscissa              ordinate   log plot of tally probability density function in tally fluctuation chart bin(d=decade,slope=10.0)
  tally  number num den log den:d---------------------d---------------------d----------------------d---------------------d----------
 3.16-01   1465 9.39-03  -2.028 **********************|*********************|*************         |                     |          
 3.98-01   4305 2.19-02  -1.659 **********************|*********************|**********************|                     |          
 5.01-01   7917 3.20-02  -1.495 **********************|*********************|**********************|***                  |          
 6.31-01  12802 4.11-02  -1.386 **********************|*********************|**********************|*****                |          
 7.94-01  19479 4.97-02  -1.304 **********************|*********************|**********************|*******              |          
 1.00+00  36223 7.34-02  -1.134 **********************|*********************|**********************|***********          |          
 1.26+00 401010 6.45-01  -0.190 **********************|*********************|**********************|*********************|**********
 1.58+00 250656 3.20-01  -0.494 **********************|*********************|**********************|*********************|***       
 2.00+00 153419 1.56-01  -0.808 mmmmmmmmmmmmmmmmmmmmmm|mmmmmmmmmmmmmmmmmmmmm|mmmmmmmmmmmmmmmmmmmmmm|mmmmmmmmmmmmmmmmmm   |          
 2.51+00  90522 7.30-02  -1.137 **********************|*********************|**********************|***********          |          
 3.16+00  47698 3.06-02  -1.515 **********************|*********************|**********************|**                   |          
 3.98+00  23788 1.21-02  -1.917 **********************|*********************|****************      |                     |          
 5.01+00  12583 5.09-03  -2.294 **********************|*********************|*******               |                     |          
 6.31+00   6272 2.01-03  -2.696 **********************|******************** |                      |                     |          
 7.94+00   3646 9.30-04  -3.032 **********************|*************        |                      |                     |          
 1.00+01   2091 4.24-04  -3.373 **********************|*****                |                      |                     |          
 1.26+01    181 2.91-05  -4.536 **                    |                     |                      |                     |          
 1.58+01    211 2.70-05  -4.569 *                     |                     |                      |                     |          
 2.00+01   1581 1.61-04  -3.794 *******************   |                     |                      |                     |          
 2.51+01   1937 1.56-04  -3.806 ******************    |                     |                      |                     |          
  total 1077786 4.49-01         d---------------------d---------------------d----------------------d---------------------d----------


 cumulative tally number for tally  32           nonzero tally mean(m) = 1.629E+00   nps =   2400000    print table 162

   abscissa     cum   ordinate    plot of the cumulative number of tallies in the tally fluctuation chart bin from 0 to 100 percent
    tally      number  cum pct:--------10--------20--------30--------40--------50--------60--------70--------80--------90-------100
 3.16228E-01     1465    0.136|         |         |         |         |         |         |         |         |         |         |
 3.98108E-01     5770    0.535|*        |         |         |         |         |         |         |         |         |         |
 5.01188E-01    13687    1.270|*        |         |         |         |         |         |         |         |         |         |
 6.30959E-01    26489    2.458|**       |         |         |         |         |         |         |         |         |         |
 7.94328E-01    45968    4.265|****     |         |         |         |         |         |         |         |         |         |
 1.00000E+00    82191    7.626|******** |         |         |         |         |         |         |         |         |         |
 1.25893E+00   483201   44.833|*********|*********|*********|*********|*****    |         |         |         |         |         |
 1.58490E+00   733857   68.089|*********|*********|*********|*********|*********|*********|******** |         |         |         |
 1.99527E+00   887276   82.324|mmmmmmmmm|mmmmmmmmm|mmmmmmmmm|mmmmmmmmm|mmmmmmmmm|mmmmmmmmm|mmmmmmmmm|mmmmmmmmm|mm       |         |
 2.51188E+00   977798   90.723|*********|*********|*********|*********|*********|*********|*********|*********|*********|*        |
 3.16228E+00  1025496   95.148|*********|*********|*********|*********|*********|*********|*********|*********|*********|*****    |
 3.98108E+00  1049284   97.356|*********|*********|*********|*********|*********|*********|*********|*********|*********|*******  |
 5.01188E+00  1061867   98.523|*********|*********|*********|*********|*********|*********|*********|*********|*********|*********|
 6.30959E+00  1068139   99.105|*********|*********|*********|*********|*********|*********|*********|*********|*********|*********|
 7.94328E+00  1071785   99.443|*********|*********|*********|*********|*********|*********|*********|*********|*********|*********|
 1.00000E+01  1073876   99.637|*********|*********|*********|*********|*********|*********|*********|*********|*********|*********|
 1.25893E+01  1074057   99.654|*********|*********|*********|*********|*********|*********|*********|*********|*********|*********|
 1.58490E+01  1074268   99.674|*********|*********|*********|*********|*********|*********|*********|*********|*********|*********|
 1.99527E+01  1075849   99.820|*********|*********|*********|*********|*********|*********|*********|*********|*********|*********|
 2.51188E+01  1077786  100.000|*********|*********|*********|*********|*********|*********|*********|*********|*********|*********|
    total     1077786  100.000:--------10--------20--------30--------40--------50--------60--------70--------80--------90-------100
1cumulative unnormed tally for tally  32         nonzero tally mean(m) = 1.629E+00   nps =   2400000    print table 162

  abscissa     cum    ordinate                plot of the cumulative tally in the tally fluctuation chart bin from 0 to 100 percent
   tally    tally/nps  cum pct:--------10--------20--------30--------40--------50--------60--------70--------80--------90-------100
 3.162E-01  1.783E-04    0.024|         |         |         |         |         |         |         |         |         |         |
 3.981E-01  8.249E-04    0.113|         |         |         |         |         |         |         |         |         |         |
 5.012E-01  2.317E-03    0.317|         |         |         |         |         |         |         |         |         |         |
 6.310E-01  5.347E-03    0.731|*        |         |         |         |         |         |         |         |         |         |
 7.943E-01  1.116E-02    1.525|**       |         |         |         |         |         |         |         |         |         |
 1.000E+00  2.489E-02    3.402|***      |         |         |         |         |         |         |         |         |         |
 1.259E+00  2.112E-01   28.861|*********|*********|*********|         |         |         |         |         |         |         |
 1.585E+00  3.577E-01   48.883|*********|*********|*********|*********|*********|         |         |         |         |         |
 1.995E+00  4.705E-01   64.303|mmmmmmmmm|mmmmmmmmm|mmmmmmmmm|mmmmmmmmm|mmmmmmmmm|mmmmmmmmm|mmmm     |         |         |         |
 2.512E+00  5.542E-01   75.751|*********|*********|*********|*********|*********|*********|*********|******   |         |         |
 3.162E+00  6.096E-01   83.322|*********|*********|*********|*********|*********|*********|*********|*********|***      |         |
 3.981E+00  6.445E-01   88.083|*********|*********|*********|*********|*********|*********|*********|*********|******** |         |
 5.012E+00  6.676E-01   91.252|*********|*********|*********|*********|*********|*********|*********|*********|*********|*        |
 6.310E+00  6.822E-01   93.243|*********|*********|*********|*********|*********|*********|*********|*********|*********|***      |
 7.943E+00  6.929E-01   94.702|*********|*********|*********|*********|*********|*********|*********|*********|*********|*****    |
 1.000E+01  7.006E-01   95.754|*********|*********|*********|*********|*********|*********|*********|*********|*********|******   |
 1.259E+01  7.014E-01   95.871|*********|*********|*********|*********|*********|*********|*********|*********|*********|******   |
 1.585E+01  7.027E-01   96.041|*********|*********|*********|*********|*********|*********|*********|*********|*********|******   |
 1.995E+01  7.155E-01   97.796|*********|*********|*********|*********|*********|*********|*********|*********|*********|******** |
 2.512E+01  7.316E-01  100.000|*********|*********|*********|*********|*********|*********|*********|*********|*********|*********|
   total  7.31646E-01  100.000:--------10--------20--------30--------40--------50--------60--------70--------80--------90-------100
1    some tally scores were not made for various reasons:

                                  beyond last bin     not in
                   tally      angle   energy   time    user         
                     12          0     679       0       0
                     22          0     181       0       0
                     32          0     771       0       0
1status of the statistical checks used to form confidence intervals for the mean for each tally bin


 tally   result of statistical checks for the tfc bin (the first check not passed is listed) and error magnitude check for all bins

    12   passed the 10 statistical checks for the tally fluctuation chart bin result               
         missed all bin error check:    32 tally bins had     0 bins with zeros and     1 bins with relative errors exceeding 0.10

    22   passed the 10 statistical checks for the tally fluctuation chart bin result               
         missed all bin error check:    32 tally bins had     0 bins with zeros and     2 bins with relative errors exceeding 0.10

    32   passed the 10 statistical checks for the tally fluctuation chart bin result               
         missed all bin error check:    32 tally bins had     0 bins with zeros and     1 bins with relative errors exceeding 0.10


 the 10 statistical checks are only for the tally fluctuation chart bin and do not apply to other tally bins.

 warning.     3 of the   3 tallies had bins with relative errors greater than recommended.
1tally fluctuation charts                         

                       tally   12                                tally   22                                tally   32
       nps      mean     error   vov  slope    fom      mean     error   vov  slope    fom      mean     error   vov  slope    fom
    128000   7.6517E-04 0.0048 0.0008 10.0  477116   2.5257E-04 0.0126 0.0038  2.6   69452   3.4570E-03 0.0047 0.0007 10.0  507739
    256000   7.6641E-04 0.0034 0.0004 10.0  474143   2.5223E-04 0.0090 0.0019  3.7   68454   3.4497E-03 0.0033 0.0004 10.0  510942
    384000   7.6954E-04 0.0028 0.0003  3.0  464545   2.5106E-04 0.0074 0.0012 10.0   68266   3.4489E-03 0.0027 0.0002 10.0  506294
    512000   7.6960E-04 0.0024 0.0002  3.3  463466   2.5145E-04 0.0064 0.0009 10.0   67037   3.4492E-03 0.0023 0.0002 10.0  508535
    640000   7.6945E-04 0.0022 0.0002  6.7  462201   2.5144E-04 0.0057 0.0007 10.0   66945   3.4499E-03 0.0021 0.0001 10.0  509089
    768000   7.6831E-04 0.0020 0.0001  6.8  465148   2.5185E-04 0.0053 0.0006 10.0   67047   3.4532E-03 0.0019 0.0001 10.0  509286
    896000   7.6860E-04 0.0018 0.0001  6.9  467970   2.5139E-04 0.0048 0.0005 10.0   68152   3.4535E-03 0.0018 0.0001 10.0  510933
   1024000   7.6864E-04 0.0017 0.0001  7.0  469963   2.5156E-04 0.0045 0.0005 10.0   68105   3.4498E-03 0.0016 0.0001 10.0  513962
   1152000   7.6900E-04 0.0016 0.0001  7.1  469705   2.5147E-04 0.0043 0.0004 10.0   68558   3.4516E-03 0.0016 0.0001 10.0  515004
   1280000   7.6892E-04 0.0015 0.0001  7.1  469497   2.5067E-04 0.0040 0.0004 10.0   69041   3.4528E-03 0.0015 0.0001 10.0  515178
   1408000   7.6904E-04 0.0015 0.0001  7.1  468851   2.5099E-04 0.0038 0.0003 10.0   68782   3.4526E-03 0.0014 0.0001 10.0  515327
   1536000   7.6904E-04 0.0014 0.0001  7.2  469125   2.5149E-04 0.0037 0.0003 10.0   68267   3.4512E-03 0.0013 0.0001 10.0  513991
   1664000   7.6923E-04 0.0014 0.0001  7.2  470194   2.5132E-04 0.0036 0.0003 10.0   67986   3.4498E-03 0.0013 0.0001 10.0  515626
   1792000   7.6930E-04 0.0013 0.0001  7.2  471164   2.5127E-04 0.0034 0.0003 10.0   68289   3.4474E-03 0.0012 0.0001 10.0  517599
   1920000   7.6903E-04 0.0013 0.0001  7.2  472252   2.5113E-04 0.0033 0.0003 10.0   68366   3.4485E-03 0.0012 0.0000 10.0  516940
   2048000   7.6920E-04 0.0012 0.0001  7.2  472009   2.5097E-04 0.0032 0.0002 10.0   68220   3.4479E-03 0.0012 0.0000 10.0  515955
   2176000   7.6899E-04 0.0012 0.0001  7.2  471885   2.5089E-04 0.0031 0.0002 10.0   68534   3.4488E-03 0.0011 0.0000 10.0  515568
   2304000   7.6877E-04 0.0011 0.0000  7.2  472409   2.5104E-04 0.0030 0.0002 10.0   68559   3.4488E-03 0.0011 0.0000 10.0  515536
   2400000   7.6868E-04 0.0011 0.0000  7.2  472367   2.5100E-04 0.0030 0.0002 10.0   68734   3.4486E-03 0.0011 0.0000 10.0  515337

 ***********************************************************************************************************************
 dump no.    2 on file runtpe       nps =   2400000     coll =       51687101     ctm =    1.67     nrn =      864001672


         6 warning messages so far.


 run terminated when   2400000 particle histories were done.

 computer time =    1.67 minutes

 mcnp     version 4c2   01/20/01                      04/17/19 13:29:56                    probid =   04/17/19 13:28:15
