1mcnp     version 4c2   ld=01/20/01                      04/15/19 09:50:47
 *************************************************************************                 probid =   04/15/19 09:50:47
 inp=Ex1.ip outp=Ex1.out                                                         

    1-       Hoi Yeung Wong - Monte Carlo Radiation Transport 2018/19 MCNP Assessment        
    2-       C Created by Ocean Wong (Hoi Yeung Wong)                                        
    3-       C Institution: University of Birmingham                                         
    4-       C Course: MSc PTNR                                                              
    5-       C Student ID: 1625143                                                           
    6-       C Created      : 2019-03-06                                                     
    7-       C Last modified: 2019-04-14                                                     
    8-       C                                                                               
    9-       C ____Cells and importance ____                                                 
   10-       1    1 -1.00 (11 -12 13 -14 15 -16) imp:n=1 $ Water                             
   11-       2    2 -7.92 (21 -22 23 -24 25 -26) (-11:12:-13:14:-15) imp:n=1 $Tank           
   12-       3    0       (11 -12 13 -14 16 -26) imp:n=1 $ void above water                  
   13-       C imp!=0 to allow neutrons to re-enter the SS can.                              
   14-       4    0       (-21:22:-23:24:-25:26) imp:n=0 $ Void outside                      
   15-                                                                                       
   16-       C ____ Surface definitions ____                                                 
   17-       C Wetted surfaces, and free surface of water.                                   
   18-       11   PX  -5.0 $ Long side  (left )                                              
   19-       12   PX   5.0 $ Long side  (right)                                              
   20-       13   PY -10.0 $ Short side (near side)                                          
   21-       14   PY  10.0 $ Short side ( far side)                                          
   22-       15   PZ -9.80 $ Base       ( internal)                                          
   23-       16   PZ  9.00 $ Water level                                                     
   24-       C Stainless steel tank exterior surface                                         
   25-       21   PX  -5.2 $ Long side  (left )                                              
   26-       22   PX   5.2 $ Long side  (right)                                              
   27-       23   PY -10.2 $ Short side (near side)                                          
   28-       24   PY  10.2 $ Short side ( far side)                                          
   29-       25   PZ -10.0 $ Base       ( external)                                          
   30-       26   PZ  10.0 $ Top        (of the rims)                                        
   31-                                                                                       
   32-       C ____Materials definitions____                                                 
   33-       C Water                                                                         
   34-       M1    1001.42c -0.11190 $ H-1  and mass fraction                                
   35-             8016.42c -0.88810 $ O-16 and mass fraction                                
   36-       C stainless steel, data retrieved from the endf60 database.                     
   37-       M2   24000.42c -0.18000 $ 18% Cr content                                        
   38-            26000.42c -0.74000 $ 74% Fe                                                
   39-            28000.42c -0.08000 $ 08% Ni content                                        
   40-       C                                                                               
   41-       C ____Mode card____                                                             
   42-       C Assume photoneutron production rate is negligible, so ignore photons          
   43-       Mode N $ Importances has already been defined above                             
   44-       C                                                                               
   45-       C ____Source definitions___                                                     
   46-       C Simple point source 2cm above the internal (wetted) base                      
   47-       SDEF POS=0.0 0.0 -7.8 ERG=D1 PAR=1                                              
   48-       SP1  -3 0.988 2.249 $Watt spectrum with param's for n(thm)+U235                 
   49-       C SI1 card not required because the Watt spectrum already defined this.         
   50-       C                                                                               
   51-       C ____Tallies____                                                               
   52-       E0   1E-8 1E-7 1E-6 1E-5 1E-4 1E-3 1E-2 1E-1 1E0 1E1                            
   53-       CUT:N j 1E-9 $Lower limit of first bin is 10**-9 MeV                            
   54-       FC12  Surface neutron fluxes over the long external vertical sides.             
   55-       F12:N (21 22)                                                                   
   56-       FC22  Surface neutron fluxes over the short external vertical sides.            
   57-       F22:N (23 24)                                                                   
   58-       FC32  Surface neutron fluxes over the external base.                            
   59-       F32:N 25                                                                        
   60-       C                                                                               
   61-       C ____Other control commands____                                                
   62-       C PRINT 110 $The source location has been confirmed using this card             
   63-       PRINT 160 161 162                                                               
   64-       NPS  20000                                                                      
1cells                                                                                                  print table 60

                      atom        gram                                     neutron                                     
        cell  mat    density     density     volume       mass     pieces importance                                   

     1     1    1  1.00300E-01 1.00000E+00 3.76000E+03 3.76000E+03     0  1.0000E+00                                   
     2     2    2  8.62096E-02 7.92000E+00 2.83200E+02 2.24294E+03     0  1.0000E+00                                   
     3     3    0  0.00000E+00 0.00000E+00 2.00000E+02 0.00000E+00     0  1.0000E+00                                   
     4     4    0  0.00000E+00 0.00000E+00 0.00000E+00 0.00000E+00     0  0.0000E+00                                   

 total                                     4.24320E+03 6.00294E+03


 random number control    0.727343232450560E+14

    minimum source weight = 1.0000E+00    maximum source weight = 1.0000E+00
1cross-section tables                                                                                   print table 100

     table    length

                        tables from file endl92                                                          

   1001.42c    1360   ENDL library name:  nd920609  MCNP translation:  930914 12:03:33                       920205    
                     temperature = 2.5860E-08 adjusted to 2.5300E-08
   8016.42c    5342   ENDL library name:  nd920609  MCNP translation:  930914 12:03:33                       911219    
                     temperature = 2.5860E-08 adjusted to 2.5300E-08
  24000.42c    8897   ENDL library name:  nd920609  MCNP translation:  930914 12:03:33                       911219    
                     temperature = 2.5860E-08 adjusted to 2.5300E-08
  26000.42c   18413   ENDL library name:  nd920609  MCNP translation:  930914 12:03:33                       911219    
                     temperature = 2.5860E-08 adjusted to 2.5300E-08
  28000.42c   25390   ENDL library name:  nd920609  MCNP translation:  930914 12:03:33                       911219    
                     temperature = 2.5860E-08 adjusted to 2.5300E-08

  total       59402

 neutron cross sections outside the range from 1.0000E-09 to 1.0000E+37 mev are expunged.
 
 warning.     5 cross sections modified by free gas thermal treatment.





 decimal words of dynamically allocated storage

     general               6488
     tallies              19908
     bank                 46724
     cross sections      118804

     total               180332     =      721328 bytes

     available (mdas)   4000000

 ***********************************************************************************************************************
 dump no.    1 on file runtpe       nps =         0     coll =              0     ctm =    0.00     nrn =              0


          1 warning message so far.
 warning.  tally not scored beyond last energy bin.                    
 nps =      2946     nrn =          941416     tal =   12     erg = 1.0309E+01      
 warning.  tally not scored beyond last energy bin.                    
 nps =      5209     nrn =         1688174     tal =   32     erg = 1.0604E+01      
 warning.  tally not scored beyond last energy bin.                    
 nps =     16331     nrn =         5226821     tal =   22     erg = 1.1343E+01      
1problem summary                                                                                                       

      run terminated when     20000 particle histories were done.
+                                                                                                     04/15/19 09:50:48
      Hoi Yeung Wong - Monte Carlo Radiation Transport 2018/19 MCNP Assessment             probid =   04/15/19 09:50:47
0
 neutron creation    tracks      weight        energy            neutron loss        tracks      weight        energy
                                 (per source particle)                                           (per source particle)

 source               20000    1.0000E+00    2.0144E+00          escape               18905    8.7749E-01    9.3791E-01
                                                                 energy cutoff          894    3.0123E-02    1.7509E-11
                                                                 time cutoff              0    0.            0.        
 weight window            0    0.            0.                  weight window            0    0.            0.        
 cell importance          0    0.            0.                  cell importance          0    0.            0.        
 weight cutoff            0    2.7342E-03    1.0548E-10          weight cutoff          201    2.4114E-03    8.7999E-11
 energy importance        0    0.            0.                  energy importance        0    0.            0.        
 dxtran                   0    0.            0.                  dxtran                   0    0.            0.        
 forced collisions        0    0.            0.                  forced collisions        0    0.            0.        
 exp. transform           0    0.            0.                  exp. transform           0    0.            0.        
 upscattering             0    0.            9.7205E-08          downscattering           0    0.            1.0692E+00
 photonuclear             0    0.            0.                  capture                  0    9.2707E-02    7.2264E-03
 (n,xn)                   0    0.            0.                  loss to (n,xn)           0    0.            0.        
 prompt fission           0    0.            0.                  loss to fission          0    0.            0.        
 delayed fission          0    0.            0.                                                                        
     total            20000    1.0027E+00    2.0144E+00              total            20000    1.0027E+00    2.0144E+00

   number of neutrons banked                       0        average time of (shakes)              cutoffs
   neutron tracks per source particle     1.0000E+00          escape            9.8870E+02          tco   1.0000E+34
   neutron collisions per source particle 1.9242E+01          capture           6.0557E+03          eco   1.0000E-09
   total neutron collisions                   384841          capture or escape 1.4729E+03          wc1  -5.0000E-01
   net multiplication              1.0000E+00 0.0000          any termination   1.6976E+03          wc2  -2.5000E-01

 computer time so far in this run     0.03 minutes            maximum number ever in bank         0
 computer time in mcrun               0.01 minutes            bank overflows to backup file       0
 source particles per minute            1.2000E+06            dynamic storage    180336 words,     721344 bytes.
 random numbers generated                  6407794            most random numbers used was     6465 in history    17646

 range of sampled source weights = 1.0000E+00 to 1.0000E+00
1neutron  activity in each cell                                                                         print table 126

                 tracks     population   collisions   collisions     number        flux        average      average
        cell    entering                               * weight     weighted     weighted   track weight   track mfp
                                                    (per history)    energy       energy     (relative)      (cm)

     1     1       21599        20000       380468    1.5450E+01   3.2839E-04   7.7822E-01   8.8536E-01   1.7673E+00
     2     2       20360        18912         4373    1.8882E-01   6.6638E-04   9.5959E-01   9.1654E-01   2.6346E+00
     3     3         212          207            0    0.0000E+00   2.3532E-04   6.9057E-01   7.5980E-01   0.0000E+00

     total         42171        39119       384841    1.5639E+01
1tally  12        nps =    20000
+                                    Surface neutron fluxes over the long external vertical sides.             
           tally type 2    particle flux averaged over a surface.       units   1/cm**2   
           tally for  neutrons 

           areas   
                surface:    (21 22)                                                                                
                         8.16000E+02
 
 surface (21 22)                                                                                                       
      energy
    1.0000E-08   6.98062E-06 0.1148
    1.0000E-07   1.41197E-04 0.0291
    1.0000E-06   4.73324E-05 0.0592
    1.0000E-05   3.04504E-05 0.0841
    1.0000E-04   3.29748E-05 0.0720
    1.0000E-03   3.52712E-05 0.0710
    1.0000E-02   3.83058E-05 0.0670
    1.0000E-01   5.24802E-05 0.0555
    1.0000E+00   1.39636E-04 0.0324
    1.0000E+01   2.22882E-04 0.0250
      total      7.47510E-04 0.0125
1analysis of the results in the tally fluctuation chart bin (tfc) for tally  12 with nps =     20000    print table 160


 normed average tally per history  = 7.47510E-04          unnormed average tally per history  = 6.09969E-01
 estimated tally relative error    = 0.0125               estimated variance of the variance  = 0.0051
 relative error from zero tallies  = 0.0084               relative error from nonzero scores  = 0.0093

 number of nonzero history tallies =        8345          efficiency for the nonzero tallies  = 0.4173
 history number of largest  tally  =       10769          largest  unnormalized history tally = 1.99986E+01
 (largest  tally)/(average tally)  = 3.27862E+01          (largest  tally)/(avg nonzero tally)= 1.36800E+01

 (confidence interval shift)/mean  = 0.0003               shifted confidence interval center  = 7.47742E-04


 if the largest  history score sampled so far were to occur on the next history, the tfc bin quantities would change as follows:

      estimated quantities           value at nps           value at nps+1           value(nps+1)/value(nps)-1.

      mean                            7.47510E-04             7.48698E-04                     0.001589
      relative error                  1.24973E-02             1.25773E-02                     0.006404
      variance of the variance        5.13284E-03             5.22121E-03                     0.017218
      shifted center                  7.47742E-04             7.47748E-04                     0.000007
      figure of merit                 4.92314E+05             4.86068E+05                    -0.012686

 the estimated inverse power slope of the 200 largest  tallies starting at 3.79559E+00 is 3.4303
 the large score tail of the empirical history score probability density function appears to have no unsampled regions.


 ===================================================================================================================================

           results of 10 statistical checks for the estimated answer for the tally fluctuation chart (tfc) bin of tally  12

 tfc bin     --mean--      ---------relative error---------      ----variance of the variance----      --figure of merit--     -pdf-
 behavior    behavior      value   decrease   decrease rate      value   decrease   decrease rate       value     behavior     slope

 desired      random       <0.10      yes      1/sqrt(nps)       <0.10      yes        1/nps           constant    random      >3.00
 observed     random        0.01      yes          yes            0.01      yes         yes            constant    random       3.43
 passed?        yes          yes      yes          yes             yes      yes         yes               yes        yes         yes

 ===================================================================================================================================




 this tally meets the statistical criteria used to form confidence intervals: check the tally fluctuation chart to verify.
 the results in other bins associated with this tally may not meet these statistical criteria.

 estimated asymmetric confidence interval(1,2,3 sigma): 7.3840E-04 to 7.5709E-04; 7.2905E-04 to 7.6643E-04; 7.1971E-04 to 7.7578E-04
 estimated  symmetric confidence interval(1,2,3 sigma): 7.3817E-04 to 7.5685E-04; 7.2883E-04 to 7.6619E-04; 7.1948E-04 to 7.7554E-04

 fom = (histories/minute)*(f(x) signal-to-noise ratio)**2 = (1.538E+06)*( 5.658E-01)**2 = (1.538E+06)*(3.201E-01) = 4.923E+05
1unnormed tally density for tally  12            nonzero tally mean(m) = 1.462E+00   nps =     20000    print table 161

 abscissa              ordinate   log plot of tally probability density function in tally fluctuation chart bin(d=decade,slope= 3.4)
  tally  number num den log den:d----------------------d------------------------d-----------------------d------------------------d--
 3.16-01     34 2.61-02  -1.583 ***********************|************************|*****************      |                        |  
 3.98-01     77 4.70-02  -1.328 ***********************|************************|***********************|                        |  
 5.01-01    136 6.60-02  -1.181 ***********************|************************|***********************|***                     |  
 6.31-01    218 8.40-02  -1.076 ***********************|************************|***********************|*****                   |  
 7.94-01    324 9.92-02  -1.004 ***********************|************************|***********************|*******                 |  
 1.00+00    585 1.42-01  -0.847 ***********************|************************|***********************|***********             |  
 1.26+00   3320 6.41-01  -0.193 ***********************|************************|***********************|************************|**
 1.58+00   1696 2.60-01  -0.585 mmmmmmmmmmmmmmmmmmmmmmm|mmmmmmmmmmmmmmmmmmmmmmmm|mmmmmmmmmmmmmmmmmmmmmmm|mmmmmmmmmmmmmmmmm       |  
 2.00+00    935 1.14-01  -0.943 ***********************|************************|***********************|*********               |  
 2.51+00    444 4.30-02  -1.367 ***********************|************************|********************** |                        |  
 3.16+00    269 2.07-02  -1.684 ***********************|************************|**************         |                        |  
 3.98+00    124 7.57-03  -2.121 ***********************|************************|****         s         |                        |  
 5.01+00     62 3.01-03  -2.522 ***********************|*******************     |         s             |                        |  
 6.31+00     51 1.97-03  -2.707 ***********************|**************          |     s                 |                        |  
 7.94+00     27 8.26-04  -3.083 ***********************|*****                   | s                     |                        |  
 1.00+01     17 4.13-04  -3.384 ********************** |                     s  |                       |                        |  
 1.26+01      3 5.79-05  -4.237 *                      |               s        |                       |                        |  
 1.58+01      5 7.67-05  -4.115 ****                   |         s              |                       |                        |  
 2.00+01     10 1.22-04  -3.914 *********              |   s                    |                       |                        |  
 2.51+01      8 7.74-05  -4.111 ****                s  |                        |                       |                        |  
  total    8345 4.17-01         d----------------------d------------------------d-----------------------d------------------------d--


 cumulative tally number for tally  12           nonzero tally mean(m) = 1.462E+00   nps =     20000    print table 162

   abscissa     cum   ordinate    plot of the cumulative number of tallies in the tally fluctuation chart bin from 0 to 100 percent
    tally      number  cum pct:--------10--------20--------30--------40--------50--------60--------70--------80--------90-------100
 3.16228E-01       34    0.407|         |         |         |         |         |         |         |         |         |         |
 3.98108E-01      111    1.330|*        |         |         |         |         |         |         |         |         |         |
 5.01188E-01      247    2.960|***      |         |         |         |         |         |         |         |         |         |
 6.30959E-01      465    5.572|******   |         |         |         |         |         |         |         |         |         |
 7.94328E-01      789    9.455|*********|         |         |         |         |         |         |         |         |         |
 1.00000E+00     1374   16.465|*********|******   |         |         |         |         |         |         |         |         |
 1.25893E+00     4694   56.249|*********|*********|*********|*********|*********|******   |         |         |         |         |
 1.58490E+00     6390   76.573|mmmmmmmmm|mmmmmmmmm|mmmmmmmmm|mmmmmmmmm|mmmmmmmmm|mmmmmmmmm|mmmmmmmmm|mmmmmmm  |         |         |
 1.99527E+00     7325   87.777|*********|*********|*********|*********|*********|*********|*********|*********|******** |         |
 2.51188E+00     7769   93.098|*********|*********|*********|*********|*********|*********|*********|*********|*********|***      |
 3.16228E+00     8038   96.321|*********|*********|*********|*********|*********|*********|*********|*********|*********|******   |
 3.98108E+00     8162   97.807|*********|*********|*********|*********|*********|*********|*********|*********|*********|******** |
 5.01188E+00     8224   98.550|*********|*********|*********|*********|*********|*********|*********|*********|*********|*********|
 6.30959E+00     8275   99.161|*********|*********|*********|*********|*********|*********|*********|*********|*********|*********|
 7.94328E+00     8302   99.485|*********|*********|*********|*********|*********|*********|*********|*********|*********|*********|
 1.00000E+01     8319   99.688|*********|*********|*********|*********|*********|*********|*********|*********|*********|*********|
 1.25893E+01     8322   99.724|*********|*********|*********|*********|*********|*********|*********|*********|*********|*********|
 1.58490E+01     8327   99.784|*********|*********|*********|*********|*********|*********|*********|*********|*********|*********|
 1.99527E+01     8337   99.904|*********|*********|*********|*********|*********|*********|*********|*********|*********|*********|
 2.51188E+01     8345  100.000|*********|*********|*********|*********|*********|*********|*********|*********|*********|*********|
    total        8345  100.000:--------10--------20--------30--------40--------50--------60--------70--------80--------90-------100
1cumulative unnormed tally for tally  12         nonzero tally mean(m) = 1.462E+00   nps =     20000    print table 162

  abscissa     cum    ordinate                plot of the cumulative tally in the tally fluctuation chart bin from 0 to 100 percent
   tally    tally/nps  cum pct:--------10--------20--------30--------40--------50--------60--------70--------80--------90-------100
 3.162E-01  4.942E-04    0.081|         |         |         |         |         |         |         |         |         |         |
 3.981E-01  1.871E-03    0.307|         |         |         |         |         |         |         |         |         |         |
 5.012E-01  4.944E-03    0.811|*        |         |         |         |         |         |         |         |         |         |
 6.310E-01  1.112E-02    1.823|**       |         |         |         |         |         |         |         |         |         |
 7.943E-01  2.266E-02    3.716|****     |         |         |         |         |         |         |         |         |         |
 1.000E+00  4.923E-02    8.071|******** |         |         |         |         |         |         |         |         |         |
 1.259E+00  2.335E-01   38.274|*********|*********|*********|******** |         |         |         |         |         |         |
 1.585E+00  3.521E-01   57.731|mmmmmmmmm|mmmmmmmmm|mmmmmmmmm|mmmmmmmmm|mmmmmmmmm|mmmmmmmm |         |         |         |         |
 1.995E+00  4.344E-01   71.209|*********|*********|*********|*********|*********|*********|*********|*        |         |         |
 2.512E+00  4.830E-01   79.191|*********|*********|*********|*********|*********|*********|*********|*********|         |         |
 3.162E+00  5.206E-01   85.345|*********|*********|*********|*********|*********|*********|*********|*********|*****    |         |
 3.981E+00  5.423E-01   88.904|*********|*********|*********|*********|*********|*********|*********|*********|*********|         |
 5.012E+00  5.561E-01   91.166|*********|*********|*********|*********|*********|*********|*********|*********|*********|*        |
 6.310E+00  5.703E-01   93.495|*********|*********|*********|*********|*********|*********|*********|*********|*********|***      |
 7.943E+00  5.795E-01   95.006|*********|*********|*********|*********|*********|*********|*********|*********|*********|*****    |
 1.000E+01  5.870E-01   96.231|*********|*********|*********|*********|*********|*********|*********|*********|*********|******   |
 1.259E+01  5.887E-01   96.506|*********|*********|*********|*********|*********|*********|*********|*********|*********|*******  |
 1.585E+01  5.923E-01   97.098|*********|*********|*********|*********|*********|*********|*********|*********|*********|*******  |
 1.995E+01  6.020E-01   98.690|*********|*********|*********|*********|*********|*********|*********|*********|*********|*********|
 2.512E+01  6.100E-01  100.000|*********|*********|*********|*********|*********|*********|*********|*********|*********|*********|
   total  6.09969E-01  100.000:--------10--------20--------30--------40--------50--------60--------70--------80--------90-------100
1tally  22        nps =    20000
+                                    Surface neutron fluxes over the short external vertical sides.            
           tally type 2    particle flux averaged over a surface.       units   1/cm**2   
           tally for  neutrons 

           areas   
                surface:    (23 24)                                                                                
                         4.16000E+02
 
 surface (23 24)                                                                                                       
      energy
    1.0000E-08   2.62918E-06 0.2811
    1.0000E-07   4.75287E-05 0.0618
    1.0000E-06   1.47213E-05 0.1123
    1.0000E-05   8.59831E-06 0.1615
    1.0000E-04   1.04368E-05 0.1520
    1.0000E-03   1.22311E-05 0.1430
    1.0000E-02   1.45269E-05 0.2103
    1.0000E-01   1.17501E-05 0.1486
    1.0000E+00   4.14992E-05 0.0975
    1.0000E+01   7.58744E-05 0.0556
      total      2.39796E-04 0.0333
1analysis of the results in the tally fluctuation chart bin (tfc) for tally  22 with nps =     20000    print table 160


 normed average tally per history  = 2.39796E-04          unnormed average tally per history  = 9.97551E-02
 estimated tally relative error    = 0.0333               estimated variance of the variance  = 0.0268
 relative error from zero tallies  = 0.0248               relative error from nonzero scores  = 0.0222

 number of nonzero history tallies =        1509          efficiency for the nonzero tallies  = 0.0755
 history number of largest  tally  =        6238          largest  unnormalized history tally = 1.99849E+01
 (largest  tally)/(average tally)  = 2.00340E+02          (largest  tally)/(avg nonzero tally)= 1.51156E+01

 (confidence interval shift)/mean  = 0.0019               shifted confidence interval center  = 2.40244E-04


 if the largest  history score sampled so far were to occur on the next history, the tfc bin quantities would change as follows:

      estimated quantities           value at nps           value at nps+1           value(nps+1)/value(nps)-1.

      mean                            2.39796E-04             2.42186E-04                     0.009966
      relative error                  3.32537E-02             3.43709E-02                     0.033596
      variance of the variance        2.67646E-02             2.93141E-02                     0.095257
      shifted center                  2.40244E-04             2.40305E-04                     0.000254
      figure of merit                 6.95337E+04             6.50869E+04                    -0.063952

 the estimated inverse power slope of the  75 largest  tallies starting at 2.44252E+00 is 2.7031
 the history score probability density function appears to have an unsampled region at the largest  history scores: please examine.


 ===================================================================================================================================

           results of 10 statistical checks for the estimated answer for the tally fluctuation chart (tfc) bin of tally  22

 tfc bin     --mean--      ---------relative error---------      ----variance of the variance----      --figure of merit--     -pdf-
 behavior    behavior      value   decrease   decrease rate      value   decrease   decrease rate       value     behavior     slope

 desired      random       <0.10      yes      1/sqrt(nps)       <0.10      yes        1/nps           constant    random      >3.00
 observed     random        0.03      yes          yes            0.03      yes         yes            constant    random       2.70
 passed?        yes          yes      yes          yes             yes      yes         yes               yes        yes          no

 ===================================================================================================================================


 warning.  the tally in the tally fluctuation chart bin did not pass  1 of the 10 statistical checks.

 fom = (histories/minute)*(f(x) signal-to-noise ratio)**2 = (1.538E+06)*( 2.126E-01)**2 = (1.538E+06)*(4.522E-02) = 6.953E+04
1unnormed tally density for tally  22            nonzero tally mean(m) = 1.322E+00   nps =     20000    print table 161

 abscissa              ordinate   log plot of tally probability density function in tally fluctuation chart bin(d=decade,slope= 2.7)
  tally  number num den log den:d------------------------d-------------------------d-------------------------d----------------------
 3.16-01     10 7.69-03  -2.114 *************************|*************************|****************         |                      
 3.98-01     19 1.16-02  -1.935 *************************|*************************|*********************    |                      
 5.01-01     48 2.33-02  -1.633 *************************|*************************|*************************|***                   
 6.31-01     51 1.97-02  -1.707 *************************|*************************|*************************|*                     
 7.94-01     66 2.02-02  -1.695 *************************|*************************|*************************|*                     
 1.00+00    131 3.18-02  -1.497 *************************|*************************|*************************|******                
 1.26+00    679 1.31-01  -0.882 *************************|*************************|*************************|**********************
 1.58+00    253 3.88-02  -1.411 mmmmmmmmmmmmmmmmmmmmmmmmm|mmmmmmmmmmmmmmmmmmmmmmmmm|mmmmmmmmmmmmmmmmmmmmmmmmm|mmmmmmmm              
 2.00+00    117 1.43-02  -1.846 *************************|*************************|***********************  |                      
 2.51+00     68 6.58-03  -2.182 *************************|*************************|**************         s |                      
 3.16+00     23 1.77-03  -2.752 *************************|*************************|                   s     |                      
 3.98+00     21 1.28-03  -2.892 *************************|**********************   |              s          |                      
 5.01+00     10 4.85-04  -3.314 *************************|***********              |         s               |                      
 6.31+00      2 7.71-05  -4.113 *****************        |                         |    s                    |                      
 7.94+00      5 1.53-04  -3.815 ************************ |                         s                         |                      
 1.00+01      2 4.86-05  -4.313 ***********              |                   s     |                         |                      
 1.26+01      1 1.93-05  -4.714 *                        |             s           |                         |                      
 1.58+01      0 0.00+00   0.000                          |       s                 |                         |                      
 2.00+01      0 0.00+00   0.000                          | s                       |                         |                      
 2.51+01      3 2.90-05  -4.537 ******              s    |                         |                         |                      
  total    1509 7.55-02         d------------------------d-------------------------d-------------------------d----------------------


 cumulative tally number for tally  22           nonzero tally mean(m) = 1.322E+00   nps =     20000    print table 162

   abscissa     cum   ordinate    plot of the cumulative number of tallies in the tally fluctuation chart bin from 0 to 100 percent
    tally      number  cum pct:--------10--------20--------30--------40--------50--------60--------70--------80--------90-------100
 3.16228E-01       10    0.663|*        |         |         |         |         |         |         |         |         |         |
 3.98108E-01       29    1.922|**       |         |         |         |         |         |         |         |         |         |
 5.01188E-01       77    5.103|*****    |         |         |         |         |         |         |         |         |         |
 6.30959E-01      128    8.482|******** |         |         |         |         |         |         |         |         |         |
 7.94328E-01      194   12.856|*********|***      |         |         |         |         |         |         |         |         |
 1.00000E+00      325   21.537|*********|*********|**       |         |         |         |         |         |         |         |
 1.25893E+00     1004   66.534|*********|*********|*********|*********|*********|*********|*******  |         |         |         |
 1.58490E+00     1257   83.300|mmmmmmmmm|mmmmmmmmm|mmmmmmmmm|mmmmmmmmm|mmmmmmmmm|mmmmmmmmm|mmmmmmmmm|mmmmmmmmm|mmm      |         |
 1.99527E+00     1374   91.054|*********|*********|*********|*********|*********|*********|*********|*********|*********|*        |
 2.51188E+00     1442   95.560|*********|*********|*********|*********|*********|*********|*********|*********|*********|******   |
 3.16228E+00     1465   97.084|*********|*********|*********|*********|*********|*********|*********|*********|*********|*******  |
 3.98108E+00     1486   98.476|*********|*********|*********|*********|*********|*********|*********|*********|*********|******** |
 5.01188E+00     1496   99.139|*********|*********|*********|*********|*********|*********|*********|*********|*********|*********|
 6.30959E+00     1498   99.271|*********|*********|*********|*********|*********|*********|*********|*********|*********|*********|
 7.94328E+00     1503   99.602|*********|*********|*********|*********|*********|*********|*********|*********|*********|*********|
 1.00000E+01     1505   99.735|*********|*********|*********|*********|*********|*********|*********|*********|*********|*********|
 1.25893E+01     1506   99.801|*********|*********|*********|*********|*********|*********|*********|*********|*********|*********|
 1.58490E+01     1506   99.801|*********|*********|*********|*********|*********|*********|*********|*********|*********|*********|
 1.99527E+01     1506   99.801|*********|*********|*********|*********|*********|*********|*********|*********|*********|*********|
 2.51188E+01     1509  100.000|*********|*********|*********|*********|*********|*********|*********|*********|*********|*********|
    total        1509  100.000:--------10--------20--------30--------40--------50--------60--------70--------80--------90-------100
1cumulative unnormed tally for tally  22         nonzero tally mean(m) = 1.322E+00   nps =     20000    print table 162

  abscissa     cum    ordinate                plot of the cumulative tally in the tally fluctuation chart bin from 0 to 100 percent
   tally    tally/nps  cum pct:--------10--------20--------30--------40--------50--------60--------70--------80--------90-------100
 3.162E-01  1.526E-04    0.153|         |         |         |         |         |         |         |         |         |         |
 3.981E-01  4.986E-04    0.500|         |         |         |         |         |         |         |         |         |         |
 5.012E-01  1.595E-03    1.599|**       |         |         |         |         |         |         |         |         |         |
 6.310E-01  3.029E-03    3.037|***      |         |         |         |         |         |         |         |         |         |
 7.943E-01  5.336E-03    5.350|*****    |         |         |         |         |         |         |         |         |         |
 1.000E+00  1.128E-02   11.311|*********|*        |         |         |         |         |         |         |         |         |
 1.259E+00  4.848E-02   48.596|*********|*********|*********|*********|*********|         |         |         |         |         |
 1.585E+00  6.618E-02   66.346|mmmmmmmmm|mmmmmmmmm|mmmmmmmmm|mmmmmmmmm|mmmmmmmmm|mmmmmmmmm|mmmmmm   |         |         |         |
 1.995E+00  7.631E-02   76.493|*********|*********|*********|*********|*********|*********|*********|******   |         |         |
 2.512E+00  8.390E-02   84.103|*********|*********|*********|*********|*********|*********|*********|*********|****     |         |
 3.162E+00  8.706E-02   87.278|*********|*********|*********|*********|*********|*********|*********|*********|*******  |         |
 3.981E+00  9.080E-02   91.019|*********|*********|*********|*********|*********|*********|*********|*********|*********|*        |
 5.012E+00  9.303E-02   93.260|*********|*********|*********|*********|*********|*********|*********|*********|*********|***      |
 6.310E+00  9.360E-02   93.826|*********|*********|*********|*********|*********|*********|*********|*********|*********|****     |
 7.943E+00  9.534E-02   95.576|*********|*********|*********|*********|*********|*********|*********|*********|*********|******   |
 1.000E+01  9.619E-02   96.423|*********|*********|*********|*********|*********|*********|*********|*********|*********|******   |
 1.259E+01  9.676E-02   96.997|*********|*********|*********|*********|*********|*********|*********|*********|*********|*******  |
 1.585E+01  9.676E-02   96.997|*********|*********|*********|*********|*********|*********|*********|*********|*********|*******  |
 1.995E+01  9.676E-02   96.997|*********|*********|*********|*********|*********|*********|*********|*********|*********|*******  |
 2.512E+01  9.976E-02  100.000|*********|*********|*********|*********|*********|*********|*********|*********|*********|*********|
   total  9.97551E-02  100.000:--------10--------20--------30--------40--------50--------60--------70--------80--------90-------100
1tally  32        nps =    20000
+                                    Surface neutron fluxes over the external base.                            
           tally type 2    particle flux averaged over a surface.       units   1/cm**2   
           tally for  neutrons 

           areas   
                surface:      25                                                                                   
                         2.12160E+02
 
 surface  25                                                                                                           
      energy
    1.0000E-08   1.02309E-05 0.1663
    1.0000E-07   2.61021E-04 0.0407
    1.0000E-06   1.28880E-04 0.0790
    1.0000E-05   1.13819E-04 0.0934
    1.0000E-04   1.20350E-04 0.0838
    1.0000E-03   1.38647E-04 0.0696
    1.0000E-02   1.81311E-04 0.0546
    1.0000E-01   2.93354E-04 0.0512
    1.0000E+00   8.96721E-04 0.0279
    1.0000E+01   1.28040E-03 0.0194
      total      3.42473E-03 0.0118
1analysis of the results in the tally fluctuation chart bin (tfc) for tally  32 with nps =     20000    print table 160


 normed average tally per history  = 3.42473E-03          unnormed average tally per history  = 7.26591E-01
 estimated tally relative error    = 0.0118               estimated variance of the variance  = 0.0045
 relative error from zero tallies  = 0.0079               relative error from nonzero scores  = 0.0088

 number of nonzero history tallies =        8845          efficiency for the nonzero tallies  = 0.4423
 history number of largest  tally  =        4590          largest  unnormalized history tally = 2.00000E+01
 (largest  tally)/(average tally)  = 2.75258E+01          (largest  tally)/(avg nonzero tally)= 1.21733E+01

 (confidence interval shift)/mean  = 0.0003               shifted confidence interval center  = 3.42568E-03


 if the largest  history score sampled so far were to occur on the next history, the tfc bin quantities would change as follows:

      estimated quantities           value at nps           value at nps+1           value(nps+1)/value(nps)-1.

      mean                            3.42473E-03             3.42927E-03                     0.001326
      relative error                  1.18275E-02             1.18853E-02                     0.004884
      variance of the variance        4.51981E-03             4.56018E-03                     0.008932
      shifted center                  3.42568E-03             3.42570E-03                     0.000004
      figure of merit                 5.49652E+05             5.44322E+05                    -0.009697

 the estimated inverse power slope of the 198 largest  tallies starting at 4.14650E+00 is 2.3839
 the empirical history score probability density function appears to be increasing at the largest  history scores: please examine.
 the large score tail of the empirical history score probability density function appears to have no unsampled regions.


 ===================================================================================================================================

           results of 10 statistical checks for the estimated answer for the tally fluctuation chart (tfc) bin of tally  32

 tfc bin     --mean--      ---------relative error---------      ----variance of the variance----      --figure of merit--     -pdf-
 behavior    behavior      value   decrease   decrease rate      value   decrease   decrease rate       value     behavior     slope

 desired      random       <0.10      yes      1/sqrt(nps)       <0.10      yes        1/nps           constant    random      >3.00
 observed     random        0.01      yes          yes            0.00      yes         yes            constant    random       2.38
 passed?        yes          yes      yes          yes             yes      yes         yes               yes        yes          no

 ===================================================================================================================================


 warning.  the tally in the tally fluctuation chart bin did not pass  1 of the 10 statistical checks.

 fom = (histories/minute)*(f(x) signal-to-noise ratio)**2 = (1.538E+06)*( 5.978E-01)**2 = (1.538E+06)*(3.574E-01) = 5.497E+05
1unnormed tally density for tally  32            nonzero tally mean(m) = 1.643E+00   nps =     20000    print table 161

 abscissa              ordinate   log plot of tally probability density function in tally fluctuation chart bin(d=decade,slope= 2.4)
  tally  number num den log den:d--------------------d---------------------d---------------------d---------------------d------------
 3.16-01      8 6.15-03  -2.211 *********************|*********************|************         |                     |            
 3.98-01     27 1.65-02  -1.783 *********************|*********************|*********************|                     |            
 5.01-01     51 2.47-02  -1.607 *********************|*********************|*********************|***                  |            
 6.31-01     74 2.85-02  -1.545 *********************|*********************|*********************|****                 |            
 7.94-01    136 4.16-02  -1.381 *********************|*********************|*********************|********             |            
 1.00+00    313 7.61-02  -1.119 *********************|*********************|*********************|**************       |            
 1.26+00   3287 6.35-01  -0.197 *********************|*********************|*********************|*********************|************
 1.58+00   2039 3.13-01  -0.505 *********************|*********************|*********************|*********************|*****       
 2.00+00   1268 1.54-01  -0.811 mmmmmmmmmmmmmmmmmmmmm|mmmmmmmmmmmmmmmmmmmmm|mmmmmmmmmmmmmmmmmmmmm|mmmmmmmmmmmmmmmmmmmmm|            
 2.51+00    791 7.66-02  -1.116 *********************|*********************|*********************|**************       |            
 3.16+00    417 3.21-02  -1.494 *********************|*********************|*********************|******               |            
 3.98+00    205 1.25-02  -1.902 *********************|*********************|*******************  |                     |            
 5.01+00    105 5.09-03  -2.293 *********************|*********************|**********         s |                     |            
 6.31+00     47 1.81-03  -2.742 *********************|*********************|               s     |                     |            
 7.94+00     27 8.26-04  -3.083 *********************|***************      |            s        |                     |            
 1.00+01     18 4.38-04  -3.359 *********************|*********            |       s             |                     |            
 1.26+01      1 1.93-05  -4.714 *                    |                     |   s                 |                     |            
 1.58+01      2 3.07-05  -4.513 *****                |                     s                     |                     |            
 2.00+01     13 1.58-04  -3.800 *********************|                s    |                     |                     |            
 2.51+01     16 1.55-04  -3.810 *********************|           s         |                     |                     |            
  total    8845 4.42-01         d--------------------d---------------------d---------------------d---------------------d------------


 cumulative tally number for tally  32           nonzero tally mean(m) = 1.643E+00   nps =     20000    print table 162

   abscissa     cum   ordinate    plot of the cumulative number of tallies in the tally fluctuation chart bin from 0 to 100 percent
    tally      number  cum pct:--------10--------20--------30--------40--------50--------60--------70--------80--------90-------100
 3.16228E-01        8    0.090|         |         |         |         |         |         |         |         |         |         |
 3.98108E-01       35    0.396|         |         |         |         |         |         |         |         |         |         |
 5.01188E-01       86    0.972|*        |         |         |         |         |         |         |         |         |         |
 6.30959E-01      160    1.809|**       |         |         |         |         |         |         |         |         |         |
 7.94328E-01      296    3.347|***      |         |         |         |         |         |         |         |         |         |
 1.00000E+00      609    6.885|*******  |         |         |         |         |         |         |         |         |         |
 1.25893E+00     3896   44.047|*********|*********|*********|*********|****     |         |         |         |         |         |
 1.58490E+00     5935   67.100|*********|*********|*********|*********|*********|*********|*******  |         |         |         |
 1.99527E+00     7203   81.436|mmmmmmmmm|mmmmmmmmm|mmmmmmmmm|mmmmmmmmm|mmmmmmmmm|mmmmmmmmm|mmmmmmmmm|mmmmmmmmm|m        |         |
 2.51188E+00     7994   90.379|*********|*********|*********|*********|*********|*********|*********|*********|*********|         |
 3.16228E+00     8411   95.093|*********|*********|*********|*********|*********|*********|*********|*********|*********|*****    |
 3.98108E+00     8616   97.411|*********|*********|*********|*********|*********|*********|*********|*********|*********|*******  |
 5.01188E+00     8721   98.598|*********|*********|*********|*********|*********|*********|*********|*********|*********|*********|
 6.30959E+00     8768   99.129|*********|*********|*********|*********|*********|*********|*********|*********|*********|*********|
 7.94328E+00     8795   99.435|*********|*********|*********|*********|*********|*********|*********|*********|*********|*********|
 1.00000E+01     8813   99.638|*********|*********|*********|*********|*********|*********|*********|*********|*********|*********|
 1.25893E+01     8814   99.650|*********|*********|*********|*********|*********|*********|*********|*********|*********|*********|
 1.58490E+01     8816   99.672|*********|*********|*********|*********|*********|*********|*********|*********|*********|*********|
 1.99527E+01     8829   99.819|*********|*********|*********|*********|*********|*********|*********|*********|*********|*********|
 2.51188E+01     8845  100.000|*********|*********|*********|*********|*********|*********|*********|*********|*********|*********|
    total        8845  100.000:--------10--------20--------30--------40--------50--------60--------70--------80--------90-------100
1cumulative unnormed tally for tally  32         nonzero tally mean(m) = 1.643E+00   nps =     20000    print table 162

  abscissa     cum    ordinate                plot of the cumulative tally in the tally fluctuation chart bin from 0 to 100 percent
   tally    tally/nps  cum pct:--------10--------20--------30--------40--------50--------60--------70--------80--------90-------100
 3.162E-01  1.137E-04    0.016|         |         |         |         |         |         |         |         |         |         |
 3.981E-01  6.106E-04    0.084|         |         |         |         |         |         |         |         |         |         |
 5.012E-01  1.775E-03    0.244|         |         |         |         |         |         |         |         |         |         |
 6.310E-01  3.855E-03    0.531|*        |         |         |         |         |         |         |         |         |         |
 7.943E-01  8.675E-03    1.194|*        |         |         |         |         |         |         |         |         |         |
 1.000E+00  2.294E-02    3.157|***      |         |         |         |         |         |         |         |         |         |
 1.259E+00  2.060E-01   28.356|*********|*********|******** |         |         |         |         |         |         |         |
 1.585E+00  3.487E-01   47.991|*********|*********|*********|*********|******** |         |         |         |         |         |
 1.995E+00  4.607E-01   63.401|mmmmmmmmm|mmmmmmmmm|mmmmmmmmm|mmmmmmmmm|mmmmmmmmm|mmmmmmmmm|mmm      |         |         |         |
 2.512E+00  5.485E-01   75.483|*********|*********|*********|*********|*********|*********|*********|*****    |         |         |
 3.162E+00  6.066E-01   83.482|*********|*********|*********|*********|*********|*********|*********|*********|***      |         |
 3.981E+00  6.428E-01   88.461|*********|*********|*********|*********|*********|*********|*********|*********|******** |         |
 5.012E+00  6.657E-01   91.621|*********|*********|*********|*********|*********|*********|*********|*********|*********|**       |
 6.310E+00  6.785E-01   93.385|*********|*********|*********|*********|*********|*********|*********|*********|*********|***      |
 7.943E+00  6.881E-01   94.699|*********|*********|*********|*********|*********|*********|*********|*********|*********|*****    |
 1.000E+01  6.963E-01   95.836|*********|*********|*********|*********|*********|*********|*********|*********|*********|******   |
 1.259E+01  6.968E-01   95.906|*********|*********|*********|*********|*********|*********|*********|*********|*********|******   |
 1.585E+01  6.982E-01   96.088|*********|*********|*********|*********|*********|*********|*********|*********|*********|******   |
 1.995E+01  7.106E-01   97.800|*********|*********|*********|*********|*********|*********|*********|*********|*********|******** |
 2.512E+01  7.266E-01  100.000|*********|*********|*********|*********|*********|*********|*********|*********|*********|*********|
   total  7.26591E-01  100.000:--------10--------20--------30--------40--------50--------60--------70--------80--------90-------100
1    some tally scores were not made for various reasons:

                                  beyond last bin     not in
                   tally      angle   energy   time    user         
                     12          0       5       0       0
                     22          0       1       0       0
                     32          0       6       0       0
1status of the statistical checks used to form confidence intervals for the mean for each tally bin


 tally   result of statistical checks for the tfc bin (the first check not passed is listed) and error magnitude check for all bins

    12   passed the 10 statistical checks for the tally fluctuation chart bin result               
         missed all bin error check:    11 tally bins had     0 bins with zeros and     1 bins with relative errors exceeding 0.10

    22   missed  1 of 10 tfc bin checks: the slope of decrease of largest tallies is less than the minimum acceptable value of 3.0 
         missed all bin error check:    11 tally bins had     0 bins with zeros and     7 bins with relative errors exceeding 0.10

    32   missed  1 of 10 tfc bin checks: the slope of decrease of largest tallies is less than the minimum acceptable value of 3.0 
         missed all bin error check:    11 tally bins had     0 bins with zeros and     1 bins with relative errors exceeding 0.10


 the 10 statistical checks are only for the tally fluctuation chart bin and do not apply to other tally bins.

 warning.     2 of the   3 tally fluctuation chart bins did not pass all 10 statistical checks.
 warning.     3 of the   3 tallies had bins with relative errors greater than recommended.
1tally fluctuation charts                         

                       tally   12                                tally   22                                tally   32
       nps      mean     error   vov  slope    fom      mean     error   vov  slope    fom      mean     error   vov  slope    fom
      1000   7.2532E-04 0.0477 0.0124  0.0  688158   2.6468E-04 0.1344 0.0770  0.0   86569   3.3547E-03 0.0422 0.0065  0.0  876151
      2000   7.5138E-04 0.0353 0.0309  4.0  656473   2.7949E-04 0.1240 0.2382  0.0   53053   3.4822E-03 0.0360 0.0382  3.3  631048
      3000   7.4715E-04 0.0306 0.0270  3.7  565307   2.7738E-04 0.1091 0.1593  0.0   44340   3.4604E-03 0.0277 0.0224  3.5  689590
      4000   7.5424E-04 0.0279 0.0238  3.0  503807   2.7559E-04 0.0871 0.1278  0.0   51840   3.4448E-03 0.0247 0.0193  3.1  644677
      5000   7.5129E-04 0.0250 0.0200  3.1  503569   2.6160E-04 0.0766 0.1083  0.0   53540   3.4223E-03 0.0228 0.0167  2.8  603919
      6000   7.5481E-04 0.0226 0.0169  2.9  514595   2.4743E-04 0.0692 0.0984  0.0   54855   3.3947E-03 0.0209 0.0140  2.8  600930
      7000   7.4932E-04 0.0204 0.0141  2.9  536249   2.4852E-04 0.0669 0.0880  2.5   50058   3.3663E-03 0.0191 0.0114  2.9  616868
      8000   7.4772E-04 0.0190 0.0118  2.8  542080   2.4617E-04 0.0606 0.0797  2.8   53006   3.4089E-03 0.0185 0.0109  2.6  571669
      9000   7.4757E-04 0.0177 0.0099  2.9  547253   2.4360E-04 0.0557 0.0726  2.4   55464   3.4158E-03 0.0174 0.0095  2.7  571533
     10000   7.5113E-04 0.0166 0.0084  3.0  561938   2.4044E-04 0.0520 0.0663  2.4   57298   3.4189E-03 0.0168 0.0090  2.6  547832
     11000   7.5398E-04 0.0165 0.0092  2.8  520761   2.4236E-04 0.0483 0.0591  2.3   60504   3.4298E-03 0.0161 0.0082  2.4  544211
     12000   7.5409E-04 0.0157 0.0082  2.8  529652   2.4086E-04 0.0464 0.0518  2.3   60423   3.4149E-03 0.0152 0.0075  2.4  565780
     13000   7.5268E-04 0.0153 0.0077  2.8  515811   2.3947E-04 0.0440 0.0476  2.3   61870   3.4416E-03 0.0146 0.0069  2.3  559851
     14000   7.5187E-04 0.0146 0.0069  3.0  517918   2.4093E-04 0.0420 0.0422  2.5   62452   3.4306E-03 0.0141 0.0064  2.3  555870
     15000   7.5205E-04 0.0143 0.0067  3.0  500646   2.4272E-04 0.0400 0.0379  2.6   64202   3.4288E-03 0.0135 0.0058  2.3  565347
     16000   7.4745E-04 0.0138 0.0062  3.2  507599   2.4119E-04 0.0384 0.0355  2.6   65407   3.4190E-03 0.0130 0.0055  2.3  567529
     17000   7.4926E-04 0.0134 0.0059  3.3  504203   2.4225E-04 0.0369 0.0323  2.6   66419   3.4014E-03 0.0126 0.0051  2.4  571127
     18000   7.5004E-04 0.0131 0.0057  3.2  496526   2.4039E-04 0.0356 0.0307  2.5   67503   3.4194E-03 0.0125 0.0050  2.3  550192
     19000   7.4661E-04 0.0128 0.0054  3.3  491638   2.3902E-04 0.0345 0.0288  2.5   68204   3.4354E-03 0.0122 0.0049  2.3  546513
     20000   7.4751E-04 0.0125 0.0051  3.4  492314   2.3980E-04 0.0333 0.0268  2.7   69534   3.4247E-03 0.0118 0.0045  2.4  549652

 ***********************************************************************************************************************
 dump no.    2 on file runtpe       nps =     20000     coll =         384841     ctm =    0.01     nrn =        6407794


         8 warning messages so far.


 run terminated when     20000 particle histories were done.

 computer time =    0.02 minutes

 mcnp     version 4c2   01/20/01                      04/15/19 09:50:48                    probid =   04/15/19 09:50:47
