1mcnp     version 4c2   ld=01/20/01                      04/17/19 13:38:57
 *************************************************************************                 probid =   04/17/19 13:38:57
 inp=Ex1.ip outp=Ex1.out                                                         

    1-       Hoi Yeung Wong - Monte Carlo Radiation Transport 2018/19 MCNP Assessment 1      
    2-       C Created by Ocean Wong (Hoi Yeung Wong)                                        
    3-       C Institution: University of Birmingham                                         
    4-       C Course: MSc PTNR                                                              
    5-       C Student ID: 1625143                                                           
    6-       C Created      : 2019-03-06                                                     
    7-       C Last modified: 2019-04-14                                                     
    8-       C                                                                               
    9-       C ____Cells and importance ____                                                 
   10-       1    1 -1.00 (11 -12 13 -14 15 -16) imp:n=1 $ Water                             
   11-       2    2 -7.92 (21 -22 23 -24 25 -26) (-11:12:-13:14:-15) imp:n=1 $Tank           
   12-       3    0       (11 -12 13 -14 16 -26) imp:n=1 $ void above water                  
   13-       C imp!=0 to allow neutrons to re-enter the SS can.                              
   14-       4    0       (-21:22:-23:24:-25:26) imp:n=0 $ Void outside                      
   15-                                                                                       
   16-       C ____ Surface definitions ____                                                 
   17-       C Wetted surfaces, and free surface of water.                                   
   18-       11   PX  -5.0 $ Long side  (left )                                              
   19-       12   PX   5.0 $ Long side  (right)                                              
   20-       13   PY -10.0 $ Short side (near side)                                          
   21-       14   PY  10.0 $ Short side ( far side)                                          
   22-       15   PZ -9.80 $ Base       ( internal)                                          
   23-       16   PZ  9.00 $ Water level                                                     
   24-       C Stainless steel tank exterior surface                                         
   25-       21   PX  -5.2 $ Long side  (left )                                              
   26-       22   PX   5.2 $ Long side  (right)                                              
   27-       23   PY -10.2 $ Short side (near side)                                          
   28-       24   PY  10.2 $ Short side ( far side)                                          
   29-       25   PZ -10.0 $ Base       ( external)                                          
   30-       26   PZ  10.0 $ Top        (of the rims)                                        
   31-                                                                                       
   32-       C ____Materials definitions____                                                 
   33-       C Water                                                                         
   34-       M1    1001.42c -0.11190 $ H-1  and mass fraction                                
   35-             8016.42c -0.88810 $ O-16 and mass fraction                                
   36-       C stainless steel, data retrieved from the endf92 database.                     
   37-       M2   24000.42c -0.18000 $ 18% Cr content                                        
   38-            26000.42c -0.74000 $ 74% Fe                                                
   39-            28000.42c -0.08000 $ 08% Ni content                                        
   40-       C                                                                               
   41-       C ____Mode card____                                                             
   42-       C Assume photoneutron production rate is negligible, so ignore photons          
   43-       Mode N $ Importances has already been defined above                             
   44-       C                                                                               
   45-       C ____Source definitions___                                                     
   46-       C Simple point source 2cm above the internal (wetted) base                      
   47-       SDEF POS=0.0 0.0 -7.8 ERG=D1 PAR=1                                              
   48-       SP1  -3 0.988 2.249 $Watt spectrum with param's for n(thm)+U235                 
   49-       C SI1 card not required because the Watt spectrum already defined this.         
   50-       C                                                                               
   51-       C ____Tallies____                                                               
   52-       E0   1E-9 2.15443469E-9 4.64158883E-9 1E-8 2.15443469E-8 4.64158883E-8          
   53-            1E-7 2.15443469E-7 4.64158883E-7 1E-6 2.15443469E-6 4.64158883E-6          
   54-            1E-5 2.15443469E-5 4.64158883E-5 1E-4 2.15443469E-4 4.64158883E-4          
   55-            1E-3 2.15443469E-3 4.64158883E-3 1E-2 2.15443469E-2 4.64158883E-2          
   56-            1E-1 2.15443469E-1 4.64158883E-1 1E0 2.15443469E0 4.64158883E0 1E1         
   57-       FC12  Surface neutron fluxes over the long external vertical sides.             
   58-       F12:N (21 22)                                                                   
   59-       FC22  Surface neutron fluxes over the short external vertical sides.            
   60-       F22:N (23 24)                                                                   
   61-       FC32  Surface neutron fluxes over the external base.                            
   62-       F32:N 25                                                                        
   63-       C                                                                               
   64-       C ____Other control commands____                                                
   65-       C PRINT 110 $The source location has been confirmed using this card             
   66-       PRINT 160 161 162                                                               
   67-       NPS  16000000                                                                   
1cells                                                                                                  print table 60

                      atom        gram                                     neutron                                     
        cell  mat    density     density     volume       mass     pieces importance                                   

     1     1    1  1.00300E-01 1.00000E+00 3.76000E+03 3.76000E+03     0  1.0000E+00                                   
     2     2    2  8.62096E-02 7.92000E+00 2.83200E+02 2.24294E+03     0  1.0000E+00                                   
     3     3    0  0.00000E+00 0.00000E+00 2.00000E+02 0.00000E+00     0  1.0000E+00                                   
     4     4    0  0.00000E+00 0.00000E+00 0.00000E+00 0.00000E+00     0  0.0000E+00                                   

 total                                     4.24320E+03 6.00294E+03


 random number control    0.727343232450560E+14

    minimum source weight = 1.0000E+00    maximum source weight = 1.0000E+00
1cross-section tables                                                                                   print table 100

     table    length

                        tables from file endl92                                                          

   1001.42c    1396   ENDL library name:  nd920609  MCNP translation:  930914 12:03:33                       920205    
                     temperature = 2.5860E-08 adjusted to 2.5300E-08
   8016.42c    5374   ENDL library name:  nd920609  MCNP translation:  930914 12:03:33                       911219    
                     temperature = 2.5860E-08 adjusted to 2.5300E-08
  24000.42c    8945   ENDL library name:  nd920609  MCNP translation:  930914 12:03:33                       911219    
                     temperature = 2.5860E-08 adjusted to 2.5300E-08
  26000.42c   18461   ENDL library name:  nd920609  MCNP translation:  930914 12:03:33                       911219    
                     temperature = 2.5860E-08 adjusted to 2.5300E-08
  28000.42c   25438   ENDL library name:  nd920609  MCNP translation:  930914 12:03:33                       911219    
                     temperature = 2.5860E-08 adjusted to 2.5300E-08

  total       59614
 
 warning.  neutron energy cutoff is below some cross-section tables.
 
 warning.     5 cross sections modified by free gas thermal treatment.





 decimal words of dynamically allocated storage

     general               6570
     tallies              20688
     bank                 46724
     cross sections      119228

     total               181618     =      726472 bytes

     available (mdas)   4000000

 ***********************************************************************************************************************
 dump no.    1 on file runtpe       nps =         0     coll =              0     ctm =    0.00     nrn =              0


         2 warning messages so far.
 warning.  tally not scored beyond last energy bin.                    
 nps =      2946     nrn =         1069844     tal =   12     erg = 1.0309E+01      
 warning.  tally not scored beyond last energy bin.                    
 nps =      5209     nrn =         1917434     tal =   32     erg = 1.0604E+01      
 warning.  tally not scored beyond last energy bin.                    
 nps =     16331     nrn =         5907576     tal =   22     erg = 1.1343E+01      
1problem summary                                                                                                       

      run terminated when  16000000 particle histories were done.
+                                                                                                     04/17/19 13:50:05
      Hoi Yeung Wong - Monte Carlo Radiation Transport 2018/19 MCNP Assessment 1           probid =   04/17/19 13:38:57
0
 neutron creation    tracks      weight        energy            neutron loss        tracks      weight        energy
                                 (per source particle)                                           (per source particle)

 source            16000000    1.0000E+00    2.0311E+00          escape            15683300    8.9462E-01    9.5437E-01
                                                                 energy cutoff            0    0.            0.        
                                                                 time cutoff              0    0.            0.        
 weight window            0    0.            0.                  weight window            0    0.            0.        
 cell importance          0    0.            0.                  cell importance          0    0.            0.        
 weight cutoff            0    4.7528E-03    1.7627E-10          weight cutoff       316715    4.7580E-03    1.7619E-10
 energy importance        0    0.            0.                  energy importance        0    0.            0.        
 dxtran                   0    0.            0.                  dxtran                   0    0.            0.        
 forced collisions        0    0.            0.                  forced collisions        0    0.            0.        
 exp. transform           0    0.            0.                  exp. transform           0    0.            0.        
 upscattering             0    0.            1.1182E-07          downscattering           0    0.            1.0692E+00
 photonuclear             0    0.            0.                  capture                  0    1.0538E-01    7.4994E-03
 (n,xn)                  30    1.7169E-06    1.4541E-06          loss to (n,xn)          15    8.5843E-07    1.0427E-05
 prompt fission           0    0.            0.                  loss to fission          0    0.            0.        
 delayed fission          0    0.            0.                                                                        
     total         16000030    1.0048E+00    2.0311E+00              total         16000030    1.0048E+00    2.0311E+00

   number of neutrons banked                      15        average time of (shakes)              cutoffs
   neutron tracks per source particle     1.0000E+00          escape            1.2425E+03          tco   1.0000E+34
   neutron collisions per source particle 2.1572E+01          capture           7.1323E+03          eco   0.0000E+00
   total neutron collisions                345151467          capture or escape 1.8632E+03          wc1  -5.0000E-01
   net multiplication              1.0000E+00 0.0000          any termination   1.9839E+03          wc2  -2.5000E-01

 computer time so far in this run    22.26 minutes            maximum number ever in bank         1
 computer time in mcrun              11.13 minutes            bank overflows to backup file       0
 source particles per minute            1.4378E+06            dynamic storage    181622 words,     726488 bytes.
 random numbers generated               5769495447            most random numbers used was    11141 in history    36165

 range of sampled source weights = 1.0000E+00 to 1.0000E+00
1neutron  activity in each cell                                                                         print table 126

                 tracks     population   collisions   collisions     number        flux        average      average
        cell    entering                               * weight     weighted     weighted   track weight   track mfp
                                                    (per history)    energy       energy     (relative)      (cm)

     1     1    17343659     16000011    341401986    1.6560E+01   2.8580E-04   7.5232E-01   8.5722E-01   1.7174E+00
     2     2    16937029     15659079      3749481    1.9403E-01   6.0627E-04   9.4610E-01   8.9826E-01   2.6115E+00
     3     3      180991       179517            0    0.0000E+00   2.6926E-04   9.0685E-01   7.5436E-01   0.0000E+00

     total      34461679     31838607    345151467    1.6754E+01
1tally  12        nps = 16000000
+                                    Surface neutron fluxes over the long external vertical sides.             
           tally type 2    particle flux averaged over a surface.       units   1/cm**2   
           tally for  neutrons 

           areas   
                surface:    (21 22)                                                                                
                         8.16000E+02
 
 surface (21 22)                                                                                                       
      energy
    1.0000E-09   4.39192E-08 0.0474
    2.1544E-09   2.22682E-07 0.0230
    4.6416E-09   1.15123E-06 0.0101
    1.0000E-08   5.51197E-06 0.0048
    2.1544E-08   2.16271E-05 0.0025
    4.6416E-08   5.73232E-05 0.0016
    1.0000E-07   7.23161E-05 0.0014
    2.1544E-07   2.90028E-05 0.0025
    4.6416E-07   1.05243E-05 0.0046
    1.0000E-06   1.00250E-05 0.0048
    2.1544E-06   1.01229E-05 0.0048
    4.6416E-06   1.03429E-05 0.0047
    1.0000E-05   1.07092E-05 0.0047
    2.1544E-05   1.09092E-05 0.0047
    4.6416E-05   1.11399E-05 0.0046
    1.0000E-04   1.14018E-05 0.0045
    2.1544E-04   1.16482E-05 0.0045
    4.6416E-04   1.19477E-05 0.0045
    1.0000E-03   1.24876E-05 0.0044
    2.1544E-03   1.27981E-05 0.0043
    4.6416E-03   1.33166E-05 0.0042
    1.0000E-02   1.32195E-05 0.0042
    2.1544E-02   1.48345E-05 0.0040
    4.6416E-02   1.69152E-05 0.0039
    1.0000E-01   2.16968E-05 0.0033
    2.1544E-01   3.02223E-05 0.0028
    4.6416E-01   4.29060E-05 0.0023
    1.0000E+00   7.30900E-05 0.0017
    2.1544E+00   9.87891E-05 0.0013
    4.6416E+00   9.59140E-05 0.0013
    1.0000E+01   2.57509E-05 0.0024
      total      7.67911E-04 0.0004
1analysis of the results in the tally fluctuation chart bin (tfc) for tally  12 with nps =  16000000    print table 160


 normed average tally per history  = 7.67911E-04          unnormed average tally per history  = 6.26615E-01
 estimated tally relative error    = 0.0004               estimated variance of the variance  = 0.0000
 relative error from zero tallies  = 0.0003               relative error from nonzero scores  = 0.0003

 number of nonzero history tallies =     7021555          efficiency for the nonzero tallies  = 0.4388
 history number of largest  tally  =      186506          largest  unnormalized history tally = 2.89628E+01
 (largest  tally)/(average tally)  = 4.62211E+01          (largest  tally)/(avg nonzero tally)= 2.02840E+01

 (confidence interval shift)/mean  = 0.0000               shifted confidence interval center  = 7.67911E-04


 if the largest  history score sampled so far were to occur on the next history, the tfc bin quantities would change as follows:

      estimated quantities           value at nps           value at nps+1           value(nps+1)/value(nps)-1.

      mean                            7.67911E-04             7.67913E-04                     0.000003
      relative error                  4.37312E-04             4.37320E-04                     0.000018
      variance of the variance        6.93368E-06             6.93483E-06                     0.000167
      shifted center                  7.67911E-04             7.67911E-04                     0.000000
      figure of merit                 4.69886E+05             4.69869E+05                    -0.000036

 the estimated inverse power slope of the 201 largest  tallies starting at 1.99552E+01 is 7.1957
 the empirical history score probability density function appears to be increasing at the largest  history scores: please examine.
 the large score tail of the empirical history score probability density function appears to have no unsampled regions.


 ===================================================================================================================================

           results of 10 statistical checks for the estimated answer for the tally fluctuation chart (tfc) bin of tally  12

 tfc bin     --mean--      ---------relative error---------      ----variance of the variance----      --figure of merit--     -pdf-
 behavior    behavior      value   decrease   decrease rate      value   decrease   decrease rate       value     behavior     slope

 desired      random       <0.10      yes      1/sqrt(nps)       <0.10      yes        1/nps           constant    random      >3.00
 observed     random        0.00      yes          yes            0.00      yes         yes            constant    random       7.20
 passed?        yes          yes      yes          yes             yes      yes         yes               yes        yes         yes

 ===================================================================================================================================




 this tally meets the statistical criteria used to form confidence intervals: check the tally fluctuation chart to verify.
 the results in other bins associated with this tally may not meet these statistical criteria.

 estimated asymmetric confidence interval(1,2,3 sigma): 7.6758E-04 to 7.6825E-04; 7.6724E-04 to 7.6858E-04; 7.6690E-04 to 7.6892E-04
 estimated  symmetric confidence interval(1,2,3 sigma): 7.6758E-04 to 7.6825E-04; 7.6724E-04 to 7.6858E-04; 7.6690E-04 to 7.6892E-04

 fom = (histories/minute)*(f(x) signal-to-noise ratio)**2 = (1.438E+06)*( 5.717E-01)**2 = (1.438E+06)*(3.268E-01) = 4.699E+05
1unnormed tally density for tally  12            nonzero tally mean(m) = 1.428E+00   nps =  16000000    print table 161

 abscissa              ordinate   log plot of tally probability density function in tally fluctuation chart bin(d=decade,slope= 7.2)
  tally  number num den log den:d-----------d-----------d------------d------------d-----------d------------d-----------d------------
 2.51-01     14 1.69-05  -4.771 ************|***********|************|****        |           |            |           |            
 3.16-01  34744 3.34-02  -1.476 ************|***********|************|************|***********|************|********   |            
 3.98-01  99928 7.63-02  -1.118 ************|***********|************|************|***********|************|***********|            
 5.01-01 169082 1.03-01  -0.989 ************|***********|************|************|***********|************|***********|**          
 6.31-01 243399 1.17-01  -0.931 ************|***********|************|************|***********|************|***********|***         
 7.94-01 323398 1.24-01  -0.908 ************|***********|************|************|***********|************|***********|***         
 1.00+00 483488 1.47-01  -0.833 ************|***********|************|************|***********|************|***********|****        
 1.26+00 2.7+06 6.59-01  -0.181 ************|***********|************|************|***********|************|***********|************
 1.58+00 1.4+06 2.65-01  -0.577 mmmmmmmmmmmm|mmmmmmmmmmm|mmmmmmmmmmmm|mmmmmmmmmmmm|mmmmmmmmmmm|mmmmmmmmmmmm|mmmmmmmmmmm|mmmmmmm     
 2.00+00 730521 1.11-01  -0.954 ************|***********|************|************|***********|************|***********|**          
 2.51+00 379076 4.59-02  -1.339 ************|***********|************|************|***********|************|*********  |            
 3.16+00 194134 1.87-02  -1.729 ************|***********|************|************|***********|************|****       |            
 3.98+00 105014 8.02-03  -2.096 ************|***********|************|************|***********|************|           |            
 5.01+00  57633 3.49-03  -2.457 ************|***********|************|************|***********|********    |           |            
 6.31+00  33796 1.63-03  -2.788 ************|***********|************|************|***********|****        |           |            
 7.94+00  20236 7.74-04  -3.111 ************|***********|************|************|***********|            |           |            
 1.00+01  11802 3.59-04  -3.445 ************|***********|************|************|********   |            |           |            
 1.26+01   2453 5.92-05  -4.228 ************|***********|************|*********** |           |            |           |            
 1.58+01   2466 4.73-05  -4.325 ************|***********|************|**********  |           |            |           |            
 2.00+01   9820 1.50-04  -3.825 ************|***********|************|************|***        |            |           |            
 2.51+01   7982 9.66-05  -4.015 ************|***********|************|************|*         s|            |           |            
 3.16+01      1 9.61-09  -8.017 *           |           |            |            | s         |            |           |            
  total 7021555 4.39-01         d-----------d-----------d------------d------------d-----------d------------d-----------d------------


 cumulative tally number for tally  12  1.4+06   nonzero tally mean(m) = 1.428E+00   nps =  16000000    print table 162

   abscissa     cum   ordinate    plot of the cumulative number of tallies in the tally fluctuation chart bin from 0 to 100 percent
    tally      number  cum pct:--------10--------20--------30--------40--------50--------60--------70--------80--------90-------100
 2.51188E-01       14    0.000|         |         |         |         |         |         |         |         |         |         |
 3.16228E-01    34758    0.495|         |         |         |         |         |         |         |         |         |         |
 3.98108E-01   134686    1.918|**       |         |         |         |         |         |         |         |         |         |
 5.01188E-01   303768    4.326|****     |         |         |         |         |         |         |         |         |         |
 6.30959E-01   547167    7.793|******** |         |         |         |         |         |         |         |         |         |
 7.94328E-01   870565   12.398|*********|**       |         |         |         |         |         |         |         |         |
 1.00000E+00  1354053   19.284|*********|*********|         |         |         |         |         |         |         |         |
 1.25893E+00  4086055   58.193|*********|*********|*********|*********|*********|******** |         |         |         |         |
 1.58490E+00  5466621   77.855|mmmmmmmmm|mmmmmmmmm|mmmmmmmmm|mmmmmmmmm|mmmmmmmmm|mmmmmmmmm|mmmmmmmmm|mmmmmmmm |         |         |
 1.99527E+00  6197142   88.259|*********|*********|*********|*********|*********|*********|*********|*********|******** |         |
 2.51188E+00  6576218   93.658|*********|*********|*********|*********|*********|*********|*********|*********|*********|****     |
 3.16228E+00  6770352   96.422|*********|*********|*********|*********|*********|*********|*********|*********|*********|******   |
 3.98108E+00  6875366   97.918|*********|*********|*********|*********|*********|*********|*********|*********|*********|******** |
 5.01188E+00  6932999   98.739|*********|*********|*********|*********|*********|*********|*********|*********|*********|*********|
 6.30959E+00  6966795   99.220|*********|*********|*********|*********|*********|*********|*********|*********|*********|*********|
 7.94328E+00  6987031   99.508|*********|*********|*********|*********|*********|*********|*********|*********|*********|*********|
 1.00000E+01  6998833   99.676|*********|*********|*********|*********|*********|*********|*********|*********|*********|*********|
 1.25893E+01  7001286   99.711|*********|*********|*********|*********|*********|*********|*********|*********|*********|*********|
 1.58490E+01  7003752   99.746|*********|*********|*********|*********|*********|*********|*********|*********|*********|*********|
 1.99527E+01  7013572   99.886|*********|*********|*********|*********|*********|*********|*********|*********|*********|*********|
 2.51188E+01  7021554  100.000|*********|*********|*********|*********|*********|*********|*********|*********|*********|*********|
 3.16228E+01  7021555  100.000|*********|*********|*********|*********|*********|*********|*********|*********|*********|*********|
    total     7021555  100.000:--------10--------20--------30--------40--------50--------60--------70--------80--------90-------100
1cumulative unnormed tally for tally  12  1.4+06 nonzero tally mean(m) = 1.428E+00   nps =  16000000    print table 162

  abscissa     cum    ordinate                plot of the cumulative tally in the tally fluctuation chart bin from 0 to 100 percent
   tally    tally/nps  cum pct:--------10--------20--------30--------40--------50--------60--------70--------80--------90-------100
 2.512E-01  2.193E-07    0.000|         |         |         |         |         |         |         |         |         |         |
 3.162E-01  6.357E-04    0.101|         |         |         |         |         |         |         |         |         |         |
 3.981E-01  2.885E-03    0.460|         |         |         |         |         |         |         |         |         |         |
 5.012E-01  7.655E-03    1.222|*        |         |         |         |         |         |         |         |         |         |
 6.310E-01  1.627E-02    2.597|***      |         |         |         |         |         |         |         |         |         |
 7.943E-01  3.069E-02    4.898|*****    |         |         |         |         |         |         |         |         |         |
 1.000E+00  5.804E-02    9.263|*********|         |         |         |         |         |         |         |         |         |
 1.259E+00  2.474E-01   39.477|*********|*********|*********|*********|         |         |         |         |         |         |
 1.585E+00  3.680E-01   58.734|mmmmmmmmm|mmmmmmmmm|mmmmmmmmm|mmmmmmmmm|mmmmmmmmm|mmmmmmmmm|         |         |         |         |
 1.995E+00  4.484E-01   71.563|*********|*********|*********|*********|*********|*********|*********|**       |         |         |
 2.512E+00  5.009E-01   79.932|*********|*********|*********|*********|*********|*********|*********|*********|         |         |
 3.162E+00  5.347E-01   85.336|*********|*********|*********|*********|*********|*********|*********|*********|*****    |         |
 3.981E+00  5.578E-01   89.016|*********|*********|*********|*********|*********|*********|*********|*********|*********|         |
 5.012E+00  5.737E-01   91.563|*********|*********|*********|*********|*********|*********|*********|*********|*********|**       |
 6.310E+00  5.855E-01   93.443|*********|*********|*********|*********|*********|*********|*********|*********|*********|***      |
 7.943E+00  5.944E-01   94.861|*********|*********|*********|*********|*********|*********|*********|*********|*********|*****    |
 1.000E+01  6.009E-01   95.900|*********|*********|*********|*********|*********|*********|*********|*********|*********|******   |
 1.259E+01  6.026E-01   96.173|*********|*********|*********|*********|*********|*********|*********|*********|*********|******   |
 1.585E+01  6.048E-01   96.522|*********|*********|*********|*********|*********|*********|*********|*********|*********|*******  |
 1.995E+01  6.166E-01   98.409|*********|*********|*********|*********|*********|*********|*********|*********|*********|******** |
 2.512E+01  6.266E-01  100.000|*********|*********|*********|*********|*********|*********|*********|*********|*********|*********|
 3.162E+01  6.266E-01  100.000|*********|*********|*********|*********|*********|*********|*********|*********|*********|*********|
   total  6.26615E-01  100.000:--------10--------20--------30--------40--------50--------60--------70--------80--------90-------100
1tally  22        nps = 16000000
+                                    Surface neutron fluxes over the short external vertical sides.            
           tally type 2    particle flux averaged over a surface.       units   1/cm**2   
           tally for  neutrons 

           areas   
                surface:    (23 24)                                                                                
                         4.16000E+02
 
 surface (23 24)                                                                                                       
      energy
    1.0000E-09   1.94546E-08 0.1038
    2.1544E-09   9.25752E-08 0.0458
    4.6416E-09   4.68831E-07 0.0224
    1.0000E-08   2.33199E-06 0.0104
    2.1544E-08   9.15326E-06 0.0054
    4.6416E-08   2.39762E-05 0.0034
    1.0000E-07   3.00663E-05 0.0031
    2.1544E-07   1.13803E-05 0.0053
    4.6416E-07   3.45096E-06 0.0109
    1.0000E-06   3.21184E-06 0.0118
    2.1544E-06   3.10677E-06 0.0120
    4.6416E-06   3.11893E-06 0.0119
    1.0000E-05   3.11669E-06 0.0120
    2.1544E-05   3.15660E-06 0.0119
    4.6416E-05   3.24485E-06 0.0121
    1.0000E-04   3.20514E-06 0.0116
    2.1544E-04   3.21695E-06 0.0120
    4.6416E-04   3.23115E-06 0.0120
    1.0000E-03   3.45275E-06 0.0119
    2.1544E-03   3.45078E-06 0.0114
    4.6416E-03   3.58120E-06 0.0115
    1.0000E-02   3.53086E-06 0.0116
    2.1544E-02   3.95525E-06 0.0109
    4.6416E-02   4.50646E-06 0.0104
    1.0000E-01   5.69870E-06 0.0089
    2.1544E-01   8.10110E-06 0.0073
    4.6416E-01   1.18205E-05 0.0060
    1.0000E+00   2.11385E-05 0.0043
    2.1544E+00   3.06532E-05 0.0032
    4.6416E+00   3.16388E-05 0.0028
    1.0000E+01   9.61135E-06 0.0047
      total      2.50688E-04 0.0011
1analysis of the results in the tally fluctuation chart bin (tfc) for tally  22 with nps =  16000000    print table 160


 normed average tally per history  = 2.50688E-04          unnormed average tally per history  = 1.04286E-01
 estimated tally relative error    = 0.0011               estimated variance of the variance  = 0.0000
 relative error from zero tallies  = 0.0008               relative error from nonzero scores  = 0.0008

 number of nonzero history tallies =     1291203          efficiency for the nonzero tallies  = 0.0807
 history number of largest  tally  =     2375411          largest  unnormalized history tally = 2.00000E+01
 (largest  tally)/(average tally)  = 1.91780E+02          (largest  tally)/(avg nonzero tally)= 1.54767E+01

 (confidence interval shift)/mean  = 0.0000               shifted confidence interval center  = 2.50689E-04


 if the largest  history score sampled so far were to occur on the next history, the tfc bin quantities would change as follows:

      estimated quantities           value at nps           value at nps+1           value(nps+1)/value(nps)-1.

      mean                            2.50688E-04             2.50691E-04                     0.000012
      relative error                  1.14342E-03             1.14347E-03                     0.000042
      variance of the variance        3.01322E-05             3.01375E-05                     0.000174
      shifted center                  2.50689E-04             2.50689E-04                     0.000000
      figure of merit                 6.87328E+04             6.87270E+04                    -0.000085

 the 100 largest  history tallies appear to have a  maximum value of about 2.00000E+01
 the large score tail of the empirical history score probability density function appears to have no unsampled regions.


 ===================================================================================================================================

           results of 10 statistical checks for the estimated answer for the tally fluctuation chart (tfc) bin of tally  22

 tfc bin     --mean--      ---------relative error---------      ----variance of the variance----      --figure of merit--     -pdf-
 behavior    behavior      value   decrease   decrease rate      value   decrease   decrease rate       value     behavior     slope

 desired      random       <0.10      yes      1/sqrt(nps)       <0.10      yes        1/nps           constant    random      >3.00
 observed     random        0.00      yes          yes            0.00      yes         yes            constant   decrease     10.00
 passed?        yes          yes      yes          yes             yes      yes         yes               yes         no         yes

 ===================================================================================================================================


 warning.  the tally in the tally fluctuation chart bin did not pass  1 of the 10 statistical checks.

 fom = (histories/minute)*(f(x) signal-to-noise ratio)**2 = (1.438E+06)*( 2.186E-01)**2 = (1.438E+06)*(4.780E-02) = 6.873E+04
1unnormed tally density for tally  22            nonzero tally mean(m) = 1.292E+00   nps =  16000000    print table 161

 abscissa              ordinate   log plot of tally probability density function in tally fluctuation chart bin(d=decade,slope=10.0)
  tally  number num den log den:d---------------------d----------------------d-----------------------d----------------------d-------
 2.51-01      6 7.26-06  -5.139 *                     |                      |                       |                      |       
 3.16-01   9709 9.33-03  -2.030 **********************|**********************|***********************|***                   |       
 3.98-01  27393 2.09-02  -1.680 **********************|**********************|***********************|***********           |       
 5.01-01  45131 2.74-02  -1.563 **********************|**********************|***********************|**************        |       
 6.31-01  62626 3.02-02  -1.521 **********************|**********************|***********************|***************       |       
 7.94-01  77838 2.98-02  -1.526 **********************|**********************|***********************|***************       |       
 1.00+00 109074 3.31-02  -1.480 **********************|**********************|***********************|****************      |       
 1.26+00 551257 1.33-01  -0.876 **********************|**********************|***********************|**********************|*******
 1.58+00 202033 3.87-02  -1.412 mmmmmmmmmmmmmmmmmmmmmm|mmmmmmmmmmmmmmmmmmmmmm|mmmmmmmmmmmmmmmmmmmmmmm|mmmmmmmmmmmmmmmmmm    |       
 2.00+00  95939 1.46-02  -1.835 **********************|**********************|***********************|********              |       
 2.51+00  48470 5.86-03  -2.232 **********************|**********************|***********************|                      |       
 3.16+00  26250 2.52-03  -2.598 **********************|**********************|**************         |                      |       
 3.98+00  14487 1.11-03  -2.956 **********************|**********************|******                 |                      |       
 5.01+00   8076 4.90-04  -3.310 **********************|********************  |                       |                      |       
 6.31+00   4894 2.36-04  -3.628 **********************|*************         |                       |                      |       
 7.94+00   2844 1.09-04  -3.963 **********************|*****                 |                       |                      |       
 1.00+01   1730 5.26-05  -4.279 ********************* |                      |                       |                      |       
 1.26+01    570 1.38-05  -4.861 *******               |                      |                       |                      |       
 1.58+01    498 9.55-06  -5.020 ****                  |                      |                       |                      |       
 2.00+01   1462 2.23-05  -4.652 ************          |                      |                       |                      |       
 2.51+01    916 1.11-05  -4.955 *****                 |                      |                       |                      |       
  total 1291203 8.07-02         d---------------------d----------------------d-----------------------d----------------------d-------


 cumulative tally number for tally  22           nonzero tally mean(m) = 1.292E+00   nps =  16000000    print table 162

   abscissa     cum   ordinate    plot of the cumulative number of tallies in the tally fluctuation chart bin from 0 to 100 percent
    tally      number  cum pct:--------10--------20--------30--------40--------50--------60--------70--------80--------90-------100
 2.51188E-01        6    0.000|         |         |         |         |         |         |         |         |         |         |
 3.16228E-01     9715    0.752|*        |         |         |         |         |         |         |         |         |         |
 3.98108E-01    37108    2.874|***      |         |         |         |         |         |         |         |         |         |
 5.01188E-01    82239    6.369|******   |         |         |         |         |         |         |         |         |         |
 6.30959E-01   144865   11.219|*********|*        |         |         |         |         |         |         |         |         |
 7.94328E-01   222703   17.248|*********|*******  |         |         |         |         |         |         |         |         |
 1.00000E+00   331777   25.695|*********|*********|******   |         |         |         |         |         |         |         |
 1.25893E+00   883034   68.388|*********|*********|*********|*********|*********|*********|******** |         |         |         |
 1.58490E+00  1085067   84.035|mmmmmmmmm|mmmmmmmmm|mmmmmmmmm|mmmmmmmmm|mmmmmmmmm|mmmmmmmmm|mmmmmmmmm|mmmmmmmmm|mmmm     |         |
 1.99527E+00  1181006   91.466|*********|*********|*********|*********|*********|*********|*********|*********|*********|*        |
 2.51188E+00  1229476   95.219|*********|*********|*********|*********|*********|*********|*********|*********|*********|*****    |
 3.16228E+00  1255726   97.252|*********|*********|*********|*********|*********|*********|*********|*********|*********|*******  |
 3.98108E+00  1270213   98.374|*********|*********|*********|*********|*********|*********|*********|*********|*********|******** |
 5.01188E+00  1278289   99.000|*********|*********|*********|*********|*********|*********|*********|*********|*********|*********|
 6.30959E+00  1283183   99.379|*********|*********|*********|*********|*********|*********|*********|*********|*********|*********|
 7.94328E+00  1286027   99.599|*********|*********|*********|*********|*********|*********|*********|*********|*********|*********|
 1.00000E+01  1287757   99.733|*********|*********|*********|*********|*********|*********|*********|*********|*********|*********|
 1.25893E+01  1288327   99.777|*********|*********|*********|*********|*********|*********|*********|*********|*********|*********|
 1.58490E+01  1288825   99.816|*********|*********|*********|*********|*********|*********|*********|*********|*********|*********|
 1.99527E+01  1290287   99.929|*********|*********|*********|*********|*********|*********|*********|*********|*********|*********|
 2.51188E+01  1291203  100.000|*********|*********|*********|*********|*********|*********|*********|*********|*********|*********|
    total     1291203  100.000:--------10--------20--------30--------40--------50--------60--------70--------80--------90-------100
1cumulative unnormed tally for tally  22         nonzero tally mean(m) = 1.292E+00   nps =  16000000    print table 162

  abscissa     cum    ordinate                plot of the cumulative tally in the tally fluctuation chart bin from 0 to 100 percent
   tally    tally/nps  cum pct:--------10--------20--------30--------40--------50--------60--------70--------80--------90-------100
 2.512E-01  9.402E-08    0.000|         |         |         |         |         |         |         |         |         |         |
 3.162E-01  1.775E-04    0.170|         |         |         |         |         |         |         |         |         |         |
 3.981E-01  7.937E-04    0.761|*        |         |         |         |         |         |         |         |         |         |
 5.012E-01  2.066E-03    1.981|**       |         |         |         |         |         |         |         |         |         |
 6.310E-01  4.281E-03    4.105|****     |         |         |         |         |         |         |         |         |         |
 7.943E-01  7.748E-03    7.429|*******  |         |         |         |         |         |         |         |         |         |
 1.000E+00  1.392E-02   13.347|*********|***      |         |         |         |         |         |         |         |         |
 1.259E+00  5.178E-02   49.648|*********|*********|*********|*********|*********|         |         |         |         |         |
 1.585E+00  6.938E-02   66.532|mmmmmmmmm|mmmmmmmmm|mmmmmmmmm|mmmmmmmmm|mmmmmmmmm|mmmmmmmmm|mmmmmmm  |         |         |         |
 1.995E+00  7.993E-02   76.642|*********|*********|*********|*********|*********|*********|*********|*******  |         |         |
 2.512E+00  8.664E-02   83.081|*********|*********|*********|*********|*********|*********|*********|*********|***      |         |
 3.162E+00  9.122E-02   87.475|*********|*********|*********|*********|*********|*********|*********|*********|*******  |         |
 3.981E+00  9.441E-02   90.529|*********|*********|*********|*********|*********|*********|*********|*********|*********|*        |
 5.012E+00  9.664E-02   92.671|*********|*********|*********|*********|*********|*********|*********|*********|*********|***      |
 6.310E+00  9.835E-02   94.307|*********|*********|*********|*********|*********|*********|*********|*********|*********|****     |
 7.943E+00  9.960E-02   95.505|*********|*********|*********|*********|*********|*********|*********|*********|*********|******   |
 1.000E+01  1.006E-01   96.422|*********|*********|*********|*********|*********|*********|*********|*********|*********|******   |
 1.259E+01  1.009E-01   96.798|*********|*********|*********|*********|*********|*********|*********|*********|*********|*******  |
 1.585E+01  1.014E-01   97.221|*********|*********|*********|*********|*********|*********|*********|*********|*********|*******  |
 1.995E+01  1.031E-01   98.903|*********|*********|*********|*********|*********|*********|*********|*********|*********|*********|
 2.512E+01  1.043E-01  100.000|*********|*********|*********|*********|*********|*********|*********|*********|*********|*********|
   total  1.04286E-01  100.000:--------10--------20--------30--------40--------50--------60--------70--------80--------90-------100
1tally  32        nps = 16000000
+                                    Surface neutron fluxes over the external base.                            
           tally type 2    particle flux averaged over a surface.       units   1/cm**2   
           tally for  neutrons 

           areas   
                surface:      25                                                                                   
                         2.12160E+02
 
 surface  25                                                                                                           
      energy
    1.0000E-09   9.13627E-08 0.0657
    2.1544E-09   4.12731E-07 0.0327
    4.6416E-09   2.23279E-06 0.0148
    1.0000E-08   1.06276E-05 0.0071
    2.1544E-08   4.14708E-05 0.0036
    4.6416E-08   1.09381E-04 0.0023
    1.0000E-07   1.39877E-04 0.0021
    2.1544E-07   6.22939E-05 0.0034
    4.6416E-07   2.88458E-05 0.0054
    1.0000E-06   2.86470E-05 0.0055
    2.1544E-06   3.01031E-05 0.0054
    4.6416E-06   3.23389E-05 0.0053
    1.0000E-05   3.43711E-05 0.0052
    2.1544E-05   3.69981E-05 0.0051
    4.6416E-05   3.91667E-05 0.0049
    1.0000E-04   4.17982E-05 0.0047
    2.1544E-04   4.52881E-05 0.0046
    4.6416E-04   4.80660E-05 0.0044
    1.0000E-03   5.31191E-05 0.0042
    2.1544E-03   5.74382E-05 0.0041
    4.6416E-03   6.23473E-05 0.0039
    1.0000E-02   6.51917E-05 0.0038
    2.1544E-02   7.70958E-05 0.0035
    4.6416E-02   8.99287E-05 0.0033
    1.0000E-01   1.19468E-04 0.0028
    2.1544E-01   1.71171E-04 0.0023
    4.6416E-01   2.59733E-04 0.0019
    1.0000E+00   4.48498E-04 0.0014
    2.1544E+00   6.12737E-04 0.0011
    4.6416E+00   5.67201E-04 0.0011
    1.0000E+01   1.39442E-04 0.0022
      total      3.45538E-03 0.0004
1analysis of the results in the tally fluctuation chart bin (tfc) for tally  32 with nps =  16000000    print table 160


 normed average tally per history  = 3.45538E-03          unnormed average tally per history  = 7.33094E-01
 estimated tally relative error    = 0.0004               estimated variance of the variance  = 0.0000
 relative error from zero tallies  = 0.0003               relative error from nonzero scores  = 0.0003

 number of nonzero history tallies =     7190638          efficiency for the nonzero tallies  = 0.4494
 history number of largest  tally  =        4590          largest  unnormalized history tally = 2.00000E+01
 (largest  tally)/(average tally)  = 2.72816E+01          (largest  tally)/(avg nonzero tally)= 1.22608E+01

 (confidence interval shift)/mean  = 0.0000               shifted confidence interval center  = 3.45538E-03


 if the largest  history score sampled so far were to occur on the next history, the tfc bin quantities would change as follows:

      estimated quantities           value at nps           value at nps+1           value(nps+1)/value(nps)-1.

      mean                            3.45538E-03             3.45539E-03                     0.000002
      relative error                  4.18400E-04             4.18403E-04                     0.000006
      variance of the variance        5.74800E-06             5.74805E-06                     0.000010
      shifted center                  3.45538E-03             3.45538E-03                     0.000000
      figure of merit                 5.13322E+05             5.13316E+05                    -0.000012

 the 100 largest  history tallies appear to have a  maximum value of about 2.00000E+01
 the large score tail of the empirical history score probability density function appears to have no unsampled regions.


 ===================================================================================================================================

           results of 10 statistical checks for the estimated answer for the tally fluctuation chart (tfc) bin of tally  32

 tfc bin     --mean--      ---------relative error---------      ----variance of the variance----      --figure of merit--     -pdf-
 behavior    behavior      value   decrease   decrease rate      value   decrease   decrease rate       value     behavior     slope

 desired      random       <0.10      yes      1/sqrt(nps)       <0.10      yes        1/nps           constant    random      >3.00
 observed     random        0.00      yes          yes            0.00      yes         yes            constant    random      10.00
 passed?        yes          yes      yes          yes             yes      yes         yes               yes        yes         yes

 ===================================================================================================================================




 this tally meets the statistical criteria used to form confidence intervals: check the tally fluctuation chart to verify.
 the results in other bins associated with this tally may not meet these statistical criteria.

 estimated asymmetric confidence interval(1,2,3 sigma): 3.4539E-03 to 3.4568E-03; 3.4525E-03 to 3.4583E-03; 3.4510E-03 to 3.4597E-03
 estimated  symmetric confidence interval(1,2,3 sigma): 3.4539E-03 to 3.4568E-03; 3.4525E-03 to 3.4583E-03; 3.4510E-03 to 3.4597E-03

 fom = (histories/minute)*(f(x) signal-to-noise ratio)**2 = (1.438E+06)*( 5.975E-01)**2 = (1.438E+06)*(3.570E-01) = 5.133E+05
1unnormed tally density for tally  32            nonzero tally mean(m) = 1.631E+00   nps =  16000000    print table 161

 abscissa              ordinate   log plot of tally probability density function in tally fluctuation chart bin(d=decade,slope=10.0)
  tally  number num den log den:d------------------d------------------d-------------------d-------------------d------------------d--
 2.51-01      5 6.05-06  -5.218 *                  |                  |                   |                   |                  |  
 3.16-01   9690 9.31-03  -2.031 *******************|******************|*******************|*****              |                  |  
 3.98-01  29023 2.22-02  -1.655 *******************|******************|*******************|************       |                  |  
 5.01-01  53411 3.24-02  -1.490 *******************|******************|*******************|***************    |                  |  
 6.31-01  85849 4.13-02  -1.384 *******************|******************|*******************|****************** |                  |  
 7.94-01 131226 5.02-02  -1.299 *******************|******************|*******************|*******************|                  |  
 1.00+00 241997 7.35-02  -1.133 *******************|******************|*******************|*******************|**                |  
 1.26+00 2.7+06 6.45-01  -0.191 *******************|******************|*******************|*******************|******************|**
 1.58+00 1.7+06 3.21-01  -0.494 *******************|******************|*******************|*******************|***************   |  
 2.00+00 1.0+06 1.56-01  -0.808 mmmmmmmmmmmmmmmmmmm|mmmmmmmmmmmmmmmmmm|mmmmmmmmmmmmmmmmmmm|mmmmmmmmmmmmmmmmmmm|mmmmmmmmm         |  
 2.51+00 603538 7.30-02  -1.137 *******************|******************|*******************|*******************|**                |  
 3.16+00 317065 3.05-02  -1.516 *******************|******************|*******************|***************    |                  |  
 3.98+00 160331 1.22-02  -1.912 *******************|******************|*******************|*******            |                  |  
 5.01+00  84322 5.11-03  -2.291 *******************|******************|*******************|                   |                  |  
 6.31+00  42463 2.05-03  -2.689 *******************|******************|************       |                   |                  |  
 7.94+00  24787 9.48-04  -3.023 *******************|******************|*****              |                   |                  |  
 1.00+01  14470 4.40-04  -3.357 *******************|******************|                   |                   |                  |  
 1.26+01   1114 2.69-05  -4.570 **************     |                  |                   |                   |                  |  
 1.58+01   1399 2.68-05  -4.571 **************     |                  |                   |                   |                  |  
 2.00+01  10879 1.66-04  -3.781 *******************|*********         |                   |                   |                  |  
 2.51+01  13009 1.57-04  -3.803 *******************|*********         |                   |                   |                  |  
  total 7190638 4.49-01         d------------------d------------------d-------------------d-------------------d------------------d--


 cumulative tally number for tally  32  1.0+06   nonzero tally mean(m) = 1.631E+00   nps =  16000000    print table 162

   abscissa     cum   ordinate    plot of the cumulative number of tallies in the tally fluctuation chart bin from 0 to 100 percent
    tally      number  cum pct:--------10--------20--------30--------40--------50--------60--------70--------80--------90-------100
 2.51188E-01        5    0.000|         |         |         |         |         |         |         |         |         |         |
 3.16228E-01     9695    0.135|         |         |         |         |         |         |         |         |         |         |
 3.98108E-01    38718    0.538|*        |         |         |         |         |         |         |         |         |         |
 5.01188E-01    92129    1.281|*        |         |         |         |         |         |         |         |         |         |
 6.30959E-01   177978    2.475|**       |         |         |         |         |         |         |         |         |         |
 7.94328E-01   309204    4.300|****     |         |         |         |         |         |         |         |         |         |
 1.00000E+00   551201    7.666|******** |         |         |         |         |         |         |         |         |         |
 1.25893E+00  3222821   44.820|*********|*********|*********|*********|*****    |         |         |         |         |         |
 1.58490E+00  4895553   68.082|*********|*********|*********|*********|*********|*********|******** |         |         |         |
 1.99527E+00  5917261   82.291|mmmmmmmmm|mmmmmmmmm|mmmmmmmmm|mmmmmmmmm|mmmmmmmmm|mmmmmmmmm|mmmmmmmmm|mmmmmmmmm|mm       |         |
 2.51188E+00  6520799   90.685|*********|*********|*********|*********|*********|*********|*********|*********|*********|*        |
 3.16228E+00  6837864   95.094|*********|*********|*********|*********|*********|*********|*********|*********|*********|*****    |
 3.98108E+00  6998195   97.324|*********|*********|*********|*********|*********|*********|*********|*********|*********|*******  |
 5.01188E+00  7082517   98.496|*********|*********|*********|*********|*********|*********|*********|*********|*********|******** |
 6.30959E+00  7124980   99.087|*********|*********|*********|*********|*********|*********|*********|*********|*********|*********|
 7.94328E+00  7149767   99.432|*********|*********|*********|*********|*********|*********|*********|*********|*********|*********|
 1.00000E+01  7164237   99.633|*********|*********|*********|*********|*********|*********|*********|*********|*********|*********|
 1.25893E+01  7165351   99.648|*********|*********|*********|*********|*********|*********|*********|*********|*********|*********|
 1.58490E+01  7166750   99.668|*********|*********|*********|*********|*********|*********|*********|*********|*********|*********|
 1.99527E+01  7177629   99.819|*********|*********|*********|*********|*********|*********|*********|*********|*********|*********|
 2.51188E+01  7190638  100.000|*********|*********|*********|*********|*********|*********|*********|*********|*********|*********|
    total     7190638  100.000:--------10--------20--------30--------40--------50--------60--------70--------80--------90-------100
1cumulative unnormed tally for tally  32  1.0+06 nonzero tally mean(m) = 1.631E+00   nps =  16000000    print table 162

  abscissa     cum    ordinate                plot of the cumulative tally in the tally fluctuation chart bin from 0 to 100 percent
   tally    tally/nps  cum pct:--------10--------20--------30--------40--------50--------60--------70--------80--------90-------100
 2.512E-01  7.840E-08    0.000|         |         |         |         |         |         |         |         |         |         |
 3.162E-01  1.774E-04    0.024|         |         |         |         |         |         |         |         |         |         |
 3.981E-01  8.309E-04    0.113|         |         |         |         |         |         |         |         |         |         |
 5.012E-01  2.341E-03    0.319|         |         |         |         |         |         |         |         |         |         |
 6.310E-01  5.389E-03    0.735|*        |         |         |         |         |         |         |         |         |         |
 7.943E-01  1.126E-02    1.536|**       |         |         |         |         |         |         |         |         |         |
 1.000E+00  2.502E-02    3.413|***      |         |         |         |         |         |         |         |         |         |
 1.259E+00  2.111E-01   28.802|*********|*********|*********|         |         |         |         |         |         |         |
 1.585E+00  3.578E-01   48.805|*********|*********|*********|*********|*********|         |         |         |         |         |
 1.995E+00  4.705E-01   64.177|mmmmmmmmm|mmmmmmmmm|mmmmmmmmm|mmmmmmmmm|mmmmmmmmm|mmmmmmmmm|mmmm     |         |         |         |
 2.512E+00  5.542E-01   75.603|*********|*********|*********|*********|*********|*********|*********|******   |         |         |
 3.162E+00  6.094E-01   83.133|*********|*********|*********|*********|*********|*********|*********|*********|***      |         |
 3.981E+00  6.446E-01   87.934|*********|*********|*********|*********|*********|*********|*********|*********|******** |         |
 5.012E+00  6.679E-01   91.111|*********|*********|*********|*********|*********|*********|*********|*********|*********|*        |
 6.310E+00  6.827E-01   93.129|*********|*********|*********|*********|*********|*********|*********|*********|*********|***      |
 7.943E+00  6.936E-01   94.614|*********|*********|*********|*********|*********|*********|*********|*********|*********|*****    |
 1.000E+01  7.016E-01   95.703|*********|*********|*********|*********|*********|*********|*********|*********|*********|******   |
 1.259E+01  7.024E-01   95.809|*********|*********|*********|*********|*********|*********|*********|*********|*********|******   |
 1.585E+01  7.036E-01   95.979|*********|*********|*********|*********|*********|*********|*********|*********|*********|******   |
 1.995E+01  7.168E-01   97.784|*********|*********|*********|*********|*********|*********|*********|*********|*********|******** |
 2.512E+01  7.331E-01  100.000|*********|*********|*********|*********|*********|*********|*********|*********|*********|*********|
   total  7.33094E-01  100.000:--------10--------20--------30--------40--------50--------60--------70--------80--------90-------100
1    some tally scores were not made for various reasons:

                                  beyond last bin     not in
                   tally      angle   energy   time    user         
                     12          0    4674       0       0
                     22          0    1109       0       0
                     32          0    5321       0       0
1status of the statistical checks used to form confidence intervals for the mean for each tally bin


 tally   result of statistical checks for the tfc bin (the first check not passed is listed) and error magnitude check for all bins

    12   passed the 10 statistical checks for the tally fluctuation chart bin result               
         passed all bin error check:    32 tally bins all have relative errors less than 0.10 with no zero bins

    22   missed  1 of 10 tfc bin checks: the figure of merit has a trend during the last half of the problem                       
         missed all bin error check:    32 tally bins had     0 bins with zeros and     1 bins with relative errors exceeding 0.10

    32   passed the 10 statistical checks for the tally fluctuation chart bin result               
         passed all bin error check:    32 tally bins all have relative errors less than 0.10 with no zero bins


 the 10 statistical checks are only for the tally fluctuation chart bin and do not apply to other tally bins.

 warning.     1 of the   3 tally fluctuation chart bins did not pass all 10 statistical checks.
 warning.     1 of the   3 tallies had bins with relative errors greater than recommended.
1tally fluctuation charts                         

                       tally   12                                tally   22                                tally   32
       nps      mean     error   vov  slope    fom      mean     error   vov  slope    fom      mean     error   vov  slope    fom
   1024000   7.6864E-04 0.0017 0.0001  7.0  472662   2.5156E-04 0.0045 0.0005 10.0   68496   3.4498E-03 0.0016 0.0001 10.0  516914
   2048000   7.6920E-04 0.0012 0.0001  7.2  476050   2.5097E-04 0.0032 0.0002 10.0   68804   3.4479E-03 0.0012 0.0000 10.0  520372
   3072000   7.6840E-04 0.0010 0.0000  7.2  474006   2.5070E-04 0.0026 0.0002 10.0   69136   3.4490E-03 0.0010 0.0000 10.0  519007
   4096000   7.6828E-04 0.0009 0.0000  7.2  475793   2.5029E-04 0.0023 0.0001 10.0   69463   3.4513E-03 0.0008 0.0000 10.0  519081
   5120000   7.6821E-04 0.0008 0.0000  7.2  475942   2.5030E-04 0.0020 0.0001 10.0   69698   3.4522E-03 0.0007 0.0000 10.0  519620
   6144000   7.6815E-04 0.0007 0.0000  7.2  474106   2.5036E-04 0.0018 0.0001 10.0   69643   3.4533E-03 0.0007 0.0000 10.0  517672
   7168000   7.6808E-04 0.0007 0.0000  7.2  472970   2.5052E-04 0.0017 0.0001 10.0   69442   3.4533E-03 0.0006 0.0000 10.0  516202
   8192000   7.6793E-04 0.0006 0.0000  7.2  472079   2.5052E-04 0.0016 0.0001 10.0   69573   3.4539E-03 0.0006 0.0000 10.0  516521
   9216000   7.6791E-04 0.0006 0.0000  7.2  472382   2.5027E-04 0.0015 0.0001 10.0   69641   3.4543E-03 0.0006 0.0000 10.0  516326
  10240000   7.6798E-04 0.0005 0.0000  7.2  472493   2.5025E-04 0.0014 0.0000 10.0   69589   3.4546E-03 0.0005 0.0000 10.0  516188
  11264000   7.6795E-04 0.0005 0.0000  7.2  472048   2.5038E-04 0.0014 0.0000 10.0   69492   3.4543E-03 0.0005 0.0000 10.0  515676
  12288000   7.6791E-04 0.0005 0.0000  7.2  470647   2.5042E-04 0.0013 0.0000 10.0   69298   3.4555E-03 0.0005 0.0000 10.0  514243
  13312000   7.6772E-04 0.0005 0.0000  7.2  469814   2.5056E-04 0.0013 0.0000 10.0   68972   3.4559E-03 0.0005 0.0000 10.0  513084
  14336000   7.6791E-04 0.0005 0.0000  7.2  469707   2.5070E-04 0.0012 0.0000 10.0   68800   3.4555E-03 0.0004 0.0000 10.0  513373
  15360000   7.6798E-04 0.0004 0.0000  7.2  470084   2.5070E-04 0.0012 0.0000 10.0   68756   3.4552E-03 0.0004 0.0000 10.0  513632
  16000000   7.6791E-04 0.0004 0.0000  7.2  469886   2.5069E-04 0.0011 0.0000 10.0   68733   3.4554E-03 0.0004 0.0000 10.0  513322

 ***********************************************************************************************************************
 dump no.    2 on file runtpe       nps =  16000000     coll =      345151467     ctm =   11.13     nrn =     5769495447


         8 warning messages so far.


 run terminated when  16000000 particle histories were done.

 computer time =   11.13 minutes

 mcnp     version 4c2   01/20/01                      04/17/19 13:50:05                    probid =   04/17/19 13:38:57
