0.00221
0.00443
0.00334
0.00325
0.00244
0.00204
0.00184
0.00178
0.00166
0.00142
0.00128
0.00123
0.00129
0.00125
0.00117
0.00115
0.00114
0.00116
0.00116
0.00118
0.00113
0.00114
0.00111
0.00109
0.00106
0.00102
0.00106
0.00103
0.00101
0.00100
0.00097
0.00096
0.00093
0.00092
0.00092
0.00090
0.00088
0.00086
0.00084
0.00082
0.00085
0.00085
0.00084
0.00083
0.00081
0.00080
0.00079
0.00078
0.00077
0.00078
0.00076
0.00075
0.00074
0.00073
0.00072
0.00071
0.00078
0.00076
0.00075
0.00076
0.00077
0.00076
0.00077
0.00077
0.00076
0.00076
0.00075
0.00076
0.00078
0.00077
0.00077
0.00077
0.00077
0.00076
0.00075
0.00075
0.00074
0.00073
0.00072
0.00072
0.00071
0.00070
0.00069
0.00068
0.00068
0.00068
0.00067
0.00067
0.00066
0.00067
0.00067
0.00066
0.00065
0.00065
0.00064
0.00064
0.00063
0.00063
0.00062
0.00062
0.00061
0.00061
0.00060
0.00061
0.00061
0.00061
0.00061
0.00062
0.00061
0.00061
0.00060
0.00060
0.00060
0.00060
0.00059
0.00059
0.00059
0.00059
0.00058
0.00058
0.00057
0.00057
0.00057
0.00057
0.00058
0.00057
0.00057
0.00056
0.00056
0.00056
0.00057
0.00056
0.00056
0.00058
0.00058
0.00059
0.00059
0.00058
0.00058
0.00058
0.00057
0.00057
0.00057
0.00057
0.00057
0.00056
0.00056
0.00056
0.00056
0.00055
0.00055
0.00055
0.00055
0.00055
0.00055
0.00054
0.00054
0.00054
0.00055
0.00055
0.00054
0.00054
0.00054
0.00054
0.00054
0.00054
0.00053
0.00053
0.00053
0.00053
0.00053
0.00052
0.00052
0.00052
0.00052
0.00051
0.00051
0.00051
0.00051
0.00050
0.00050
0.00050
0.00050
0.00049
0.00049
0.00050
0.00050
0.00049
0.00049
0.00049
0.00049
0.00049
0.00049
0.00049
0.00049
0.00049
0.00048
0.00048
0.00048
0.00048
0.00048
0.00048
0.00048
0.00048
0.00048
0.00048
0.00047
0.00047
0.00047
0.00047
0.00047
0.00047
0.00047
0.00047
0.00047
0.00046
0.00046
0.00046
0.00046
0.00046
0.00045
0.00045
0.00045
0.00045
0.00045
0.00045
0.00045
0.00044
0.00044
0.00044
0.00044
0.00044
0.00044
0.00044
0.00043
0.00044
0.00043
0.00043
0.00043
0.00043
0.00043
0.00043
0.00043
0.00043
0.00043
0.00043
0.00043
0.00042
0.00042
0.00042
0.00042
0.00042
0.00042
0.00042
0.00042
0.00042
0.00042
0.00042
0.00042
0.00042
0.00042
0.00042
0.00042
0.00042
0.00042
0.00042
0.00041
0.00041
0.00041
0.00041
0.00041
0.00041
0.00041
0.00041
0.00041
0.00041
0.00041
0.00040
0.00040
0.00040
0.00040
0.00040
0.00040
0.00040
0.00040
0.00040
0.00040