1mcnp     version 4c2   ld=01/20/01                      02/26/19 14:33:28
 *************************************************************************                 probid =   02/26/19 14:33:28
 inp=Drum.ip outp=Drum.out                                                       

    1-       MESSAGE:                                                                        
    2-                                                                                       
    3-       First attempt 2019-01-29 14:19:41 to create an MCNP, to create a waste drum.    
    4-       C cells_________lower/upper bounds;importance_____________________________| $ bl
    5-       1    1 -0.87     -1 2 -3           imp:p=1 $ Inside the drum; $ syntax: [cell] 1
    6-       2    2 -2.30    (-4 5 -6) (1:-2:3) imp:p=1 $ -(1 and 2)==(-1or-2); i.e. -(1 2)==
    7-       3    3 -7.92    (-7 8 -9) (4:-5:6) imp:p=1 $ the metal drum                     
    8-       4    4 -0.001205 -10 11 12 (7:-8:9) imp:p=1 $ Air space                         
    9-       5    0           10                imp:p=0 $ graveyard lol; density = 0 so doesn
   10-       6    5 -11.3    -11                imp:p=1 $ Pb shielding                       
   11-       7    4 -0.001205 -12               imp:p=1 $ Air space of interest (test detecto
   12-                                                                                       
   13-       C \n + surfaces___________________________________________________________| $ bl
   14-       1    CZ   15.0 $ Innermost cylinder/waste                                       
   15-       2    PZ  -25.0                                                                  
   16-       3    PZ   25.0                                                                  
   17-       4    CZ   20.0 $ Concrete shielding                                             
   18-       5    PZ  -30.0                                                                  
   19-       6    PZ   30.0                                                                  
   20-       7    CZ   20.3 $ Metal drum                                                     
   21-       8    PZ  -30.3                                                                  
   22-       9    PZ   30.3                                                                  
   23-       10   SO  200.0 $ Outer sphere of 2 m radius                                     
   24-       11   RPP  30   32.5 -40 40   -40 40 $ Additional shield of Pb                   
   25-       12   SX  100   10                   $ Tally sphere (will still be filled with ai
   26-                                                                                       
   27-       C \n + data cards_________________________________________________________| $ bl
   28-       C materials________________________________________________________________     
   29-       M1   12000 1.0      $ Magnox waste (Mg cladding) $ Syntax: ZMMM(atomic-number/ma
   30-       M2    1000 -0.022100 $ H $Concrete                                              
   31-             6000 -0.002484 $ C                                                        
   32-             8000 -0.574930 $ O                                                        
   33-            11000 -0.015208 $ Na                                                       
   34-            12000 -0.001266 $ Mg                                                       
   35-            13000 -0.019953 $ Al                                                       
   36-            14000 -0.304627 $ Si                                                       
   37-            19000 -0.010045 $ K                                                        
   38-            20000 -0.042951 $ Ca                                                       
   39-            26000 -0.006435 $ Fe                                                       
   40-       M3   24000 -0.190    $ 304 SS:Cr                                                
   41-            25000 -0.020    $ Mn                                                       
   42-            26000 -0.695    $ Fe                                                       
   43-            28000 -0.095    $ Ni                                                       
   44-       M4    6000 0.000151 $ C                                                         
   45-             7000 0.784437 $ N                                                         
   46-             8000 0.210750 $ O                                                         
   47-            18000 0.004671 $ Ar                                                        
   48-       M5   82000 1.000000 $ Pb                                                        
   49-       C modes___________________________________________________________________      
   50-       Mode P                                                                          
   51-       C cutoffs_________________________________________________________________      
   52-       C NPS  5000 $ Commented away because I want it to run x minutes straight only wi
   53-       CTME 1                                                                          
   54-       C Source__________________________________________________________________      
   55-       C    Isotropic Co-60 source uniformly distributed throughout volume of the magno
   56-       SDEF POS=0.0 0.0 0.0 AXS=0 0 1 RAD=D1 EXT=D2 ERG=D3 CEL=1 PAR=2 $a cylinder on t
   57-       C    lmfao each (SIx SPx) card pair is just a simple sampling distribution descr
   58-       C    Spatial dist., D1 and D2.                                                  
   59-       SI1    0.0 14.99999  $ Radial distribution (D1, 0<r<15) is uniform,             
   60-       SP1  -21 1       $ Achieved by power law distribution (f=-21) of r^1.           
   61-       SI2  -25.0 25.0  $ Vertical distribution (EXT=D2, -25<z<25) is uniform,         
   62-       SP2   0  1.0     $ Uniform in height (0 dependence, intensity of 1 after normali
   63-       C    Energy dist.                                                               
   64-       SI3  L 0.34714  0.8261   1.17323 1.33249  2.15857  $ Co-60 emission energies in 
   65-       SP3    0.000075 0.000076 0.9985  0.999826 0.000012 $ Probabilities              
   66-       C   Dose Tallies____________________________________________________________    
   67-       C   FC12 Base, lid, and both's average surface dose.                            
   68-       C   FC22 Wall average dose.                                                     
   69-       C   FC32 surface dose at 2 m distance from the origin (centre of drum).         
   70-       C    --break--                                                                  
   71-       C   FC42 Base, lid, and both's average surface flux.                            
   72-       C   FC52 Wall average flux and dose.                                            
   73-       C   FC62 Surface flux at 2 m distance from the origin (centre of drum).         
   74-       FC5 Point detector flux                                                         
   75-       FC4 Flux calculated using track length in sphere 12                             
   76-       F12:P (8 9) 7 10 T $ Does tallies                                               
   77-       F22:P (8 9) 7 10 T $ Normal tallies                                             
   78-       F5:P 100 0 0 10    $ Flux calculated by making a point detector on surface 12 ex
   79-       F4:P 7             $ Flux through cell 7, calculated by track length            
   80-                                                                                       
1cells                                                                                                  print table 60

                      atom        gram                                     photon                                      
        cell  mat    density     density     volume       mass     pieces importance                                   

     1     1    1  2.15559E-02 8.70000E-01 3.53429E+04 3.07483E+04     1  1.0000E+00                                   
     2     2    2  9.94619E-02 2.30000E+00 4.00553E+04 9.21272E+04     1  1.0000E+00                                   
     3     3    3  8.62390E-02 7.92000E+00 3.05568E+03 2.42010E+04     1  1.0000E+00                                   
     4     4    4  4.98818E-05 1.20500E-03 0.00000E+00 0.00000E+00     0  1.0000E+00                                   
     5     5    0  0.00000E+00 0.00000E+00 0.00000E+00 0.00000E+00     0  0.0000E+00                                   
     6     6    5  3.28395E-02 1.13000E+01 1.60000E+04 1.80800E+05     0  1.0000E+00                                   
     7     7    4  4.98818E-05 1.20500E-03 4.18879E+03 5.04749E+00     1  1.0000E+00                                   

 total                                     9.86427E+04 3.27882E+05


 random number control    0.727343232450560E+14

    minimum source weight = 1.0000E+00    maximum source weight = 1.0000E+00
1cross-section tables                                                                                   print table 100

     table    length

                        tables from file mcplib02                                                        

   1000.02p     623                                                                                            01/15/93
   6000.02p     623                                                                                            01/15/93
   7000.02p     623                                                                                            01/15/93
   8000.02p     623                                                                                            01/15/93
  11000.02p     635                                                                                            01/15/93
  12000.02p     643                                                                                            01/15/93
  13000.02p     643                                                                                            01/15/93
  14000.02p     643                                                                                            01/15/93
  18000.02p     643                                                                                            01/15/93
  19000.02p     643                                                                                            01/15/93
  20000.02p     651                                                                                            01/15/93
  24000.02p     651                                                                                            01/15/93
  25000.02p     651                                                                                            01/15/93
  26000.02p     651                                                                                            01/15/93
  28000.02p     663                                                                                            01/15/93
  82000.02p     755                                                                                            01/15/93

  total       10364

 maximum photon energy set to  100.0 mev (maximum electron energy)

                        tables from file el03                                                            

   1000.03e    2329                                                                                          6/6/98    
   6000.03e    2333                                                                                          6/6/98    
   7000.03e    2333                                                                                          6/6/98    
   8000.03e    2333                                                                                          6/6/98    
  11000.03e    2337                                                                                          6/6/98    
  12000.03e    2337                                                                                          6/6/98    
  13000.03e    2337                                                                                          6/6/98    
  14000.03e    2339                                                                                          6/6/98    
  18000.03e    2341                                                                                          6/6/98    
  19000.03e    2343                                                                                          6/6/98    
  20000.03e    2343                                                                                          6/6/98    
  24000.03e    2345                                                                                          6/6/98    
  25000.03e    2345                                                                                          6/6/98    
  26000.03e    2345                                                                                          6/6/98    
  28000.03e    2347                                                                                          6/6/98    
  82000.03e    2373                                                                                          6/6/98    
 
 warning.  material    1 has been set to a conductor.
 
 warning.  material    3 has been set to a conductor.
 
 warning.  material    5 has been set to a conductor.





 decimal words of dynamically allocated storage

     general             649466
     tallies              26136
     bank                 46724
     cross sections       20728

     total               727598     =     2910392 bytes

     available (mdas)   4000000

 ***********************************************************************************************************************
 dump no.    1 on file runtpe       nps =         0     coll =              0     ctm =    0.00     nrn =              0


         3 warning messages so far.

 det     t         wgt        psc       amfp       ddetx     radius       erg     cell        nps  nch     p       nrn
  1 9.6004E-04 1.0000E+00 6.3197E+01 7.3988E-01 7.0705E+01 1.0000E+01 8.1042E-01     6     466709    2        35250635 

 det     t         wgt        psc       amfp       ddetx     radius       erg     cell        nps  nch     p       nrn
  1 1.0611E-03 1.0000E+00 3.6144E+01 1.5315E-01 6.8203E+01 1.0000E+01 1.3148E+00     6     500842    2        37821618 

 det     t         wgt        psc       amfp       ddetx     radius       erg     cell        nps  nch     p       nrn
  1 2.2507E-03 1.0000E+00 1.6011E+02 8.2163E-01 7.0557E+01 1.0000E+01 7.0546E-01     6     542530    2        40966970 

 det     t         wgt        psc       amfp       ddetx     radius       erg     cell        nps  nch     p       nrn
  1 2.5529E-03 1.0000E+00 3.2596E+02 1.2395E+00 7.6706E+01 1.0000E+01 5.6218E-01     6     552922    6        41737375 

 det     t         wgt        psc       amfp       ddetx     radius       erg     cell        nps  nch     p       nrn
  1 1.2557E-03 1.0000E+00 1.5966E+00 1.1100E-03 1.4217E+01 1.0000E+01 9.6123E-01     4     710115    1        53600164 

 det     t         wgt        psc       amfp       ddetx     radius       erg     cell        nps  nch     p       nrn
  1 1.2674E-03 1.0000E+00 7.4253E+01 4.0938E-01 7.8690E+01 1.0000E+01 3.4321E-01     6     807718    4        60999103 
1problem summary                                                                                                       

      run terminated when it had used    1 minutes of computer time.
+                                                                                                     02/26/19 14:34:30
      First attempt 2019-01-29 14:19:41 to create an MCNP, to create a waste drum.         probid =   02/26/19 14:33:28
0
 photon creation     tracks      weight        energy            photon loss         tracks      weight        energy
                                 (per source particle)                                           (per source particle)

 source              875136    1.0000E+00    1.2528E+00          escape              431458    4.9302E-01    3.7360E-01
                                                                 energy cutoff            0    0.            5.5478E-05
                                                                 time cutoff              0    0.            0.        
 weight window            0    0.            0.                  weight window            0    0.            0.        
 cell importance          0    0.            0.                  cell importance          0    0.            0.        
 weight cutoff            0    0.            0.                  weight cutoff            0    0.            0.        
 energy importance        0    0.            0.                  energy importance        0    0.            0.        
 dxtran                   0    0.            0.                  dxtran                   0    0.            0.        
 forced collisions        0    0.            0.                  forced collisions        0    0.            0.        
 exp. transform           0    0.            0.                  exp. transform           0    0.            0.        
 from neutrons            0    0.            0.                  compton scatter          0    0.            7.9619E-01
 bremsstrahlung      198513    2.2684E-01    7.6495E-03          capture             846976    9.6782E-01    9.9206E-02
 p-annihilation         180    2.0568E-04    1.0511E-04          pair production         90    1.0284E-04    1.3642E-04
 photonuclear             0    0.            0.                  photonuclear abs         0    0.            0.        
 electron x-rays          0    0.            0.                                                                        
 1st fluorescence    177680    2.0303E-01    8.2915E-03                                                                
 2nd fluorescence     27015    3.0869E-02    3.7713E-04                                                                
     total          1278524    1.4609E+00    1.2692E+00              total          1278524    1.4609E+00    1.2692E+00

   number of photons banked                   225618        average time of (shakes)              cutoffs
   photon tracks per source particle      1.4609E+00          escape            6.7901E-01          tco   1.0000E+34
   photon collisions per source particle  5.4238E+00          capture           1.0161E-01          eco   1.0000E-03
   total photon collisions                   4746584          capture or escape 2.9648E-01          wc1  -5.0000E-01
                                                              any termination   2.9646E-01          wc2  -2.5000E-01

 computer time so far in this run     2.04 minutes            maximum number ever in bank         7
 computer time in mcrun               1.01 minutes            bank overflows to backup file       0
 source particles per minute            8.6272E+05            dynamic storage    727602 words,    2910408 bytes.
 random numbers generated                 66080098            most random numbers used was      439 in history   443722

 range of sampled source weights = 1.0000E+00 to 1.0000E+00

 source efficiency = 1.0000  in cell     1
1photon   activity in each cell                                                                         print table 126

                 tracks     population   collisions   collisions     number        flux        average      average
        cell    entering                               * weight     weighted     weighted   track weight   track mfp
                                                    (per history)    energy       energy     (relative)      (cm)

     1     1     1098880       925381      1626712    1.8588E+00   7.3326E-01   7.3326E-01   1.0000E+00   1.4720E+01
     2     2     1052901       894304      2305619    2.6346E+00   5.7884E-01   5.7884E-01   1.0000E+00   4.7812E+00
     3     3      665475       656292       343988    3.9307E-01   6.3940E-01   6.3940E-01   1.0000E+00   1.5115E+00
     4     4      555367       534276         8307    9.4922E-03   7.5015E-01   7.5015E-01   1.0000E+00   1.1007E+04
     6     6      121295       240087       461958    5.2787E-01   9.1023E-01   9.1023E-01   1.0000E+00   1.1001E+00
     7     7         277          277            0    0.0000E+00   9.9476E-01   9.9476E-01   1.0000E+00   1.2918E+04

     total       3494195      3250617      4746584    5.4238E+00
1tally   4        nps =   875136
+                                   Flux calculated using track length in sphere 12                            
           tally type 4    track length estimate of particle flux.      units   1/cm**2   
           tally for  photons  

           volumes 
                   cell:       7                                                                                   
                         4.18879E+03
 
 cell  7                                                                                                               
                 1.02317E-06 0.0632
1analysis of the results in the tally fluctuation chart bin (tfc) for tally   4 with nps =    875136    print table 160


 normed average tally per history  = 1.02317E-06          unnormed average tally per history  = 4.28583E-03
 estimated tally relative error    = 0.0632               estimated variance of the variance  = 0.0047
 relative error from zero tallies  = 0.0601               relative error from nonzero scores  = 0.0196

 number of nonzero history tallies =         277          efficiency for the nonzero tallies  = 0.0003
 history number of largest  tally  =       67777          largest  unnormalized history tally = 1.99972E+01
 (largest  tally)/(average tally)  = 4.66588E+03          (largest  tally)/(avg nonzero tally)= 1.47685E+00

 (confidence interval shift)/mean  = 0.0021               shifted confidence interval center  = 1.02533E-06


 if the largest  history score sampled so far were to occur on the next history, the tfc bin quantities would change as follows:

      estimated quantities           value at nps           value at nps+1           value(nps+1)/value(nps)-1.

      mean                            1.02317E-06             1.02862E-06                     0.005330
      relative error                  6.31768E-02             6.30651E-02                    -0.001769
      variance of the variance        4.65566E-03             4.63999E-03                    -0.003364
      shifted center                  1.02533E-06             1.02533E-06                     0.000004
      figure of merit                 2.46990E+02             2.47866E+02                     0.003547

 there is not enough information in the largest  history scores (usually less than 500 scores) for a reliable estimate of the slope.
 the empirical history score probability density function appears to be increasing at the largest  history scores: please examine.
 the large score tail of the empirical history score probability density function appears to have no unsampled regions.


 ===================================================================================================================================

           results of 10 statistical checks for the estimated answer for the tally fluctuation chart (tfc) bin of tally   4

 tfc bin     --mean--      ---------relative error---------      ----variance of the variance----      --figure of merit--     -pdf-
 behavior    behavior      value   decrease   decrease rate      value   decrease   decrease rate       value     behavior     slope

 desired      random       <0.10      yes      1/sqrt(nps)       <0.10      yes        1/nps           constant    random      >3.00
 observed     random        0.06      yes          yes            0.00      yes         yes            constant    random       0.00
 passed?        yes          yes      yes          yes             yes      yes         yes               yes        yes          no

 ===================================================================================================================================


 warning.  the tally in the tally fluctuation chart bin did not pass  1 of the 10 statistical checks.

 fom = (histories/minute)*(f(x) signal-to-noise ratio)**2 = (8.627E+05)*( 1.692E-02)**2 = (8.627E+05)*(2.863E-04) = 2.470E+02
1unnormed tally density for tally   4            nonzero tally mean(m) = 1.354E+01   nps =    875136    print table 161

 abscissa              ordinate   log plot of tally probability density function in tally fluctuation chart bin(d=decade,slope= 0.0)
  tally  number num den log den:d---------------------------------------------d---------------------------------------------d-------
 1.58+00      1 3.51-06  -5.455 **********************************************|**********                                   |       
 2.00+00      1 2.78-06  -5.555 **********************************************|*****                                        |       
 2.51+00      0 0.00+00   0.000                                               |                                             |       
 3.16+00      1 1.76-06  -5.755 *******************************************   |                                             |       
 3.98+00      7 9.77-06  -5.010 **********************************************|*******************************              |       
 5.01+00      3 3.33-06  -5.478 **********************************************|*********                                    |       
 6.31+00      8 7.04-06  -5.152 **********************************************|************************                     |       
 7.94+00     20 1.40-05  -4.854 **********************************************|**************************************       |       
 1.00+01     15 8.33-06  -5.079 **********************************************|****************************                 |       
 1.26+01     47 2.07-05  -4.683 **********************************************|*********************************************|       
 1.58+01     68 2.38-05  -4.623 mmmmmmmmmmmmmmmmmmmmmmmmmmmmmmmmmmmmmmmmmmmmmm|mmmmmmmmmmmmmmmmmmmmmmmmmmmmmmmmmmmmmmmmmmmmm|mmm    
 2.00+01    105 2.92-05  -4.534 **********************************************|*********************************************|*******
 2.51+01      1 2.21-07  -6.655 *                                             |                                             |       
  total     277 3.17-04         d---------------------------------------------d---------------------------------------------d-------


 cumulative tally number for tally   4           nonzero tally mean(m) = 1.354E+01   nps =    875136    print table 162

   abscissa     cum   ordinate    plot of the cumulative number of tallies in the tally fluctuation chart bin from 0 to 100 percent
    tally      number  cum pct:--------10--------20--------30--------40--------50--------60--------70--------80--------90-------100
 1.58490E+00        1    0.361|         |         |         |         |         |         |         |         |         |         |
 1.99527E+00        2    0.722|*        |         |         |         |         |         |         |         |         |         |
 2.51188E+00        2    0.722|*        |         |         |         |         |         |         |         |         |         |
 3.16228E+00        3    1.083|*        |         |         |         |         |         |         |         |         |         |
 3.98108E+00       10    3.610|****     |         |         |         |         |         |         |         |         |         |
 5.01188E+00       13    4.693|*****    |         |         |         |         |         |         |         |         |         |
 6.30959E+00       21    7.581|******** |         |         |         |         |         |         |         |         |         |
 7.94328E+00       41   14.801|*********|*****    |         |         |         |         |         |         |         |         |
 1.00000E+01       56   20.217|*********|*********|         |         |         |         |         |         |         |         |
 1.25893E+01      103   37.184|*********|*********|*********|*******  |         |         |         |         |         |         |
 1.58490E+01      171   61.733|mmmmmmmmm|mmmmmmmmm|mmmmmmmmm|mmmmmmmmm|mmmmmmmmm|mmmmmmmmm|mm       |         |         |         |
 1.99527E+01      276   99.639|*********|*********|*********|*********|*********|*********|*********|*********|*********|*********|
 2.51188E+01      277  100.000|*********|*********|*********|*********|*********|*********|*********|*********|*********|*********|
    total         277  100.000:--------10--------20--------30--------40--------50--------60--------70--------80--------90-------100


 cumulative unnormed tally for tally   4         nonzero tally mean(m) = 1.354E+01   nps =    875136    print table 162

  abscissa     cum    ordinate                plot of the cumulative tally in the tally fluctuation chart bin from 0 to 100 percent
   tally    tally/nps  cum pct:--------10--------20--------30--------40--------50--------60--------70--------80--------90-------100
 1.585E+00  1.581E-06    0.037|         |         |         |         |         |         |         |         |         |         |
 1.995E+00  3.494E-06    0.082|         |         |         |         |         |         |         |         |         |         |
 2.512E+00  3.494E-06    0.082|         |         |         |         |         |         |         |         |         |         |
 3.162E+00  6.374E-06    0.149|         |         |         |         |         |         |         |         |         |         |
 3.981E+00  3.406E-05    0.795|*        |         |         |         |         |         |         |         |         |         |
 5.012E+00  4.929E-05    1.150|*        |         |         |         |         |         |         |         |         |         |
 6.310E+00  1.035E-04    2.415|**       |         |         |         |         |         |         |         |         |         |
 7.943E+00  2.680E-04    6.253|******   |         |         |         |         |         |         |         |         |         |
 1.000E+01  4.230E-04    9.869|*********|         |         |         |         |         |         |         |         |         |
 1.259E+01  1.031E-03   24.048|*********|*********|****     |         |         |         |         |         |         |         |
 1.585E+01  2.128E-03   49.656|mmmmmmmmm|mmmmmmmmm|mmmmmmmmm|mmmmmmmmm|mmmmmmmmm|         |         |         |         |         |
 1.995E+01  4.263E-03   99.467|*********|*********|*********|*********|*********|*********|*********|*********|*********|*********|
 2.512E+01  4.286E-03  100.000|*********|*********|*********|*********|*********|*********|*********|*********|*********|*********|
   total  4.28583E-03  100.000:--------10--------20--------30--------40--------50--------60--------70--------80--------90-------100
1tally   5        nps =   875136
+                                   Point detector flux                                                        
           tally type 5    particle flux at a point detector.           units   1/cm**2   
           tally for  photons  
 
 detector located at x,y,z = 1.00000E+02 0.00000E+00 0.00000E+00
                 9.59531E-07 0.0072
 
 detector located at x,y,z = 1.00000E+02 0.00000E+00 0.00000E+00
 uncollided photon flux
                 3.64677E-07 0.0030
 
 detector score diagnostics                  cumulative          tally         cumulative
                                             fraction of         per           fraction of
   times average score     transmissions     transmissions       history       total tally
        1.00000E-01          55932             0.04911        6.03913E-09        0.00629
        1.00000E+00         992036             0.92019        3.97762E-07        0.42083
        2.00000E+00          36518             0.95226        5.42739E-08        0.47739
        5.00000E+00          29588             0.97824        1.00577E-07        0.58221
        1.00000E+01          12212             0.98896        9.19862E-08        0.67808
        1.00000E+02          11685             0.99922        2.76833E-07        0.96659
        1.00000E+03             80             0.99929        2.12297E-08        0.98871
        1.00000E+38              6             0.99930        1.06815E-08        0.99985
  1st 200 histories            799             1.00000        1.48538E-10        1.00000

 average tally per history = 9.59531E-07            largest score = 2.55290E-03
 (largest score)/(average tally) = 2.66058E+03      nps of largest score =   552922

 score contributions by cell
        cell    misses      hits    tally per history    weight per hit
     1     1   1443549    968553       4.05162E-07         3.66084E-07
     2     2   2045731     93810       1.01798E-07         9.49652E-07
     3     3    242756     13475       2.21987E-08         1.44170E-06
     4     4      4185      4150       1.94014E-08         4.09129E-06
     6     6    275860     58868       4.10971E-07         6.10952E-06
       total   4012081   1138856       9.59531E-07         7.37336E-07

 score misses
   russian roulette on pd                   0
   psc=0.                               67418
   russian roulette in transmission   3246602
   underflow in transmission           698061
   hit a zero-importance cell               0
   energy cutoff                            0
1analysis of the results in the tally fluctuation chart bin (tfc) for tally   5 with nps =    875136    print table 160


 normed average tally per history  = 9.59531E-07          unnormed average tally per history  = 9.59531E-07
 estimated tally relative error    = 0.0072               estimated variance of the variance  = 0.0808
 relative error from zero tallies  = 0.0000               relative error from nonzero scores  = 0.0072

 number of nonzero history tallies =      875089          efficiency for the nonzero tallies  = 0.9999
 history number of largest  tally  =      552922          largest  unnormalized history tally = 2.93400E-03
 (largest  tally)/(average tally)  = 3.05774E+03          (largest  tally)/(avg nonzero tally)= 3.05758E+03

 (confidence interval shift)/mean  = 0.0008               shifted confidence interval center  = 9.60259E-07


 if the largest  history score sampled so far were to occur on the next history, the tfc bin quantities would change as follows:

      estimated quantities           value at nps           value at nps+1           value(nps+1)/value(nps)-1.

      mean                            9.59531E-07             9.62882E-07                     0.003493
      relative error                  7.22541E-03             7.99744E-03                     0.106849
      variance of the variance        8.07709E-02             8.89498E-02                     0.101260
      shifted center                  9.60259E-07             9.60438E-07                     0.000187
      figure of merit                 1.88829E+04             1.54132E+04                    -0.183750

 the estimated inverse power slope of the 198 largest  tallies starting at 8.33843E-05 is 2.0218
 the history score probability density function appears to have an unsampled region at the largest  history scores: please examine.


 ===================================================================================================================================

           results of 10 statistical checks for the estimated answer for the tally fluctuation chart (tfc) bin of tally   5

 tfc bin     --mean--      ---------relative error---------      ----variance of the variance----      --figure of merit--     -pdf-
 behavior    behavior      value   decrease   decrease rate      value   decrease   decrease rate       value     behavior     slope

 desired      random       <0.05      yes      1/sqrt(nps)       <0.10      yes        1/nps           constant    random      >3.00
 observed     random        0.01       no           no            0.08       no          no            decrease    random       2.02
 passed?        yes          yes       no           no             yes       no          no                no        yes          no

 ===================================================================================================================================


 warning.  the tally in the tally fluctuation chart bin did not pass  6 of the 10 statistical checks.

 fom = (histories/minute)*(f(x) signal-to-noise ratio)**2 = (8.627E+05)*( 1.479E-01)**2 = (8.627E+05)*(2.189E-02) = 1.888E+04
1unnormed tally density for tally   5            nonzero tally mean(m) = 9.596E-07   nps =    875136    print table 161

 abscissa              ordinate   log plot of tally probability density function in tally fluctuation chart bin(d=decade,slope= 2.0)
  tally  number num den log den:d---------d----------d---------d----------d----------d----------d----------d---------d----------d---
 1.00-07   1457 8.09+04   4.908 **********|**********|*********|**********|**********|**********|**********|******** |          |   
 1.26-07  25584 1.13+06   6.053 **********|**********|*********|**********|**********|**********|**********|*********|**********|   
 1.58-07  57657 2.02+06   6.306 **********|**********|*********|**********|**********|**********|**********|*********|**********|** 
 2.00-07  91012 2.53+06   6.404 **********|**********|*********|**********|**********|**********|**********|*********|**********|***
 2.51-07 105272 2.33+06   6.367 **********|**********|*********|**********|**********|**********|**********|*********|**********|***
 3.16-07 109985 1.93+06   6.286 **********|**********|*********|**********|**********|**********|**********|*********|**********|** 
 3.98-07 105201 1.47+06   6.167 **********|**********|*********|**********|**********|**********|**********|*********|**********|   
 5.01-07  98065 1.09+06   6.036 **********|**********|*********|**********|**********|**********|**********|*********|**********|   
 6.31-07  86814 7.64+05   5.883 **********|**********|*********|**********|**********|**********|**********|*********|********  |   
 7.94-07  66901 4.68+05   5.670 **********|**********|*********|**********|**********|**********|**********|*********|******    |   
 1.00-06  36394 2.02+05   5.306 mmmmmmmmmm|mmmmmmmmmm|mmmmmmmmm|mmmmmmmmmm|mmmmmmmmmm|mmmmmmmmmm|mmmmmmmmmm|mmmmmmmmm|mm        |   
 1.26-06  15217 6.72+04   4.827 **********|**********|*********|**********|**********|**********|**********|*******  |          |   
 1.58-06  11703 4.10+04   4.613 **********|**********|*********|**********|**********|**********|**********|*****    |          |   
 2.00-06  10275 2.86+04   4.457 **********|**********|*********|**********|**********|**********|**********|***      |          |   
 2.51-06   8937 1.98+04   4.296 **********|**********|*********|**********|**********|**********|**********|*        |          |   
 3.16-06   7989 1.40+04   4.147 **********|**********|*********|**********|**********|**********|**********|         |          |   
 3.98-06   6899 9.63+03   3.984 **********|**********|*********|**********|**********|**********|********* |         |          |   
 5.01-06   5879 6.52+03   3.814 **********|**********|*********|**********|**********|**********|*******   |         |          |   
 6.31-06   4766 4.20+03   3.623 **********|**********|*********|**********|**********|**********|*****     |         |          |   
 7.94-06   3966 2.77+03   3.443 **********|**********|*********|**********|**********|**********|***       |         |          |   
 1.00-05   3145 1.75+03   3.242 **********|**********|*********|**********|**********|**********|*         |         |          |   
 1.26-05   2482 1.10+03   3.040 **********|**********|*********|**********|**********|**********|          |         |          |   
 1.58-05   2043 7.16+02   2.855 **********|**********|*********|**********|**********|********  |          |         |          |   
 2.00-05   1878 5.23+02   2.718 **********|**********|*********|**********|**********|******    |          |         |          |   
 2.51-05   1501 3.32+02   2.521 **********|**********|*********|**********|**********|****      |          |         |          |   
 3.16-05   1290 2.27+02   2.355 **********|**********|*********|**********|**********|**        |          |         |          |   
 3.98-05   1036 1.45+02   2.160 **********|**********|*********|**********|**********|          |          |         |          |   
 5.01-05    750 8.31+01   1.920 **********|**********|*********|**********|********* |          |          |         |          |   
 6.31-05    477 4.20+01   1.623 **********|**********|*********|**********|*****     |          |          |         |          |   
 7.94-05    287 2.01+01   1.303 **********|**********|*********|**********|**        |          |          |         |          |   
 1.00-04    103 5.72+00   0.758 **********|**********|*********|*******   |     s    |          |          |         |          |   
 1.26-04     41 1.81+00   0.258 **********|**********|*********|**        |   s      |          |          |         |          |   
 1.58-04     22 7.71-01  -0.113 **********|**********|******** |          |  s       |          |          |         |          |   
 2.00-04     13 3.62-01  -0.441 **********|**********|****     |          |s         |          |          |         |          |   
 2.51-04     17 3.76-01  -0.425 **********|**********|****     |         s|          |          |          |         |          |   
 3.16-04      6 1.05-01  -0.977 **********|********* |         |       s  |          |          |          |         |          |   
 3.98-04      6 8.37-02  -1.077 **********|********  |         |     s    |          |          |          |         |          |   
 5.01-04      5 5.54-02  -1.256 **********|******    |         |   s      |          |          |          |         |          |   
 6.31-04      4 3.52-02  -1.453 **********|****      |         | s        |          |          |          |         |          |   
 7.94-04      4 2.80-02  -1.553 **********|***       |         s          |          |          |          |         |          |   
 1.00-03      0 0.00+00   0.000           |          |       s |          |          |          |          |         |          |   
 1.26-03      3 1.32-02  -1.878 **********|          |     s   |          |          |          |          |         |          |   
 1.58-03      1 3.51-03  -2.455 ****      |          |   s     |          |          |          |          |         |          |   
 2.00-03      0 0.00+00   0.000           |          |s        |          |          |          |          |         |          |   
 2.51-03      1 2.21-03  -2.655 **        |         s|         |          |          |          |          |         |          |   
 3.16-03      1 1.76-03  -2.755 *         |       s  |         |          |          |          |          |         |          |   
  total  875089 1.00+00         d---------d----------d---------d----------d----------d----------d----------d---------d----------d---
1tally  12        nps =   875136
           tally type 2    particle flux averaged over a surface.       units   1/cm**2   
           tally for  photons  

           areas   
                surface:     (8 9)          7           10          total                                          
                         2.58924E+03  7.72945E+03  5.02655E+05  5.12974E+05
 
 surface (8 9)                                                                                                         
                 7.17260E-05 0.0037
 
 surface  7                                                                                                            
                 9.34909E-05 0.0016
 
 surface  10                                                                                                           
                 9.88142E-07 0.0011
 
 surface union total                                                                                                   
                 2.73902E-06 0.0011
1analysis of the results in the tally fluctuation chart bin (tfc) for tally  12 with nps =    875136    print table 160


 normed average tally per history  = 7.17260E-05          unnormed average tally per history  = 1.85716E-01
 estimated tally relative error    = 0.0037               estimated variance of the variance  = 0.0003
 relative error from zero tallies  = 0.0028               relative error from nonzero scores  = 0.0024

 number of nonzero history tallies =      107979          efficiency for the nonzero tallies  = 0.1234
 history number of largest  tally  =      499861          largest  unnormalized history tally = 2.42861E+01
 (largest  tally)/(average tally)  = 1.30770E+02          (largest  tally)/(avg nonzero tally)= 1.61351E+01

 (confidence interval shift)/mean  = 0.0000               shifted confidence interval center  = 7.17277E-05


 if the largest  history score sampled so far were to occur on the next history, the tfc bin quantities would change as follows:

      estimated quantities           value at nps           value at nps+1           value(nps+1)/value(nps)-1.

      mean                            7.17260E-05             7.17366E-05                     0.000148
      relative error                  3.74850E-03             3.75087E-03                     0.000633
      variance of the variance        3.49883E-04             3.51225E-04                     0.003838
      shifted center                  7.17277E-05             7.17277E-05                     0.000000
      figure of merit                 7.01583E+04             7.00697E+04                    -0.001264

 the estimated inverse power slope of the   9 largest  tallies starting at 2.09850E+01 is 2.2010
 the empirical history score probability density function appears to be increasing at the largest  history scores: please examine.
 the large score tail of the empirical history score probability density function appears to have no unsampled regions.


 ===================================================================================================================================

           results of 10 statistical checks for the estimated answer for the tally fluctuation chart (tfc) bin of tally  12

 tfc bin     --mean--      ---------relative error---------      ----variance of the variance----      --figure of merit--     -pdf-
 behavior    behavior      value   decrease   decrease rate      value   decrease   decrease rate       value     behavior     slope

 desired      random       <0.10      yes      1/sqrt(nps)       <0.10      yes        1/nps           constant    random      >3.00
 observed     random        0.00      yes          yes            0.00      yes         yes            constant    random       2.20
 passed?        yes          yes      yes          yes             yes      yes         yes               yes        yes          no

 ===================================================================================================================================


 warning.  the tally in the tally fluctuation chart bin did not pass  1 of the 10 statistical checks.

 fom = (histories/minute)*(f(x) signal-to-noise ratio)**2 = (8.627E+05)*( 2.852E-01)**2 = (8.627E+05)*(8.132E-02) = 7.016E+04
1unnormed tally density for tally  12            nonzero tally mean(m) = 1.505E+00   nps =    875136    print table 161

 abscissa              ordinate   log plot of tally probability density function in tally fluctuation chart bin(d=decade,slope= 2.2)
  tally  number num den log den:d---------------d---------------d----------------d---------------d----------------d----------------d
 1.26+00  58155 2.57-01  -0.591 ****************|***************|****************|***************|****************|****************|
 1.58+00  25835 9.06-02  -1.043 mmmmmmmmmmmmmmmm|mmmmmmmmmmmmmmm|mmmmmmmmmmmmmmmm|mmmmmmmmmmmmmmm|mmmmmmmmmmmmmmmm|mmmmmmmmm       |
 2.00+00  11845 3.30-02  -1.482 ****************|***************|****************|***************|****************|**              |
 2.51+00   5723 1.27-02  -1.898 ****************|***************|****************|***************|************    |                |
 3.16+00   2903 5.10-03  -2.292 ****************|***************|****************|***************|******          |                |
 3.98+00   1509 2.11-03  -2.677 ****************|***************|****************|***************|                |                |
 5.01+00    836 9.27-04  -3.033 ****************|***************|****************|*********      |                |                |
 6.31+00    464 4.09-04  -3.389 ****************|***************|****************|****           |                |                |
 7.94+00    270 1.89-04  -3.724 ****************|***************|*************** |               |                |                |
 1.00+01    142 7.89-05  -4.103 ****************|***************|*********       |               |                |                |
 1.26+01      3 1.32-06  -5.878 ************    |               |                |               |                |                |
 1.58+01      2 7.01-07  -6.154 ********        |               |                |               |                |                |
 2.00+01      1 2.78-07  -6.555 *               |               |                |               |                |                |
 2.51+01    291 6.44-05  -4.191 ****************|***************|*******        s|               |                |                |
  total  107979 1.23-01         d---------------d---------------d----------------d---------------d----------------d----------------d


 cumulative tally number for tally  12           nonzero tally mean(m) = 1.505E+00   nps =    875136    print table 162

   abscissa     cum   ordinate    plot of the cumulative number of tallies in the tally fluctuation chart bin from 0 to 100 percent
    tally      number  cum pct:--------10--------20--------30--------40--------50--------60--------70--------80--------90-------100
 1.25893E+00    58155   53.858|*********|*********|*********|*********|*********|****     |         |         |         |         |
 1.58490E+00    83990   77.784|mmmmmmmmm|mmmmmmmmm|mmmmmmmmm|mmmmmmmmm|mmmmmmmmm|mmmmmmmmm|mmmmmmmmm|mmmmmmmm |         |         |
 1.99527E+00    95835   88.753|*********|*********|*********|*********|*********|*********|*********|*********|*********|         |
 2.51188E+00   101558   94.053|*********|*********|*********|*********|*********|*********|*********|*********|*********|****     |
 3.16228E+00   104461   96.742|*********|*********|*********|*********|*********|*********|*********|*********|*********|*******  |
 3.98108E+00   105970   98.139|*********|*********|*********|*********|*********|*********|*********|*********|*********|******** |
 5.01188E+00   106806   98.914|*********|*********|*********|*********|*********|*********|*********|*********|*********|*********|
 6.30959E+00   107270   99.343|*********|*********|*********|*********|*********|*********|*********|*********|*********|*********|
 7.94328E+00   107540   99.593|*********|*********|*********|*********|*********|*********|*********|*********|*********|*********|
 1.00000E+01   107682   99.725|*********|*********|*********|*********|*********|*********|*********|*********|*********|*********|
 1.25893E+01   107685   99.728|*********|*********|*********|*********|*********|*********|*********|*********|*********|*********|
 1.58490E+01   107687   99.730|*********|*********|*********|*********|*********|*********|*********|*********|*********|*********|
 1.99527E+01   107688   99.731|*********|*********|*********|*********|*********|*********|*********|*********|*********|*********|
 2.51188E+01   107979  100.000|*********|*********|*********|*********|*********|*********|*********|*********|*********|*********|
    total      107979  100.000:--------10--------20--------30--------40--------50--------60--------70--------80--------90-------100


 cumulative unnormed tally for tally  12         nonzero tally mean(m) = 1.505E+00   nps =    875136    print table 162

  abscissa     cum    ordinate                plot of the cumulative tally in the tally fluctuation chart bin from 0 to 100 percent
   tally    tally/nps  cum pct:--------10--------20--------30--------40--------50--------60--------70--------80--------90-------100
 1.259E+00  7.350E-02   39.576|*********|*********|*********|*********|         |         |         |         |         |         |
 1.585E+00  1.147E-01   61.738|mmmmmmmmm|mmmmmmmmm|mmmmmmmmm|mmmmmmmmm|mmmmmmmmm|mmmmmmmmm|mm       |         |         |         |
 1.995E+00  1.384E-01   74.549|*********|*********|*********|*********|*********|*********|*********|*****    |         |         |
 2.512E+00  1.529E-01   82.339|*********|*********|*********|*********|*********|*********|*********|*********|**       |         |
 3.162E+00  1.622E-01   87.314|*********|*********|*********|*********|*********|*********|*********|*********|*******  |         |
 3.981E+00  1.682E-01   90.570|*********|*********|*********|*********|*********|*********|*********|*********|*********|*        |
 5.012E+00  1.724E-01   92.841|*********|*********|*********|*********|*********|*********|*********|*********|*********|***      |
 6.310E+00  1.754E-01   94.429|*********|*********|*********|*********|*********|*********|*********|*********|*********|****     |
 7.943E+00  1.775E-01   95.585|*********|*********|*********|*********|*********|*********|*********|*********|*********|******   |
 1.000E+01  1.790E-01   96.361|*********|*********|*********|*********|*********|*********|*********|*********|*********|******   |
 1.259E+01  1.790E-01   96.381|*********|*********|*********|*********|*********|*********|*********|*********|*********|******   |
 1.585E+01  1.790E-01   96.399|*********|*********|*********|*********|*********|*********|*********|*********|*********|******   |
 1.995E+01  1.790E-01   96.409|*********|*********|*********|*********|*********|*********|*********|*********|*********|******   |
 2.512E+01  1.857E-01  100.000|*********|*********|*********|*********|*********|*********|*********|*********|*********|*********|
   total  1.85716E-01  100.000:--------10--------20--------30--------40--------50--------60--------70--------80--------90-------100
1tally  22        nps =   875136
           tally type 2    particle flux averaged over a surface.       units   1/cm**2   
           tally for  photons  

           areas   
                surface:     (8 9)          7           10          total                                          
                         2.58924E+03  7.72945E+03  5.02655E+05  5.12974E+05
 
 surface (8 9)                                                                                                         
                 7.17260E-05 0.0037
 
 surface  7                                                                                                            
                 9.34909E-05 0.0016
 
 surface  10                                                                                                           
                 9.88142E-07 0.0011
 
 surface union total                                                                                                   
                 2.73902E-06 0.0011
1analysis of the results in the tally fluctuation chart bin (tfc) for tally  22 with nps =    875136    print table 160


 normed average tally per history  = 7.17260E-05          unnormed average tally per history  = 1.85716E-01
 estimated tally relative error    = 0.0037               estimated variance of the variance  = 0.0003
 relative error from zero tallies  = 0.0028               relative error from nonzero scores  = 0.0024

 number of nonzero history tallies =      107979          efficiency for the nonzero tallies  = 0.1234
 history number of largest  tally  =      499861          largest  unnormalized history tally = 2.42861E+01
 (largest  tally)/(average tally)  = 1.30770E+02          (largest  tally)/(avg nonzero tally)= 1.61351E+01

 (confidence interval shift)/mean  = 0.0000               shifted confidence interval center  = 7.17277E-05


 if the largest  history score sampled so far were to occur on the next history, the tfc bin quantities would change as follows:

      estimated quantities           value at nps           value at nps+1           value(nps+1)/value(nps)-1.

      mean                            7.17260E-05             7.17366E-05                     0.000148
      relative error                  3.74850E-03             3.75087E-03                     0.000633
      variance of the variance        3.49883E-04             3.51225E-04                     0.003838
      shifted center                  7.17277E-05             7.17277E-05                     0.000000
      figure of merit                 7.01583E+04             7.00697E+04                    -0.001264

 the estimated inverse power slope of the   9 largest  tallies starting at 2.09850E+01 is 2.2010
 the empirical history score probability density function appears to be increasing at the largest  history scores: please examine.
 the large score tail of the empirical history score probability density function appears to have no unsampled regions.


 ===================================================================================================================================

           results of 10 statistical checks for the estimated answer for the tally fluctuation chart (tfc) bin of tally  22

 tfc bin     --mean--      ---------relative error---------      ----variance of the variance----      --figure of merit--     -pdf-
 behavior    behavior      value   decrease   decrease rate      value   decrease   decrease rate       value     behavior     slope

 desired      random       <0.10      yes      1/sqrt(nps)       <0.10      yes        1/nps           constant    random      >3.00
 observed     random        0.00      yes          yes            0.00      yes         yes            constant    random       2.20
 passed?        yes          yes      yes          yes             yes      yes         yes               yes        yes          no

 ===================================================================================================================================


 warning.  the tally in the tally fluctuation chart bin did not pass  1 of the 10 statistical checks.

 fom = (histories/minute)*(f(x) signal-to-noise ratio)**2 = (8.627E+05)*( 2.852E-01)**2 = (8.627E+05)*(8.132E-02) = 7.016E+04
1unnormed tally density for tally  22            nonzero tally mean(m) = 1.505E+00   nps =    875136    print table 161

 abscissa              ordinate   log plot of tally probability density function in tally fluctuation chart bin(d=decade,slope= 2.2)
  tally  number num den log den:d---------------d---------------d----------------d---------------d----------------d----------------d
 1.26+00  58155 2.57-01  -0.591 ****************|***************|****************|***************|****************|****************|
 1.58+00  25835 9.06-02  -1.043 mmmmmmmmmmmmmmmm|mmmmmmmmmmmmmmm|mmmmmmmmmmmmmmmm|mmmmmmmmmmmmmmm|mmmmmmmmmmmmmmmm|mmmmmmmmm       |
 2.00+00  11845 3.30-02  -1.482 ****************|***************|****************|***************|****************|**              |
 2.51+00   5723 1.27-02  -1.898 ****************|***************|****************|***************|************    |                |
 3.16+00   2903 5.10-03  -2.292 ****************|***************|****************|***************|******          |                |
 3.98+00   1509 2.11-03  -2.677 ****************|***************|****************|***************|                |                |
 5.01+00    836 9.27-04  -3.033 ****************|***************|****************|*********      |                |                |
 6.31+00    464 4.09-04  -3.389 ****************|***************|****************|****           |                |                |
 7.94+00    270 1.89-04  -3.724 ****************|***************|*************** |               |                |                |
 1.00+01    142 7.89-05  -4.103 ****************|***************|*********       |               |                |                |
 1.26+01      3 1.32-06  -5.878 ************    |               |                |               |                |                |
 1.58+01      2 7.01-07  -6.154 ********        |               |                |               |                |                |
 2.00+01      1 2.78-07  -6.555 *               |               |                |               |                |                |
 2.51+01    291 6.44-05  -4.191 ****************|***************|*******        s|               |                |                |
  total  107979 1.23-01         d---------------d---------------d----------------d---------------d----------------d----------------d


 cumulative tally number for tally  22           nonzero tally mean(m) = 1.505E+00   nps =    875136    print table 162

   abscissa     cum   ordinate    plot of the cumulative number of tallies in the tally fluctuation chart bin from 0 to 100 percent
    tally      number  cum pct:--------10--------20--------30--------40--------50--------60--------70--------80--------90-------100
 1.25893E+00    58155   53.858|*********|*********|*********|*********|*********|****     |         |         |         |         |
 1.58490E+00    83990   77.784|mmmmmmmmm|mmmmmmmmm|mmmmmmmmm|mmmmmmmmm|mmmmmmmmm|mmmmmmmmm|mmmmmmmmm|mmmmmmmm |         |         |
 1.99527E+00    95835   88.753|*********|*********|*********|*********|*********|*********|*********|*********|*********|         |
 2.51188E+00   101558   94.053|*********|*********|*********|*********|*********|*********|*********|*********|*********|****     |
 3.16228E+00   104461   96.742|*********|*********|*********|*********|*********|*********|*********|*********|*********|*******  |
 3.98108E+00   105970   98.139|*********|*********|*********|*********|*********|*********|*********|*********|*********|******** |
 5.01188E+00   106806   98.914|*********|*********|*********|*********|*********|*********|*********|*********|*********|*********|
 6.30959E+00   107270   99.343|*********|*********|*********|*********|*********|*********|*********|*********|*********|*********|
 7.94328E+00   107540   99.593|*********|*********|*********|*********|*********|*********|*********|*********|*********|*********|
 1.00000E+01   107682   99.725|*********|*********|*********|*********|*********|*********|*********|*********|*********|*********|
 1.25893E+01   107685   99.728|*********|*********|*********|*********|*********|*********|*********|*********|*********|*********|
 1.58490E+01   107687   99.730|*********|*********|*********|*********|*********|*********|*********|*********|*********|*********|
 1.99527E+01   107688   99.731|*********|*********|*********|*********|*********|*********|*********|*********|*********|*********|
 2.51188E+01   107979  100.000|*********|*********|*********|*********|*********|*********|*********|*********|*********|*********|
    total      107979  100.000:--------10--------20--------30--------40--------50--------60--------70--------80--------90-------100


 cumulative unnormed tally for tally  22         nonzero tally mean(m) = 1.505E+00   nps =    875136    print table 162

  abscissa     cum    ordinate                plot of the cumulative tally in the tally fluctuation chart bin from 0 to 100 percent
   tally    tally/nps  cum pct:--------10--------20--------30--------40--------50--------60--------70--------80--------90-------100
 1.259E+00  7.350E-02   39.576|*********|*********|*********|*********|         |         |         |         |         |         |
 1.585E+00  1.147E-01   61.738|mmmmmmmmm|mmmmmmmmm|mmmmmmmmm|mmmmmmmmm|mmmmmmmmm|mmmmmmmmm|mm       |         |         |         |
 1.995E+00  1.384E-01   74.549|*********|*********|*********|*********|*********|*********|*********|*****    |         |         |
 2.512E+00  1.529E-01   82.339|*********|*********|*********|*********|*********|*********|*********|*********|**       |         |
 3.162E+00  1.622E-01   87.314|*********|*********|*********|*********|*********|*********|*********|*********|*******  |         |
 3.981E+00  1.682E-01   90.570|*********|*********|*********|*********|*********|*********|*********|*********|*********|*        |
 5.012E+00  1.724E-01   92.841|*********|*********|*********|*********|*********|*********|*********|*********|*********|***      |
 6.310E+00  1.754E-01   94.429|*********|*********|*********|*********|*********|*********|*********|*********|*********|****     |
 7.943E+00  1.775E-01   95.585|*********|*********|*********|*********|*********|*********|*********|*********|*********|******   |
 1.000E+01  1.790E-01   96.361|*********|*********|*********|*********|*********|*********|*********|*********|*********|******   |
 1.259E+01  1.790E-01   96.381|*********|*********|*********|*********|*********|*********|*********|*********|*********|******   |
 1.585E+01  1.790E-01   96.399|*********|*********|*********|*********|*********|*********|*********|*********|*********|******   |
 1.995E+01  1.790E-01   96.409|*********|*********|*********|*********|*********|*********|*********|*********|*********|******   |
 2.512E+01  1.857E-01  100.000|*********|*********|*********|*********|*********|*********|*********|*********|*********|*********|
   total  1.85716E-01  100.000:--------10--------20--------30--------40--------50--------60--------70--------80--------90-------100
1status of the statistical checks used to form confidence intervals for the mean for each tally bin


 tally   result of statistical checks for the tfc bin (the first check not passed is listed) and error magnitude check for all bins

     4   missed  1 of 10 tfc bin checks: there is insufficient tfc bin tally information to estimate the large tally slope reliably
         passed all bin error check:     1 tally bins all have relative errors less than 0.10 with no zero bins

     5   missed  6 of 10 tfc bin checks: the relative error does not monotonically decrease over the last half of the problem      
         passed all bin error check:     2 tally bins all have relative errors less than 0.05 with no zero bins

    12   missed  1 of 10 tfc bin checks: the slope of decrease of largest tallies is less than the minimum acceptable value of 3.0 
         passed all bin error check:     4 tally bins all have relative errors less than 0.10 with no zero bins

    22   missed  1 of 10 tfc bin checks: the slope of decrease of largest tallies is less than the minimum acceptable value of 3.0 
         passed all bin error check:     4 tally bins all have relative errors less than 0.10 with no zero bins


 the 10 statistical checks are only for the tally fluctuation chart bin and do not apply to other tally bins.

 warning.     4 of the   4 tally fluctuation chart bins did not pass all 10 statistical checks.
1tally fluctuation charts                         

                       tally    4                                tally    5                                tally   12
       nps      mean     error   vov  slope    fom      mean     error   vov  slope    fom      mean     error   vov  slope    fom
     64000   1.2848E-06 0.2167 0.0501  0.0     286   9.4036E-07 0.0158 0.0055 10.0   53631   7.1602E-05 0.0136 0.0045  2.4   73173
    128000   1.2294E-06 0.1548 0.0273  0.0     284   9.4959E-07 0.0129 0.0469  5.1   41058   7.2538E-05 0.0098 0.0023  2.4   70938
    192000   1.0658E-06 0.1352 0.0209  0.0     247   9.4319E-07 0.0106 0.0298  3.3   40182   7.2034E-05 0.0080 0.0016  2.5   70546
    256000   1.0508E-06 0.1174 0.0157  0.0     247   9.3900E-07 0.0089 0.0199  3.1   43107   7.1991E-05 0.0069 0.0012 10.0   71233
    320000   9.8855E-07 0.1076 0.0132  0.0     234   9.3971E-07 0.0078 0.0140  2.9   44353   7.1854E-05 0.0062 0.0009 10.0   71015
    384000   1.0119E-06 0.0964 0.0108  0.0     244   9.4131E-07 0.0074 0.0149  2.5   41581   7.1608E-05 0.0056 0.0008 10.0   72181
    448000   1.0143E-06 0.0893 0.0092  0.0     241   9.3987E-07 0.0067 0.0120  2.6   42733   7.1582E-05 0.0052 0.0007 10.0   70842
    512000   1.0504E-06 0.0819 0.0078  0.0     251   9.4514E-07 0.0070 0.0244  2.3   34827   7.1780E-05 0.0049 0.0006 10.0   70450
    576000   1.0693E-06 0.0766 0.0068  0.0     254   9.5726E-07 0.0094 0.1438  1.9   16896   7.1840E-05 0.0046 0.0005 10.0   70155
    640000   1.0641E-06 0.0727 0.0061  0.0     254   9.5456E-07 0.0086 0.1331  2.0   17996   7.1872E-05 0.0044 0.0005  2.2   70216
    704000   1.0592E-06 0.0694 0.0056  0.0     254   9.5431E-07 0.0081 0.1189  2.0   18691   7.1814E-05 0.0042 0.0004  2.2   70312
    768000   1.0476E-06 0.0667 0.0052  0.0     253   9.5651E-07 0.0078 0.1007  2.0   18625   7.1823E-05 0.0040 0.0004  2.2   69778
    832000   1.0284E-06 0.0647 0.0049  0.0     248   9.5941E-07 0.0075 0.0856  2.0   18491   7.1809E-05 0.0038 0.0004  2.2   70018
    875136   1.0232E-06 0.0632 0.0047  0.0     247   9.5953E-07 0.0072 0.0808  2.0   18883   7.1726E-05 0.0037 0.0003  2.2   70158
 

                       tally   22
       nps      mean     error   vov  slope    fom
     64000   7.1602E-05 0.0136 0.0045  2.4   73173
    128000   7.2538E-05 0.0098 0.0023  2.4   70938
    192000   7.2034E-05 0.0080 0.0016  2.5   70546
    256000   7.1991E-05 0.0069 0.0012 10.0   71233
    320000   7.1854E-05 0.0062 0.0009 10.0   71015
    384000   7.1608E-05 0.0056 0.0008 10.0   72181
    448000   7.1582E-05 0.0052 0.0007 10.0   70842
    512000   7.1780E-05 0.0049 0.0006 10.0   70450
    576000   7.1840E-05 0.0046 0.0005 10.0   70155
    640000   7.1872E-05 0.0044 0.0005  2.2   70216
    704000   7.1814E-05 0.0042 0.0004  2.2   70312
    768000   7.1823E-05 0.0040 0.0004  2.2   69778
    832000   7.1809E-05 0.0038 0.0004  2.2   70018
    875136   7.1726E-05 0.0037 0.0003  2.2   70158

 ***********************************************************************************************************************
 dump no.    2 on file runtpe       nps =    875136     coll =        4746584     ctm =    1.01     nrn =       66080098


         8 warning messages so far.


 run terminated when it had used    1 minutes of computer time.

 computer time =    1.03 minutes

 mcnp     version 4c2   01/20/01                      02/26/19 14:34:30                    probid =   02/26/19 14:33:28
