1mcnp     version 4c2   ld=01/20/01                      01/15/19 14:31:07
 *************************************************************************                 probid =   01/15/19 14:31:07
 inp=ex1.ip outp=out.out                                                         

    1-       MESSAGE:                                                                        
    2-                                                                                       
    3-       An example geometry for MCNP - An array of various objects                      
    4-       C                                                                               
    5-       C This is a comment $ and this is an in-line comment                            
    6-       C                                                                               
    7-       C This file describes a simple geometry only description for MCNP exercises at t
    8-       C Written by T W Leadbeater, 2013                                               
    9-       C                                                                               
   10-       C A number of surface boundary conditions are described in the SURFACE CARDS blo
   11-       C These describe simple boundary layers for the geometry to be investigated     
   12-       C                                                                               
   13-       C Volumes are defined by the relation between different surfaces in the CELL CAR
   14-       C Cells are defined in relation to surfaces and are given material properties fr
   15-       C The cells define the physical system, and provide an entry point for the mater
   16-       C                                                                               
   17-       C Materials are defined in the MATERIAL CARDS block of code                     
   18-       C they follow the ZZAAA.id format described in the lab manual and reference docu
   19-       C ZZ shows the proton number of the material                                    
   20-       C AAA gives the mass number (isotope), if this is left as 000 this defines a nat
   21-       C .id tells the code which cross section library to use                         
   22-       C                                                                               
   23-       C                                                                               
   24-       C                                                                               
   25-       C    CELL CARDS                                                                 
   26-       C    cell card format is [id number] [material number] [material density] [surfa
   27-       C                                                                               
   28-       1    2 -11.4 -1                  $ sphere                                       
   29-       2    3  -2.0 2 -3 4 -5 6 -7      $ cuboid                                       
   30-       3    2 -11.4 -8 9 -10            $ cylinder                                     
   31-       4    4 -7.87 -11                 $ torus                                        
   32-       5    5 -8.65 -12 13              $ cone                                         
   33-       6    6 -1.325 -14                                                               
   34-       C                                                                               
   35-       98   1 -0.00012 #1 #2 #3 #4 #5 #6 -99  $ universe cell inside surface 99, filled
   36-       99   0           99             $ void cell (material 0) outside surface 99     
   37-       C                                                                               
   38-       C                                                                               
   39-       C                                                                               
   40-       C                                                                               
   41-       C blank line delimiter                                                          
   42-                                                                                       
   43-       C                                                                               
   44-       C    SURFACE CARDS                                                              
   45-       C    surface card format is [id number] [surface type] [surface parameter(s)]   
   46-       C                                                                               
   47-       C for the sphere:                                                               
   48-       1     SZ   -75 10.0                                                             
   49-       C                                                                               
   50-       C for the cuboid:                                                               
   51-       2     PX   -10.0                                                                
   52-       3     PX   10.0                                                                 
   53-       4     PY   -10.0                                                                
   54-       5     PY   10.0                                                                 
   55-       6     PZ   -30.0                                                                
   56-       7     PZ   -10.0                                                                
   57-       C                                                                               
   58-       C for the cylinder:                                                             
   59-       8     C/Y   0.0 70.0 15.0                                                       
   60-       9     PY   -15.0                                                                
   61-       10    PY    15.0                                                                
   62-       C                                                                               
   63-       C for the torus                                                                 
   64-       11    TZ   0 0 0 50.0 50.0 25.0                                                 
   65-       C                                                                               
   66-       C for the cone                                                                  
   67-       12    KZ   20 1 -1                                                              
   68-       13    PZ   10                                                                   
   69-       C                                                                               
   70-       C for the easter egg                                                            
   71-       14    SQ 20 10 10 0 0 0 -500 10 10 30                                           
   72-       C                                                                               
   73-       C for the void                                                                  
   74-       99    SO   100.0                $ sphere centred on origin, radius = 100.0 cm   
   75-       C                                                                               
   76-       C                                                                               
   77-       C                                                                               
   78-       C                                                                               
   79-       C blank line delimiter                                                          
   80-                                                                                       
   81-       C                                                                               
   82-       C    CELL IMPORTANCE MAP                                                        
   83-       C    defines the importance of each cell in the order it appears in the file    
   84-       C                                                                               
   85-       IMP:P 1 1 1 1 1 1 1 0                                                           
   86-       C                                                                               
   87-       C                                                                               
   88-       C                                                                               
   89-       C    MATERIAL CARDS                                                             
   90-       C    material card format is M[id number] [ZZ][AAA][.id] [concentration]        
   91-       C                                                                               
   92-       M1   7014 0.80 8016 0.20       $ air, 80% nitrogen, 20% oxygen by mass          
   93-       M2   82000 1.0                 $ natural lead                                   
   94-       M3   6000 1.0                  $ carbon                                         
   95-       M4   26000 1.0                 $ iron                                           
   96-       M5   48000 1.0                 $ cadmium                                        
   97-       M6   6000 7 1000 8 7014 4 8016 2 $ chocolate                                    
   98-       C                                                                               
   99-       C                                                                               
  100-       C                                                                               
  101-       C                                                                               
  102-       C    *** Here we define the problem physics ***                                 
  103-       C                                                                               
  104-       C                                                                               
  105-       C    MODE CARD                                                                  
  106-       MODE P                         $ sets simulation to run photons only            
  107-       C                                                                               
  108-       C    SOURCE DEFINITION                                                          
  109-       SDEF POS=0.0 0.0 0.0 ERG=1.0   $ 1MeV photon source centred on origin           
  110-       C                                                                               
  111-       C    NUMBER OF PARTICLE HISTORIES TO RUN                                        
  112-       NPS  40000                                                                      
 
 warning.  there are no tallies in this problem.
 
 warning.    1 materials had unnormalized fractions. print table 40.
1cells                                                                                                  print table 60

                      atom        gram                                     photon                                      
        cell  mat    density     density     volume       mass     pieces importance                                   

     1     1    2  3.31302E-02 1.14000E+01 4.18879E+03 4.77522E+04     1  1.0000E+00                                   
     2     2    3  1.00275E-01 2.00000E+00 8.00000E+03 1.60000E+04     0  1.0000E+00                                   
     3     3    2  3.31302E-02 1.14000E+01 2.12058E+04 2.41746E+05     1  1.0000E+00                                   
     4     4    4  8.48633E-02 7.87000E+00 1.23370E+06 9.70922E+06     1  1.0000E+00                                   
     5     5    5  4.63393E-02 8.65000E+00 1.04720E+03 9.05826E+03     1  1.0000E+00                                   
     6     6    6  9.30168E-02 1.32500E+00 1.04720E+03 1.38754E+03     1  1.0000E+00                                   
     7    98    1  5.01787E-06 1.20000E-04 0.00000E+00 0.00000E+00     0  1.0000E+00                                   
     8    99    0  0.00000E+00 0.00000E+00 0.00000E+00 0.00000E+00     0  0.0000E+00                                   

 total                                     1.26919E+06 1.00252E+07


 random number control    0.727343232450560E+14

    minimum source weight = 1.0000E+00    maximum source weight = 1.0000E+00

         2 warning messages so far.
1cross-section tables                                                                                   print table 100

     table    length

                        tables from file mcplib02                                                        

   1000.02p     623                                                                                            01/15/93
   6000.02p     623                                                                                            01/15/93
   7000.02p     623                                                                                            01/15/93
   8000.02p     623                                                                                            01/15/93
  26000.02p     651                                                                                            01/15/93
  48000.02p     695                                                                                            01/15/93
  82000.02p     755                                                                                            01/15/93

  total        4593

 maximum photon energy set to  100.0 mev (maximum electron energy)

                        tables from file el03                                                            

   1000.03e    2329                                                                                          6/6/98    
   6000.03e    2333                                                                                          6/6/98    
   7000.03e    2333                                                                                          6/6/98    
   8000.03e    2333                                                                                          6/6/98    
  26000.03e    2345                                                                                          6/6/98    
  48000.03e    2357                                                                                          6/6/98    
  82000.03e    2373                                                                                          6/6/98    
 
 warning.  material    2 has been set to a conductor.
 
 warning.  material    3 has been set to a conductor.
 
 warning.  material    4 has been set to a conductor.
 
 warning.  material    5 has been set to a conductor.





 decimal words of dynamically allocated storage

     general             778198
     tallies                  0
     bank                 46724
     cross sections        9186

     total               834108     =     3336432 bytes

     available (mdas)   4000000

 ***********************************************************************************************************************
 dump no.    1 on file runtpe       nps =         0     coll =              0     ctm =    0.00     nrn =              0


         6 warning messages so far.
1problem summary                                                                                                       

      run terminated when     40000 particle histories were done.
+                                                                                                     01/15/19 14:31:09
      An example geometry for MCNP - An array of various objects                           probid =   01/15/19 14:31:07
0
 photon creation     tracks      weight        energy            photon loss         tracks      weight        energy
                                 (per source particle)                                           (per source particle)

 source               40000    1.0000E+00    1.0000E+00          escape                6087    1.5218E-01    9.4724E-02
                                                                 energy cutoff            0    0.            8.1809E-05
                                                                 time cutoff              0    0.            0.        
 weight window            0    0.            0.                  weight window            0    0.            0.        
 cell importance          0    0.            0.                  cell importance          0    0.            0.        
 weight cutoff            0    0.            0.                  weight cutoff            0    0.            0.        
 energy importance        0    0.            0.                  energy importance        0    0.            0.        
 dxtran                   0    0.            0.                  dxtran                   0    0.            0.        
 forced collisions        0    0.            0.                  forced collisions        0    0.            0.        
 exp. transform           0    0.            0.                  exp. transform           0    0.            0.        
 from neutrons            0    0.            0.                  compton scatter          0    0.            7.6341E-01
 bremsstrahlung       12575    3.1438E-01    8.3415E-03          capture              60010    1.5003E+00    1.5397E-01
 p-annihilation           0    0.            0.                  pair production          0    0.            0.        
 photonuclear             0    0.            0.                  photonuclear abs         0    0.            0.        
 electron x-rays          0    0.            0.                                                                        
 1st fluorescence     13180    3.2950E-01    3.7891E-03                                                                
 2nd fluorescence       342    8.5500E-03    5.3411E-05                                                                
     total            66097    1.6524E+00    1.0122E+00              total            66097    1.6524E+00    1.0122E+00

   number of photons banked                    12917        average time of (shakes)              cutoffs
   photon tracks per source particle      1.6524E+00          escape            3.8582E-01          tco   1.0000E+34
   photon collisions per source particle  5.9444E+00          capture           1.0057E-01          eco   1.0000E-03
   total photon collisions                    237775          capture or escape 1.2684E-01          wc1  -5.0000E-01
                                                              any termination   1.2684E-01          wc2  -2.5000E-01

 computer time so far in this run     0.03 minutes            maximum number ever in bank         4
 computer time in mcrun               0.01 minutes            bank overflows to backup file       0
 source particles per minute            2.4000E+06            dynamic storage    834112 words,    3336448 bytes.
 random numbers generated                  2598189            most random numbers used was      328 in history    15805

 range of sampled source weights = 1.0000E+00 to 1.0000E+00
1photon   activity in each cell                                                                         print table 126

                 tracks     population   collisions   collisions     number        flux        average      average
        cell    entering                               * weight     weighted     weighted   track weight   track mfp
                                                    (per history)    energy       energy     (relative)      (cm)

     1     1         111          190          383    9.5750E-03   6.7736E-01   6.7736E-01   1.0000E+00   8.0320E-01
     2     2        7463         7539        19532    4.8830E-01   5.2947E-01   5.2947E-01   1.0000E+00   5.5504E+00
     3     3         340          601         1166    2.9150E-02   6.1793E-01   6.1793E-01   1.0000E+00   7.1870E-01
     4     4       36630        43108       199561    4.9890E+00   5.7847E-01   5.7847E-01   1.0000E+00   1.4916E+00
     5     5        6261         8663        16833    4.2083E-01   7.9035E-01   7.9035E-01   1.0000E+00   1.6354E+00
     6     6         219          221          273    6.8250E-03   4.3083E-01   4.3083E-01   1.0000E+00   7.4179E+00
     7    98       57112        40084           27    6.7500E-04   7.7357E-01   7.7357E-01   1.0000E+00   1.1298E+05

     total        108136       100406       237775    5.9444E+00

 ***********************************************************************************************************************
 dump no.    2 on file runtpe       nps =     40000     coll =         237775     ctm =    0.01     nrn =        2598189


         6 warning messages so far.


 run terminated when     40000 particle histories were done.

 computer time =    0.02 minutes

 mcnp     version 4c2   01/20/01                      01/15/19 14:31:09                    probid =   01/15/19 14:31:07
